<?xml version="1.0" encoding="UTF-8"?>
<testsuite xmlns:xsi="http://www.w3.org/2001/XMLSchema-instance" xsi:noNamespaceSchemaLocation="https://maven.apache.org/surefire/maven-surefire-plugin/xsd/surefire-test-report.xsd" name="net.mooctest.AStar_sub_10_0_Test" time="1.853" tests="138" errors="9" skipped="0" failures="2">
  <properties>
    <property name="awt.toolkit" value="sun.awt.X11.XToolkit"/>
    <property name="file.encoding.pkg" value="sun.io"/>
    <property name="java.specification.version" value="1.8"/>
    <property name="sun.cpu.isalist" value=""/>
    <property name="sun.jnu.encoding" value="ANSI_X3.4-1968"/>
    <property name="java.class.path" value="/data02/LCD/CTCA/coverage_test/test_main/AStar/test_operational/target/test-classes:/data02/LCD/CTCA/coverage_test/test_main/AStar/test_operational/target/classes:/data02/LCD/.m2/repository/junit/junit/4.12/junit-4.12.jar:/data02/LCD/.m2/repository/org/hamcrest/hamcrest-core/1.3/hamcrest-core-1.3.jar:/data02/LCD/.m2/repository/org/slf4j/slf4j-simple/1.7.25/slf4j-simple-1.7.25.jar:/data02/LCD/.m2/repository/org/slf4j/slf4j-api/1.7.25/slf4j-api-1.7.25.jar:/data02/LCD/.m2/repository/org/evosuite/evosuite-master/1.0.6/evosuite-master-1.0.6.jar:/data02/LCD/.m2/repository/org/jacoco/jacoco-maven-plugin/0.8.7/jacoco-maven-plugin-0.8.7.jar:/data02/LCD/.m2/repository/org/apache/maven/maven-plugin-api/3.0/maven-plugin-api-3.0.jar:/data02/LCD/.m2/repository/org/apache/maven/maven-model/3.0/maven-model-3.0.jar:/data02/LCD/.m2/repository/org/apache/maven/maven-artifact/3.0/maven-artifact-3.0.jar:/data02/LCD/.m2/repository/org/sonatype/sisu/sisu-inject-plexus/1.4.2/sisu-inject-plexus-1.4.2.jar:/data02/LCD/.m2/repository/org/sonatype/sisu/sisu-inject-bean/1.4.2/sisu-inject-bean-1.4.2.jar:/data02/LCD/.m2/repository/org/sonatype/sisu/sisu-guice/2.1.7/sisu-guice-2.1.7-noaop.jar:/data02/LCD/.m2/repository/org/apache/maven/maven-core/3.0/maven-core-3.0.jar:/data02/LCD/.m2/repository/org/apache/maven/maven-settings/3.0/maven-settings-3.0.jar:/data02/LCD/.m2/repository/org/apache/maven/maven-settings-builder/3.0/maven-settings-builder-3.0.jar:/data02/LCD/.m2/repository/org/apache/maven/maven-repository-metadata/3.0/maven-repository-metadata-3.0.jar:/data02/LCD/.m2/repository/org/apache/maven/maven-model-builder/3.0/maven-model-builder-3.0.jar:/data02/LCD/.m2/repository/org/apache/maven/maven-aether-provider/3.0/maven-aether-provider-3.0.jar:/data02/LCD/.m2/repository/org/sonatype/aether/aether-impl/1.7/aether-impl-1.7.jar:/data02/LCD/.m2/repository/org/sonatype/aether/aether-spi/1.7/aether-spi-1.7.jar:/data02/LCD/.m2/repository/org/sonatype/aether/aether-api/1.7/aether-api-1.7.jar:/data02/LCD/.m2/repository/org/sonatype/aether/aether-util/1.7/aether-util-1.7.jar:/data02/LCD/.m2/repository/org/codehaus/plexus/plexus-interpolation/1.14/plexus-interpolation-1.14.jar:/data02/LCD/.m2/repository/org/codehaus/plexus/plexus-classworlds/2.2.3/plexus-classworlds-2.2.3.jar:/data02/LCD/.m2/repository/org/codehaus/plexus/plexus-component-annotations/1.5.5/plexus-component-annotations-1.5.5.jar:/data02/LCD/.m2/repository/org/sonatype/plexus/plexus-sec-dispatcher/1.3/plexus-sec-dispatcher-1.3.jar:/data02/LCD/.m2/repository/org/sonatype/plexus/plexus-cipher/1.4/plexus-cipher-1.4.jar:/data02/LCD/.m2/repository/org/codehaus/plexus/plexus-utils/3.0.22/plexus-utils-3.0.22.jar:/data02/LCD/.m2/repository/org/apache/maven/shared/file-management/1.2.1/file-management-1.2.1.jar:/data02/LCD/.m2/repository/org/apache/maven/shared/maven-shared-io/1.1/maven-shared-io-1.1.jar:/data02/LCD/.m2/repository/org/apache/maven/maven-artifact-manager/2.0.2/maven-artifact-manager-2.0.2.jar:/data02/LCD/.m2/repository/org/apache/maven/wagon/wagon-provider-api/1.0-alpha-6/wagon-provider-api-1.0-alpha-6.jar:/data02/LCD/.m2/repository/org/codehaus/plexus/plexus-container-default/1.0-alpha-9/plexus-container-default-1.0-alpha-9.jar:/data02/LCD/.m2/repository/classworlds/classworlds/1.1-alpha-2/classworlds-1.1-alpha-2.jar:/data02/LCD/.m2/repository/org/apache/maven/reporting/maven-reporting-api/3.0/maven-reporting-api-3.0.jar:/data02/LCD/.m2/repository/org/apache/maven/doxia/doxia-sink-api/1.0/doxia-sink-api-1.0.jar:/data02/LCD/.m2/repository/org/jacoco/org.jacoco.agent/0.8.7/org.jacoco.agent-0.8.7-runtime.jar:/data02/LCD/.m2/repository/org/jacoco/org.jacoco.core/0.8.7/org.jacoco.core-0.8.7.jar:/data02/LCD/.m2/repository/org/ow2/asm/asm/9.1/asm-9.1.jar:/data02/LCD/.m2/repository/org/ow2/asm/asm-commons/9.1/asm-commons-9.1.jar:/data02/LCD/.m2/repository/org/ow2/asm/asm-analysis/9.1/asm-analysis-9.1.jar:/data02/LCD/.m2/repository/org/ow2/asm/asm-tree/9.1/asm-tree-9.1.jar:/data02/LCD/.m2/repository/org/jacoco/org.jacoco.report/0.8.7/org.jacoco.report-0.8.7.jar:"/>
    <property name="java.vm.vendor" value="Oracle Corporation"/>
    <property name="sun.arch.data.model" value="64"/>
    <property name="java.vendor.url" value="http://java.oracle.com/"/>
    <property name="user.timezone" value=""/>
    <property name="java.vm.specification.version" value="1.8"/>
    <property name="os.name" value="Linux"/>
    <property name="user.country" value="US"/>
    <property name="sun.java.launcher" value="SUN_STANDARD"/>
    <property name="sun.boot.library.path" value="/data02/LCD/CTCA/environment/Java8/jre/lib/amd64"/>
    <property name="sun.java.command" value="/data02/LCD/CTCA/coverage_test/test_main/AStar/test_operational/target/surefire/surefirebooter6859500541730646640.jar /data02/LCD/CTCA/coverage_test/test_main/AStar/test_operational/target/surefire 2024-10-16T18-20-21_143-jvmRun1 surefire1274865812703523547tmp surefire_05745045315834001300tmp"/>
    <property name="surefire.test.class.path" value="/data02/LCD/CTCA/coverage_test/test_main/AStar/test_operational/target/test-classes:/data02/LCD/CTCA/coverage_test/test_main/AStar/test_operational/target/classes:/data02/LCD/.m2/repository/junit/junit/4.12/junit-4.12.jar:/data02/LCD/.m2/repository/org/hamcrest/hamcrest-core/1.3/hamcrest-core-1.3.jar:/data02/LCD/.m2/repository/org/slf4j/slf4j-simple/1.7.25/slf4j-simple-1.7.25.jar:/data02/LCD/.m2/repository/org/slf4j/slf4j-api/1.7.25/slf4j-api-1.7.25.jar:/data02/LCD/.m2/repository/org/evosuite/evosuite-master/1.0.6/evosuite-master-1.0.6.jar:/data02/LCD/.m2/repository/org/jacoco/jacoco-maven-plugin/0.8.7/jacoco-maven-plugin-0.8.7.jar:/data02/LCD/.m2/repository/org/apache/maven/maven-plugin-api/3.0/maven-plugin-api-3.0.jar:/data02/LCD/.m2/repository/org/apache/maven/maven-model/3.0/maven-model-3.0.jar:/data02/LCD/.m2/repository/org/apache/maven/maven-artifact/3.0/maven-artifact-3.0.jar:/data02/LCD/.m2/repository/org/sonatype/sisu/sisu-inject-plexus/1.4.2/sisu-inject-plexus-1.4.2.jar:/data02/LCD/.m2/repository/org/sonatype/sisu/sisu-inject-bean/1.4.2/sisu-inject-bean-1.4.2.jar:/data02/LCD/.m2/repository/org/sonatype/sisu/sisu-guice/2.1.7/sisu-guice-2.1.7-noaop.jar:/data02/LCD/.m2/repository/org/apache/maven/maven-core/3.0/maven-core-3.0.jar:/data02/LCD/.m2/repository/org/apache/maven/maven-settings/3.0/maven-settings-3.0.jar:/data02/LCD/.m2/repository/org/apache/maven/maven-settings-builder/3.0/maven-settings-builder-3.0.jar:/data02/LCD/.m2/repository/org/apache/maven/maven-repository-metadata/3.0/maven-repository-metadata-3.0.jar:/data02/LCD/.m2/repository/org/apache/maven/maven-model-builder/3.0/maven-model-builder-3.0.jar:/data02/LCD/.m2/repository/org/apache/maven/maven-aether-provider/3.0/maven-aether-provider-3.0.jar:/data02/LCD/.m2/repository/org/sonatype/aether/aether-impl/1.7/aether-impl-1.7.jar:/data02/LCD/.m2/repository/org/sonatype/aether/aether-spi/1.7/aether-spi-1.7.jar:/data02/LCD/.m2/repository/org/sonatype/aether/aether-api/1.7/aether-api-1.7.jar:/data02/LCD/.m2/repository/org/sonatype/aether/aether-util/1.7/aether-util-1.7.jar:/data02/LCD/.m2/repository/org/codehaus/plexus/plexus-interpolation/1.14/plexus-interpolation-1.14.jar:/data02/LCD/.m2/repository/org/codehaus/plexus/plexus-classworlds/2.2.3/plexus-classworlds-2.2.3.jar:/data02/LCD/.m2/repository/org/codehaus/plexus/plexus-component-annotations/1.5.5/plexus-component-annotations-1.5.5.jar:/data02/LCD/.m2/repository/org/sonatype/plexus/plexus-sec-dispatcher/1.3/plexus-sec-dispatcher-1.3.jar:/data02/LCD/.m2/repository/org/sonatype/plexus/plexus-cipher/1.4/plexus-cipher-1.4.jar:/data02/LCD/.m2/repository/org/codehaus/plexus/plexus-utils/3.0.22/plexus-utils-3.0.22.jar:/data02/LCD/.m2/repository/org/apache/maven/shared/file-management/1.2.1/file-management-1.2.1.jar:/data02/LCD/.m2/repository/org/apache/maven/shared/maven-shared-io/1.1/maven-shared-io-1.1.jar:/data02/LCD/.m2/repository/org/apache/maven/maven-artifact-manager/2.0.2/maven-artifact-manager-2.0.2.jar:/data02/LCD/.m2/repository/org/apache/maven/wagon/wagon-provider-api/1.0-alpha-6/wagon-provider-api-1.0-alpha-6.jar:/data02/LCD/.m2/repository/org/codehaus/plexus/plexus-container-default/1.0-alpha-9/plexus-container-default-1.0-alpha-9.jar:/data02/LCD/.m2/repository/classworlds/classworlds/1.1-alpha-2/classworlds-1.1-alpha-2.jar:/data02/LCD/.m2/repository/org/apache/maven/reporting/maven-reporting-api/3.0/maven-reporting-api-3.0.jar:/data02/LCD/.m2/repository/org/apache/maven/doxia/doxia-sink-api/1.0/doxia-sink-api-1.0.jar:/data02/LCD/.m2/repository/org/jacoco/org.jacoco.agent/0.8.7/org.jacoco.agent-0.8.7-runtime.jar:/data02/LCD/.m2/repository/org/jacoco/org.jacoco.core/0.8.7/org.jacoco.core-0.8.7.jar:/data02/LCD/.m2/repository/org/ow2/asm/asm/9.1/asm-9.1.jar:/data02/LCD/.m2/repository/org/ow2/asm/asm-commons/9.1/asm-commons-9.1.jar:/data02/LCD/.m2/repository/org/ow2/asm/asm-analysis/9.1/asm-analysis-9.1.jar:/data02/LCD/.m2/repository/org/ow2/asm/asm-tree/9.1/asm-tree-9.1.jar:/data02/LCD/.m2/repository/org/jacoco/org.jacoco.report/0.8.7/org.jacoco.report-0.8.7.jar:"/>
    <property name="sun.cpu.endian" value="little"/>
    <property name="user.home" value="/data02/LCD"/>
    <property name="user.language" value="en"/>
    <property name="java.specification.vendor" value="Oracle Corporation"/>
    <property name="java.home" value="/data02/LCD/CTCA/environment/Java8/jre"/>
    <property name="basedir" value="/data02/LCD/CTCA/coverage_test/test_main/AStar/test_operational"/>
    <property name="file.separator" value="/"/>
    <property name="line.separator" value="&#10;"/>
    <property name="java.vm.specification.vendor" value="Oracle Corporation"/>
    <property name="java.specification.name" value="Java Platform API Specification"/>
    <property name="java.awt.graphicsenv" value="sun.awt.X11GraphicsEnvironment"/>
    <property name="surefire.real.class.path" value="/data02/LCD/CTCA/coverage_test/test_main/AStar/test_operational/target/surefire/surefirebooter6859500541730646640.jar:/data02/LCD/.m2/repository/org/jacoco/org.jacoco.agent/0.8.7/org.jacoco.agent-0.8.7-runtime.jar"/>
    <property name="sun.boot.class.path" value="/data02/LCD/CTCA/environment/Java8/jre/lib/resources.jar:/data02/LCD/CTCA/environment/Java8/jre/lib/rt.jar:/data02/LCD/CTCA/environment/Java8/jre/lib/jsse.jar:/data02/LCD/CTCA/environment/Java8/jre/lib/jce.jar:/data02/LCD/CTCA/environment/Java8/jre/lib/charsets.jar:/data02/LCD/CTCA/environment/Java8/jre/lib/jfr.jar:/data02/LCD/CTCA/environment/Java8/jre/classes"/>
    <property name="sun.management.compiler" value="HotSpot 64-Bit Tiered Compilers"/>
    <property name="java.runtime.version" value="1.8.0_391-b13"/>
    <property name="user.name" value="lcd"/>
    <property name="path.separator" value=":"/>
    <property name="os.version" value="5.15.0-102-generic"/>
    <property name="java.endorsed.dirs" value="/data02/LCD/CTCA/environment/Java8/jre/lib/endorsed"/>
    <property name="java.runtime.name" value="Java(TM) SE Runtime Environment"/>
    <property name="file.encoding" value="UTF-8"/>
    <property name="java.vm.name" value="Java HotSpot(TM) 64-Bit Server VM"/>
    <property name="localRepository" value="/data02/LCD/.m2/repository"/>
    <property name="java.vendor.url.bug" value="http://bugreport.sun.com/bugreport/"/>
    <property name="java.io.tmpdir" value="/tmp"/>
    <property name="java.version" value="1.8.0_391"/>
    <property name="user.dir" value="/data02/LCD/CTCA/coverage_test/test_main/AStar/test_operational"/>
    <property name="os.arch" value="amd64"/>
    <property name="java.vm.specification.name" value="Java Virtual Machine Specification"/>
    <property name="java.awt.printerjob" value="sun.print.PSPrinterJob"/>
    <property name="sun.os.patch.level" value="unknown"/>
    <property name="java.library.path" value="/usr/local/cuda-11.1/lib64::/usr/java/packages/lib/amd64:/usr/lib64:/lib64:/lib:/usr/lib"/>
    <property name="java.vm.info" value="mixed mode"/>
    <property name="java.vendor" value="Oracle Corporation"/>
    <property name="java.vm.version" value="25.391-b13"/>
    <property name="java.specification.maintenance.version" value="5"/>
    <property name="java.ext.dirs" value="/data02/LCD/CTCA/environment/Java8/jre/lib/ext:/usr/java/packages/lib/ext"/>
    <property name="sun.io.unicode.encoding" value="UnicodeLittle"/>
    <property name="java.class.version" value="52.0"/>
  </properties>
  <testcase name="test_1160" classname="net.mooctest.AStar_sub_10_0_Test" time="0"/>
  <testcase name="test_1224" classname="net.mooctest.AStar_sub_10_0_Test" time="0"/>
  <testcase name="test_1398" classname="net.mooctest.AStar_sub_10_0_Test" time="0"/>
  <testcase name="test_1552" classname="net.mooctest.AStar_sub_10_0_Test" time="0"/>
  <testcase name="test_1891" classname="net.mooctest.AStar_sub_10_0_Test" time="0"/>
  <testcase name="test_1892" classname="net.mooctest.AStar_sub_10_0_Test" time="0"/>
  <testcase name="test_1893" classname="net.mooctest.AStar_sub_10_0_Test" time="0"/>
  <testcase name="test_1894" classname="net.mooctest.AStar_sub_10_0_Test" time="0"/>
  <testcase name="test_1928" classname="net.mooctest.AStar_sub_10_0_Test" time="0"/>
  <testcase name="test_2025" classname="net.mooctest.AStar_sub_10_0_Test" time="0"/>
  <testcase name="test_2027" classname="net.mooctest.AStar_sub_10_0_Test" time="0"/>
  <testcase name="test_2028" classname="net.mooctest.AStar_sub_10_0_Test" time="0"/>
  <testcase name="test_2029" classname="net.mooctest.AStar_sub_10_0_Test" time="0"/>
  <testcase name="test_2037" classname="net.mooctest.AStar_sub_10_0_Test" time="0"/>
  <testcase name="test_2040" classname="net.mooctest.AStar_sub_10_0_Test" time="0"/>
  <testcase name="test_2044" classname="net.mooctest.AStar_sub_10_0_Test" time="0"/>
  <testcase name="test_2049" classname="net.mooctest.AStar_sub_10_0_Test" time="0">
    <failure message="expected:&lt;605802560&gt; but was:&lt;1343867840&gt;" type="java.lang.AssertionError"><![CDATA[java.lang.AssertionError: expected:<605802560> but was:<1343867840>
	at net.mooctest.AStar_sub_10_0_Test.test_2049(AStar_sub_10_0_Test.java:698)
]]></failure>
  </testcase>
  <testcase name="test_2126" classname="net.mooctest.AStar_sub_10_0_Test" time="0">
    <error message="[I cannot be cast to net.mooctest.Graph$Edge" type="java.lang.ClassCastException">java.lang.ClassCastException: [I cannot be cast to net.mooctest.Graph$Edge
	at net.mooctest.AStar_sub_10_0_Test.test_2126(AStar_sub_10_0_Test.java:750)
</error>
  </testcase>
  <testcase name="test_2129" classname="net.mooctest.AStar_sub_10_0_Test" time="0"/>
  <testcase name="test_2180" classname="net.mooctest.AStar_sub_10_0_Test" time="0"/>
  <testcase name="test_2414" classname="net.mooctest.AStar_sub_10_0_Test" time="0"/>
  <testcase name="test_2905" classname="net.mooctest.AStar_sub_10_0_Test" time="0"/>
  <testcase name="test_3326" classname="net.mooctest.AStar_sub_10_0_Test" time="0"/>
  <testcase name="test_3632" classname="net.mooctest.AStar_sub_10_0_Test" time="0"/>
  <testcase name="test_4380" classname="net.mooctest.AStar_sub_10_0_Test" time="0"/>
  <testcase name="test_5490" classname="net.mooctest.AStar_sub_10_0_Test" time="0"/>
  <testcase name="test_5492" classname="net.mooctest.AStar_sub_10_0_Test" time="0"/>
  <testcase name="test_5493" classname="net.mooctest.AStar_sub_10_0_Test" time="0"/>
  <testcase name="test_5499" classname="net.mooctest.AStar_sub_10_0_Test" time="0.001"/>
  <testcase name="test_5597" classname="net.mooctest.AStar_sub_10_0_Test" time="0"/>
  <testcase name="test_5598" classname="net.mooctest.AStar_sub_10_0_Test" time="0.001"/>
  <testcase name="test_5732" classname="net.mooctest.AStar_sub_10_0_Test" time="0"/>
  <testcase name="test_5873" classname="net.mooctest.AStar_sub_10_0_Test" time="0"/>
  <testcase name="test_5875" classname="net.mooctest.AStar_sub_10_0_Test" time="0.002"/>
  <testcase name="test_5884" classname="net.mooctest.AStar_sub_10_0_Test" time="1.833"/>
  <testcase name="test_5886" classname="net.mooctest.AStar_sub_10_0_Test" time="0.002"/>
  <testcase name="test_5988" classname="net.mooctest.AStar_sub_10_0_Test" time="0"/>
  <testcase name="test_6220" classname="net.mooctest.AStar_sub_10_0_Test" time="0"/>
  <testcase name="test_6222" classname="net.mooctest.AStar_sub_10_0_Test" time="0"/>
  <testcase name="test_6263" classname="net.mooctest.AStar_sub_10_0_Test" time="0"/>
  <testcase name="test_6402" classname="net.mooctest.AStar_sub_10_0_Test" time="0.001"/>
  <testcase name="test_6464" classname="net.mooctest.AStar_sub_10_0_Test" time="0"/>
  <testcase name="test_6498" classname="net.mooctest.AStar_sub_10_0_Test" time="0"/>
  <testcase name="test_6546" classname="net.mooctest.AStar_sub_10_0_Test" time="0"/>
  <testcase name="test_6631" classname="net.mooctest.AStar_sub_10_0_Test" time="0"/>
  <testcase name="test_6632" classname="net.mooctest.AStar_sub_10_0_Test" time="0.001"/>
  <testcase name="test_6662" classname="net.mooctest.AStar_sub_10_0_Test" time="0"/>
  <testcase name="test_6666" classname="net.mooctest.AStar_sub_10_0_Test" time="0"/>
  <testcase name="test_6770" classname="net.mooctest.AStar_sub_10_0_Test" time="0"/>
  <testcase name="test_6847" classname="net.mooctest.AStar_sub_10_0_Test" time="0"/>
  <testcase name="test_6866" classname="net.mooctest.AStar_sub_10_0_Test" time="0.001"/>
  <testcase name="test_6878" classname="net.mooctest.AStar_sub_10_0_Test" time="0"/>
  <testcase name="test_6920" classname="net.mooctest.AStar_sub_10_0_Test" time="0"/>
  <testcase name="test_6921" classname="net.mooctest.AStar_sub_10_0_Test" time="0"/>
  <testcase name="test_6922" classname="net.mooctest.AStar_sub_10_0_Test" time="0"/>
  <testcase name="test_6927" classname="net.mooctest.AStar_sub_10_0_Test" time="0"/>
  <testcase name="test_6928" classname="net.mooctest.AStar_sub_10_0_Test" time="0.001"/>
  <testcase name="test_6930" classname="net.mooctest.AStar_sub_10_0_Test" time="0"/>
  <testcase name="test_6953" classname="net.mooctest.AStar_sub_10_0_Test" time="0"/>
  <testcase name="test_6963" classname="net.mooctest.AStar_sub_10_0_Test" time="0"/>
  <testcase name="test_6966" classname="net.mooctest.AStar_sub_10_0_Test" time="0"/>
  <testcase name="test_6967" classname="net.mooctest.AStar_sub_10_0_Test" time="0"/>
  <testcase name="test_6968" classname="net.mooctest.AStar_sub_10_0_Test" time="0"/>
  <testcase name="test_7052" classname="net.mooctest.AStar_sub_10_0_Test" time="0.001"/>
  <testcase name="test_7053" classname="net.mooctest.AStar_sub_10_0_Test" time="0">
    <failure message="expected:&lt;-389161294&gt; but was:&lt;-1690120358&gt;" type="java.lang.AssertionError"><![CDATA[java.lang.AssertionError: expected:<-389161294> but was:<-1690120358>
	at net.mooctest.AStar_sub_10_0_Test.test_7053(AStar_sub_10_0_Test.java:761)
]]></failure>
  </testcase>
  <testcase name="test_7070" classname="net.mooctest.AStar_sub_10_0_Test" time="0">
    <error type="java.lang.NullPointerException">java.lang.NullPointerException
	at net.mooctest.AStar_sub_10_0_Test.test_7070(AStar_sub_10_0_Test.java:2207)
</error>
  </testcase>
  <testcase name="test_7112" classname="net.mooctest.AStar_sub_10_0_Test" time="0"/>
  <testcase name="test_7331" classname="net.mooctest.AStar_sub_10_0_Test" time="0"/>
  <testcase name="test_7332" classname="net.mooctest.AStar_sub_10_0_Test" time="0">
    <error type="java.lang.NullPointerException">java.lang.NullPointerException
	at net.mooctest.AStar_sub_10_0_Test.test_7332(AStar_sub_10_0_Test.java:1911)
</error>
  </testcase>
  <testcase name="test_7401" classname="net.mooctest.AStar_sub_10_0_Test" time="0"/>
  <testcase name="test_7405" classname="net.mooctest.AStar_sub_10_0_Test" time="0"/>
  <testcase name="test_7552" classname="net.mooctest.AStar_sub_10_0_Test" time="0.001"/>
  <testcase name="test_7554" classname="net.mooctest.AStar_sub_10_0_Test" time="0"/>
  <testcase name="test_7704" classname="net.mooctest.AStar_sub_10_0_Test" time="0"/>
  <testcase name="test_7755" classname="net.mooctest.AStar_sub_10_0_Test" time="0"/>
  <testcase name="test_7756" classname="net.mooctest.AStar_sub_10_0_Test" time="0"/>
  <testcase name="test_7758" classname="net.mooctest.AStar_sub_10_0_Test" time="0"/>
  <testcase name="test_7767" classname="net.mooctest.AStar_sub_10_0_Test" time="0"/>
  <testcase name="test_7797" classname="net.mooctest.AStar_sub_10_0_Test" time="0"/>
  <testcase name="test_8021" classname="net.mooctest.AStar_sub_10_0_Test" time="0"/>
  <testcase name="test_8022" classname="net.mooctest.AStar_sub_10_0_Test" time="0">
    <error message="vertex cannot be NULL." type="java.lang.NullPointerException">java.lang.NullPointerException: vertex cannot be NULL.
	at net.mooctest.AStar_sub_10_0_Test.test_8022(AStar_sub_10_0_Test.java:2327)
</error>
  </testcase>
  <testcase name="test_8024" classname="net.mooctest.AStar_sub_10_0_Test" time="0"/>
  <testcase name="test_8053" classname="net.mooctest.AStar_sub_10_0_Test" time="0"/>
  <testcase name="test_8064" classname="net.mooctest.AStar_sub_10_0_Test" time="0"/>
  <testcase name="test_8128" classname="net.mooctest.AStar_sub_10_0_Test" time="0"/>
  <testcase name="test_8182" classname="net.mooctest.AStar_sub_10_0_Test" time="0"/>
  <testcase name="test_8215" classname="net.mooctest.AStar_sub_10_0_Test" time="0"/>
  <testcase name="test_8236" classname="net.mooctest.AStar_sub_10_0_Test" time="0"/>
  <testcase name="test_8312" classname="net.mooctest.AStar_sub_10_0_Test" time="0"/>
  <testcase name="test_8335" classname="net.mooctest.AStar_sub_10_0_Test" time="0">
    <error type="java.lang.NullPointerException">java.lang.NullPointerException
	at net.mooctest.AStar_sub_10_0_Test.test_8335(AStar_sub_10_0_Test.java:1816)
</error>
  </testcase>
  <testcase name="test_8482" classname="net.mooctest.AStar_sub_10_0_Test" time="0"/>
  <testcase name="test_8601" classname="net.mooctest.AStar_sub_10_0_Test" time="0.001"/>
  <testcase name="test_8617" classname="net.mooctest.AStar_sub_10_0_Test" time="0"/>
  <testcase name="test_8859" classname="net.mooctest.AStar_sub_10_0_Test" time="0"/>
  <testcase name="test_9017" classname="net.mooctest.AStar_sub_10_0_Test" time="0"/>
  <testcase name="test_9019" classname="net.mooctest.AStar_sub_10_0_Test" time="0"/>
  <testcase name="test_9020" classname="net.mooctest.AStar_sub_10_0_Test" time="0"/>
  <testcase name="test_119" classname="net.mooctest.AStar_sub_10_0_Test" time="0.001">
    <error type="java.lang.NullPointerException">java.lang.NullPointerException
	at net.mooctest.AStar_sub_10_0_Test.test_119(AStar_sub_10_0_Test.java:1409)
</error>
  </testcase>
  <testcase name="test_121" classname="net.mooctest.AStar_sub_10_0_Test" time="0">
    <error type="java.lang.NullPointerException">java.lang.NullPointerException
	at net.mooctest.AStar_sub_10_0_Test.test_121(AStar_sub_10_0_Test.java:2799)
</error>
  </testcase>
  <testcase name="test_123" classname="net.mooctest.AStar_sub_10_0_Test" time="0"/>
  <testcase name="test_124" classname="net.mooctest.AStar_sub_10_0_Test" time="0"/>
  <testcase name="test_126" classname="net.mooctest.AStar_sub_10_0_Test" time="0"/>
  <testcase name="test_127" classname="net.mooctest.AStar_sub_10_0_Test" time="0"/>
  <testcase name="test_128" classname="net.mooctest.AStar_sub_10_0_Test" time="0"/>
  <testcase name="test_129" classname="net.mooctest.AStar_sub_10_0_Test" time="0"/>
  <testcase name="test_133" classname="net.mooctest.AStar_sub_10_0_Test" time="0">
    <error type="java.lang.NullPointerException">java.lang.NullPointerException
	at net.mooctest.AStar_sub_10_0_Test.test_133(AStar_sub_10_0_Test.java:496)
</error>
  </testcase>
  <testcase name="test_134" classname="net.mooctest.AStar_sub_10_0_Test" time="0"/>
  <testcase name="test_135" classname="net.mooctest.AStar_sub_10_0_Test" time="0"/>
  <testcase name="test_137" classname="net.mooctest.AStar_sub_10_0_Test" time="0"/>
  <testcase name="test_139" classname="net.mooctest.AStar_sub_10_0_Test" time="0"/>
  <testcase name="test_142" classname="net.mooctest.AStar_sub_10_0_Test" time="0"/>
  <testcase name="test_146" classname="net.mooctest.AStar_sub_10_0_Test" time="0"/>
  <testcase name="test_155" classname="net.mooctest.AStar_sub_10_0_Test" time="0">
    <error message="Both &apos;to&apos; and &apos;from&apos; vertices need to be non-NULL." type="java.lang.NullPointerException">java.lang.NullPointerException: Both 'to' and 'from' vertices need to be non-NULL.
	at net.mooctest.AStar_sub_10_0_Test.test_155(AStar_sub_10_0_Test.java:2505)
</error>
  </testcase>
  <testcase name="test_160" classname="net.mooctest.AStar_sub_10_0_Test" time="0"/>
  <testcase name="test_161" classname="net.mooctest.AStar_sub_10_0_Test" time="0"/>
  <testcase name="test_164" classname="net.mooctest.AStar_sub_10_0_Test" time="0"/>
  <testcase name="test_254" classname="net.mooctest.AStar_sub_10_0_Test" time="0"/>
  <testcase name="test_255" classname="net.mooctest.AStar_sub_10_0_Test" time="0"/>
  <testcase name="test_260" classname="net.mooctest.AStar_sub_10_0_Test" time="0"/>
  <testcase name="test_263" classname="net.mooctest.AStar_sub_10_0_Test" time="0"/>
  <testcase name="test_264" classname="net.mooctest.AStar_sub_10_0_Test" time="0"/>
  <testcase name="test_265" classname="net.mooctest.AStar_sub_10_0_Test" time="0"/>
  <testcase name="test_269" classname="net.mooctest.AStar_sub_10_0_Test" time="0"/>
  <testcase name="test_272" classname="net.mooctest.AStar_sub_10_0_Test" time="0"/>
  <testcase name="test_284" classname="net.mooctest.AStar_sub_10_0_Test" time="0"/>
  <testcase name="test_288" classname="net.mooctest.AStar_sub_10_0_Test" time="0"/>
  <testcase name="test_291" classname="net.mooctest.AStar_sub_10_0_Test" time="0"/>
  <testcase name="test_295" classname="net.mooctest.AStar_sub_10_0_Test" time="0"/>
  <testcase name="test_308" classname="net.mooctest.AStar_sub_10_0_Test" time="0"/>
  <testcase name="test_326" classname="net.mooctest.AStar_sub_10_0_Test" time="0"/>
  <testcase name="test_350" classname="net.mooctest.AStar_sub_10_0_Test" time="0"/>
  <testcase name="test_360" classname="net.mooctest.AStar_sub_10_0_Test" time="0"/>
  <testcase name="test_384" classname="net.mooctest.AStar_sub_10_0_Test" time="0"/>
  <testcase name="test_404" classname="net.mooctest.AStar_sub_10_0_Test" time="0"/>
  <testcase name="test_500" classname="net.mooctest.AStar_sub_10_0_Test" time="0"/>
  <testcase name="test_754" classname="net.mooctest.AStar_sub_10_0_Test" time="0.001"/>
  <testcase name="test_822" classname="net.mooctest.AStar_sub_10_0_Test" time="0"/>
  <testcase name="test_0" classname="net.mooctest.AStar_sub_10_0_Test" time="0"/>
</testsuite>