<?xml version="1.0" encoding="UTF-8"?>
<testsuite xmlns:xsi="http://www.w3.org/2001/XMLSchema-instance" xsi:noNamespaceSchemaLocation="https://maven.apache.org/surefire/maven-surefire-plugin/xsd/surefire-test-report.xsd" name="net.mooctest.NIOServer_sub_5_0_Test" time="0.382" tests="191" errors="1" skipped="0" failures="0">
  <properties>
    <property name="awt.toolkit" value="sun.awt.X11.XToolkit"/>
    <property name="file.encoding.pkg" value="sun.io"/>
    <property name="java.specification.version" value="1.8"/>
    <property name="sun.cpu.isalist" value=""/>
    <property name="sun.jnu.encoding" value="ANSI_X3.4-1968"/>
    <property name="java.class.path" value="/data02/LCD/CTCA/coverage_test/test_main/NIOServer/test_operational/target/test-classes:/data02/LCD/CTCA/coverage_test/test_main/NIOServer/test_operational/target/classes:/data02/LCD/.m2/repository/junit/junit/4.13.1/junit-4.13.1.jar:/data02/LCD/.m2/repository/org/hamcrest/hamcrest-core/1.3/hamcrest-core-1.3.jar:/data02/LCD/.m2/repository/org/slf4j/slf4j-simple/1.7.25/slf4j-simple-1.7.25.jar:/data02/LCD/.m2/repository/org/slf4j/slf4j-api/1.7.25/slf4j-api-1.7.25.jar:/data02/LCD/.m2/repository/org/evosuite/evosuite-master/1.0.6/evosuite-master-1.0.6.jar:/data02/LCD/.m2/repository/org/jacoco/jacoco-maven-plugin/0.8.7/jacoco-maven-plugin-0.8.7.jar:/data02/LCD/.m2/repository/org/apache/maven/maven-plugin-api/3.0/maven-plugin-api-3.0.jar:/data02/LCD/.m2/repository/org/apache/maven/maven-model/3.0/maven-model-3.0.jar:/data02/LCD/.m2/repository/org/apache/maven/maven-artifact/3.0/maven-artifact-3.0.jar:/data02/LCD/.m2/repository/org/sonatype/sisu/sisu-inject-plexus/1.4.2/sisu-inject-plexus-1.4.2.jar:/data02/LCD/.m2/repository/org/sonatype/sisu/sisu-inject-bean/1.4.2/sisu-inject-bean-1.4.2.jar:/data02/LCD/.m2/repository/org/sonatype/sisu/sisu-guice/2.1.7/sisu-guice-2.1.7-noaop.jar:/data02/LCD/.m2/repository/org/apache/maven/maven-core/3.0/maven-core-3.0.jar:/data02/LCD/.m2/repository/org/apache/maven/maven-settings/3.0/maven-settings-3.0.jar:/data02/LCD/.m2/repository/org/apache/maven/maven-settings-builder/3.0/maven-settings-builder-3.0.jar:/data02/LCD/.m2/repository/org/apache/maven/maven-repository-metadata/3.0/maven-repository-metadata-3.0.jar:/data02/LCD/.m2/repository/org/apache/maven/maven-model-builder/3.0/maven-model-builder-3.0.jar:/data02/LCD/.m2/repository/org/apache/maven/maven-aether-provider/3.0/maven-aether-provider-3.0.jar:/data02/LCD/.m2/repository/org/sonatype/aether/aether-impl/1.7/aether-impl-1.7.jar:/data02/LCD/.m2/repository/org/sonatype/aether/aether-spi/1.7/aether-spi-1.7.jar:/data02/LCD/.m2/repository/org/sonatype/aether/aether-api/1.7/aether-api-1.7.jar:/data02/LCD/.m2/repository/org/sonatype/aether/aether-util/1.7/aether-util-1.7.jar:/data02/LCD/.m2/repository/org/codehaus/plexus/plexus-interpolation/1.14/plexus-interpolation-1.14.jar:/data02/LCD/.m2/repository/org/codehaus/plexus/plexus-classworlds/2.2.3/plexus-classworlds-2.2.3.jar:/data02/LCD/.m2/repository/org/codehaus/plexus/plexus-component-annotations/1.5.5/plexus-component-annotations-1.5.5.jar:/data02/LCD/.m2/repository/org/sonatype/plexus/plexus-sec-dispatcher/1.3/plexus-sec-dispatcher-1.3.jar:/data02/LCD/.m2/repository/org/sonatype/plexus/plexus-cipher/1.4/plexus-cipher-1.4.jar:/data02/LCD/.m2/repository/org/codehaus/plexus/plexus-utils/3.0.22/plexus-utils-3.0.22.jar:/data02/LCD/.m2/repository/org/apache/maven/shared/file-management/1.2.1/file-management-1.2.1.jar:/data02/LCD/.m2/repository/org/apache/maven/shared/maven-shared-io/1.1/maven-shared-io-1.1.jar:/data02/LCD/.m2/repository/org/apache/maven/maven-artifact-manager/2.0.2/maven-artifact-manager-2.0.2.jar:/data02/LCD/.m2/repository/org/apache/maven/wagon/wagon-provider-api/1.0-alpha-6/wagon-provider-api-1.0-alpha-6.jar:/data02/LCD/.m2/repository/org/codehaus/plexus/plexus-container-default/1.0-alpha-9/plexus-container-default-1.0-alpha-9.jar:/data02/LCD/.m2/repository/classworlds/classworlds/1.1-alpha-2/classworlds-1.1-alpha-2.jar:/data02/LCD/.m2/repository/org/apache/maven/reporting/maven-reporting-api/3.0/maven-reporting-api-3.0.jar:/data02/LCD/.m2/repository/org/apache/maven/doxia/doxia-sink-api/1.0/doxia-sink-api-1.0.jar:/data02/LCD/.m2/repository/org/jacoco/org.jacoco.agent/0.8.7/org.jacoco.agent-0.8.7-runtime.jar:/data02/LCD/.m2/repository/org/jacoco/org.jacoco.core/0.8.7/org.jacoco.core-0.8.7.jar:/data02/LCD/.m2/repository/org/ow2/asm/asm/9.1/asm-9.1.jar:/data02/LCD/.m2/repository/org/ow2/asm/asm-commons/9.1/asm-commons-9.1.jar:/data02/LCD/.m2/repository/org/ow2/asm/asm-analysis/9.1/asm-analysis-9.1.jar:/data02/LCD/.m2/repository/org/ow2/asm/asm-tree/9.1/asm-tree-9.1.jar:/data02/LCD/.m2/repository/org/jacoco/org.jacoco.report/0.8.7/org.jacoco.report-0.8.7.jar:"/>
    <property name="java.vm.vendor" value="Oracle Corporation"/>
    <property name="sun.arch.data.model" value="64"/>
    <property name="java.vendor.url" value="http://java.oracle.com/"/>
    <property name="user.timezone" value=""/>
    <property name="java.vm.specification.version" value="1.8"/>
    <property name="os.name" value="Linux"/>
    <property name="user.country" value="US"/>
    <property name="sun.java.launcher" value="SUN_STANDARD"/>
    <property name="sun.boot.library.path" value="/data02/LCD/CTCA/environment/jdk1.8.0_391/jre/lib/amd64"/>
    <property name="sun.java.command" value="/data02/LCD/CTCA/coverage_test/test_main/NIOServer/test_operational/target/surefire/surefirebooter4571409494452960019.jar /data02/LCD/CTCA/coverage_test/test_main/NIOServer/test_operational/target/surefire 2024-05-03T23-58-18_920-jvmRun1 surefire5420370503948206116tmp surefire_06882848923000869332tmp"/>
    <property name="surefire.test.class.path" value="/data02/LCD/CTCA/coverage_test/test_main/NIOServer/test_operational/target/test-classes:/data02/LCD/CTCA/coverage_test/test_main/NIOServer/test_operational/target/classes:/data02/LCD/.m2/repository/junit/junit/4.13.1/junit-4.13.1.jar:/data02/LCD/.m2/repository/org/hamcrest/hamcrest-core/1.3/hamcrest-core-1.3.jar:/data02/LCD/.m2/repository/org/slf4j/slf4j-simple/1.7.25/slf4j-simple-1.7.25.jar:/data02/LCD/.m2/repository/org/slf4j/slf4j-api/1.7.25/slf4j-api-1.7.25.jar:/data02/LCD/.m2/repository/org/evosuite/evosuite-master/1.0.6/evosuite-master-1.0.6.jar:/data02/LCD/.m2/repository/org/jacoco/jacoco-maven-plugin/0.8.7/jacoco-maven-plugin-0.8.7.jar:/data02/LCD/.m2/repository/org/apache/maven/maven-plugin-api/3.0/maven-plugin-api-3.0.jar:/data02/LCD/.m2/repository/org/apache/maven/maven-model/3.0/maven-model-3.0.jar:/data02/LCD/.m2/repository/org/apache/maven/maven-artifact/3.0/maven-artifact-3.0.jar:/data02/LCD/.m2/repository/org/sonatype/sisu/sisu-inject-plexus/1.4.2/sisu-inject-plexus-1.4.2.jar:/data02/LCD/.m2/repository/org/sonatype/sisu/sisu-inject-bean/1.4.2/sisu-inject-bean-1.4.2.jar:/data02/LCD/.m2/repository/org/sonatype/sisu/sisu-guice/2.1.7/sisu-guice-2.1.7-noaop.jar:/data02/LCD/.m2/repository/org/apache/maven/maven-core/3.0/maven-core-3.0.jar:/data02/LCD/.m2/repository/org/apache/maven/maven-settings/3.0/maven-settings-3.0.jar:/data02/LCD/.m2/repository/org/apache/maven/maven-settings-builder/3.0/maven-settings-builder-3.0.jar:/data02/LCD/.m2/repository/org/apache/maven/maven-repository-metadata/3.0/maven-repository-metadata-3.0.jar:/data02/LCD/.m2/repository/org/apache/maven/maven-model-builder/3.0/maven-model-builder-3.0.jar:/data02/LCD/.m2/repository/org/apache/maven/maven-aether-provider/3.0/maven-aether-provider-3.0.jar:/data02/LCD/.m2/repository/org/sonatype/aether/aether-impl/1.7/aether-impl-1.7.jar:/data02/LCD/.m2/repository/org/sonatype/aether/aether-spi/1.7/aether-spi-1.7.jar:/data02/LCD/.m2/repository/org/sonatype/aether/aether-api/1.7/aether-api-1.7.jar:/data02/LCD/.m2/repository/org/sonatype/aether/aether-util/1.7/aether-util-1.7.jar:/data02/LCD/.m2/repository/org/codehaus/plexus/plexus-interpolation/1.14/plexus-interpolation-1.14.jar:/data02/LCD/.m2/repository/org/codehaus/plexus/plexus-classworlds/2.2.3/plexus-classworlds-2.2.3.jar:/data02/LCD/.m2/repository/org/codehaus/plexus/plexus-component-annotations/1.5.5/plexus-component-annotations-1.5.5.jar:/data02/LCD/.m2/repository/org/sonatype/plexus/plexus-sec-dispatcher/1.3/plexus-sec-dispatcher-1.3.jar:/data02/LCD/.m2/repository/org/sonatype/plexus/plexus-cipher/1.4/plexus-cipher-1.4.jar:/data02/LCD/.m2/repository/org/codehaus/plexus/plexus-utils/3.0.22/plexus-utils-3.0.22.jar:/data02/LCD/.m2/repository/org/apache/maven/shared/file-management/1.2.1/file-management-1.2.1.jar:/data02/LCD/.m2/repository/org/apache/maven/shared/maven-shared-io/1.1/maven-shared-io-1.1.jar:/data02/LCD/.m2/repository/org/apache/maven/maven-artifact-manager/2.0.2/maven-artifact-manager-2.0.2.jar:/data02/LCD/.m2/repository/org/apache/maven/wagon/wagon-provider-api/1.0-alpha-6/wagon-provider-api-1.0-alpha-6.jar:/data02/LCD/.m2/repository/org/codehaus/plexus/plexus-container-default/1.0-alpha-9/plexus-container-default-1.0-alpha-9.jar:/data02/LCD/.m2/repository/classworlds/classworlds/1.1-alpha-2/classworlds-1.1-alpha-2.jar:/data02/LCD/.m2/repository/org/apache/maven/reporting/maven-reporting-api/3.0/maven-reporting-api-3.0.jar:/data02/LCD/.m2/repository/org/apache/maven/doxia/doxia-sink-api/1.0/doxia-sink-api-1.0.jar:/data02/LCD/.m2/repository/org/jacoco/org.jacoco.agent/0.8.7/org.jacoco.agent-0.8.7-runtime.jar:/data02/LCD/.m2/repository/org/jacoco/org.jacoco.core/0.8.7/org.jacoco.core-0.8.7.jar:/data02/LCD/.m2/repository/org/ow2/asm/asm/9.1/asm-9.1.jar:/data02/LCD/.m2/repository/org/ow2/asm/asm-commons/9.1/asm-commons-9.1.jar:/data02/LCD/.m2/repository/org/ow2/asm/asm-analysis/9.1/asm-analysis-9.1.jar:/data02/LCD/.m2/repository/org/ow2/asm/asm-tree/9.1/asm-tree-9.1.jar:/data02/LCD/.m2/repository/org/jacoco/org.jacoco.report/0.8.7/org.jacoco.report-0.8.7.jar:"/>
    <property name="sun.cpu.endian" value="little"/>
    <property name="user.home" value="/data02/LCD"/>
    <property name="user.language" value="en"/>
    <property name="java.specification.vendor" value="Oracle Corporation"/>
    <property name="java.home" value="/data02/LCD/CTCA/environment/jdk1.8.0_391/jre"/>
    <property name="basedir" value="/data02/LCD/CTCA/coverage_test/test_main/NIOServer/test_operational"/>
    <property name="file.separator" value="/"/>
    <property name="line.separator" value="&#10;"/>
    <property name="java.vm.specification.vendor" value="Oracle Corporation"/>
    <property name="java.specification.name" value="Java Platform API Specification"/>
    <property name="java.awt.graphicsenv" value="sun.awt.X11GraphicsEnvironment"/>
    <property name="surefire.real.class.path" value="/data02/LCD/CTCA/coverage_test/test_main/NIOServer/test_operational/target/surefire/surefirebooter4571409494452960019.jar:/data02/LCD/.m2/repository/org/jacoco/org.jacoco.agent/0.8.7/org.jacoco.agent-0.8.7-runtime.jar"/>
    <property name="sun.boot.class.path" value="/data02/LCD/CTCA/environment/jdk1.8.0_391/jre/lib/resources.jar:/data02/LCD/CTCA/environment/jdk1.8.0_391/jre/lib/rt.jar:/data02/LCD/CTCA/environment/jdk1.8.0_391/jre/lib/jsse.jar:/data02/LCD/CTCA/environment/jdk1.8.0_391/jre/lib/jce.jar:/data02/LCD/CTCA/environment/jdk1.8.0_391/jre/lib/charsets.jar:/data02/LCD/CTCA/environment/jdk1.8.0_391/jre/lib/jfr.jar:/data02/LCD/CTCA/environment/jdk1.8.0_391/jre/classes"/>
    <property name="sun.management.compiler" value="HotSpot 64-Bit Tiered Compilers"/>
    <property name="java.runtime.version" value="1.8.0_391-b13"/>
    <property name="user.name" value="lcd"/>
    <property name="path.separator" value=":"/>
    <property name="os.version" value="5.15.0-102-generic"/>
    <property name="java.endorsed.dirs" value="/data02/LCD/CTCA/environment/jdk1.8.0_391/jre/lib/endorsed"/>
    <property name="java.runtime.name" value="Java(TM) SE Runtime Environment"/>
    <property name="file.encoding" value="UTF-8"/>
    <property name="java.vm.name" value="Java HotSpot(TM) 64-Bit Server VM"/>
    <property name="localRepository" value="/data02/LCD/.m2/repository"/>
    <property name="java.vendor.url.bug" value="http://bugreport.sun.com/bugreport/"/>
    <property name="java.io.tmpdir" value="/tmp"/>
    <property name="java.version" value="1.8.0_391"/>
    <property name="user.dir" value="/data02/LCD/CTCA/coverage_test/test_main/NIOServer/test_operational"/>
    <property name="os.arch" value="amd64"/>
    <property name="java.vm.specification.name" value="Java Virtual Machine Specification"/>
    <property name="java.awt.printerjob" value="sun.print.PSPrinterJob"/>
    <property name="sun.os.patch.level" value="unknown"/>
    <property name="java.library.path" value="/usr/local/cuda-11.1/lib64::/usr/java/packages/lib/amd64:/usr/lib64:/lib64:/lib:/usr/lib"/>
    <property name="java.vm.info" value="mixed mode"/>
    <property name="java.vendor" value="Oracle Corporation"/>
    <property name="java.vm.version" value="25.391-b13"/>
    <property name="java.specification.maintenance.version" value="5"/>
    <property name="java.ext.dirs" value="/data02/LCD/CTCA/environment/jdk1.8.0_391/jre/lib/ext:/usr/java/packages/lib/ext"/>
    <property name="sun.io.unicode.encoding" value="UnicodeLittle"/>
    <property name="java.class.version" value="52.0"/>
  </properties>
  <testcase name="test_18" classname="net.mooctest.NIOServer_sub_5_0_Test" time="0.003"/>
  <testcase name="test_32" classname="net.mooctest.NIOServer_sub_5_0_Test" time="0.01"/>
  <testcase name="test_79" classname="net.mooctest.NIOServer_sub_5_0_Test" time="0.001"/>
  <testcase name="test_84" classname="net.mooctest.NIOServer_sub_5_0_Test" time="0"/>
  <testcase name="test_86" classname="net.mooctest.NIOServer_sub_5_0_Test" time="0"/>
  <testcase name="test_1009" classname="net.mooctest.NIOServer_sub_5_0_Test" time="0"/>
  <testcase name="test_1048" classname="net.mooctest.NIOServer_sub_5_0_Test" time="0"/>
  <testcase name="test_1053" classname="net.mooctest.NIOServer_sub_5_0_Test" time="0.01"/>
  <testcase name="test_1079" classname="net.mooctest.NIOServer_sub_5_0_Test" time="0"/>
  <testcase name="test_1083" classname="net.mooctest.NIOServer_sub_5_0_Test" time="0.001"/>
  <testcase name="test_1106" classname="net.mooctest.NIOServer_sub_5_0_Test" time="0"/>
  <testcase name="test_1110" classname="net.mooctest.NIOServer_sub_5_0_Test" time="0"/>
  <testcase name="test_1119" classname="net.mooctest.NIOServer_sub_5_0_Test" time="0"/>
  <testcase name="test_1148" classname="net.mooctest.NIOServer_sub_5_0_Test" time="0.024"/>
  <testcase name="test_1166" classname="net.mooctest.NIOServer_sub_5_0_Test" time="0"/>
  <testcase name="test_1171" classname="net.mooctest.NIOServer_sub_5_0_Test" time="0.019"/>
  <testcase name="test_1174" classname="net.mooctest.NIOServer_sub_5_0_Test" time="0"/>
  <testcase name="test_1198" classname="net.mooctest.NIOServer_sub_5_0_Test" time="0.062"/>
  <testcase name="test_1228" classname="net.mooctest.NIOServer_sub_5_0_Test" time="0"/>
  <testcase name="test_1251" classname="net.mooctest.NIOServer_sub_5_0_Test" time="0"/>
  <testcase name="test_1286" classname="net.mooctest.NIOServer_sub_5_0_Test" time="0.014"/>
  <testcase name="test_1305" classname="net.mooctest.NIOServer_sub_5_0_Test" time="0"/>
  <testcase name="test_1338" classname="net.mooctest.NIOServer_sub_5_0_Test" time="0"/>
  <testcase name="test_1348" classname="net.mooctest.NIOServer_sub_5_0_Test" time="0"/>
  <testcase name="test_1355" classname="net.mooctest.NIOServer_sub_5_0_Test" time="0.031"/>
  <testcase name="test_1407" classname="net.mooctest.NIOServer_sub_5_0_Test" time="0.009"/>
  <testcase name="test_1417" classname="net.mooctest.NIOServer_sub_5_0_Test" time="0.007"/>
  <testcase name="test_1449" classname="net.mooctest.NIOServer_sub_5_0_Test" time="0.001"/>
  <testcase name="test_1460" classname="net.mooctest.NIOServer_sub_5_0_Test" time="0.001"/>
  <testcase name="test_1463" classname="net.mooctest.NIOServer_sub_5_0_Test" time="0"/>
  <testcase name="test_1465" classname="net.mooctest.NIOServer_sub_5_0_Test" time="0"/>
  <testcase name="test_1476" classname="net.mooctest.NIOServer_sub_5_0_Test" time="0"/>
  <testcase name="test_1477" classname="net.mooctest.NIOServer_sub_5_0_Test" time="0"/>
  <testcase name="test_1551" classname="net.mooctest.NIOServer_sub_5_0_Test" time="0"/>
  <testcase name="test_1556" classname="net.mooctest.NIOServer_sub_5_0_Test" time="0"/>
  <testcase name="test_1562" classname="net.mooctest.NIOServer_sub_5_0_Test" time="0.005"/>
  <testcase name="test_1569" classname="net.mooctest.NIOServer_sub_5_0_Test" time="0.003"/>
  <testcase name="test_1576" classname="net.mooctest.NIOServer_sub_5_0_Test" time="0.004"/>
  <testcase name="test_1593" classname="net.mooctest.NIOServer_sub_5_0_Test" time="0.001"/>
  <testcase name="test_1618" classname="net.mooctest.NIOServer_sub_5_0_Test" time="0"/>
  <testcase name="test_1684" classname="net.mooctest.NIOServer_sub_5_0_Test" time="0"/>
  <testcase name="test_1704" classname="net.mooctest.NIOServer_sub_5_0_Test" time="0"/>
  <testcase name="test_1706" classname="net.mooctest.NIOServer_sub_5_0_Test" time="0"/>
  <testcase name="test_1767" classname="net.mooctest.NIOServer_sub_5_0_Test" time="0.004"/>
  <testcase name="test_1820" classname="net.mooctest.NIOServer_sub_5_0_Test" time="0"/>
  <testcase name="test_1829" classname="net.mooctest.NIOServer_sub_5_0_Test" time="0"/>
  <testcase name="test_1844" classname="net.mooctest.NIOServer_sub_5_0_Test" time="0"/>
  <testcase name="test_1872" classname="net.mooctest.NIOServer_sub_5_0_Test" time="0"/>
  <testcase name="test_1878" classname="net.mooctest.NIOServer_sub_5_0_Test" time="0"/>
  <testcase name="test_1884" classname="net.mooctest.NIOServer_sub_5_0_Test" time="0"/>
  <testcase name="test_2077" classname="net.mooctest.NIOServer_sub_5_0_Test" time="0"/>
  <testcase name="test_2096" classname="net.mooctest.NIOServer_sub_5_0_Test" time="0.01"/>
  <testcase name="test_2143" classname="net.mooctest.NIOServer_sub_5_0_Test" time="0.004"/>
  <testcase name="test_2179" classname="net.mooctest.NIOServer_sub_5_0_Test" time="0"/>
  <testcase name="test_2192" classname="net.mooctest.NIOServer_sub_5_0_Test" time="0"/>
  <testcase name="test_2249" classname="net.mooctest.NIOServer_sub_5_0_Test" time="0"/>
  <testcase name="test_2268" classname="net.mooctest.NIOServer_sub_5_0_Test" time="0"/>
  <testcase name="test_2286" classname="net.mooctest.NIOServer_sub_5_0_Test" time="0"/>
  <testcase name="test_2338" classname="net.mooctest.NIOServer_sub_5_0_Test" time="0.003"/>
  <testcase name="test_2342" classname="net.mooctest.NIOServer_sub_5_0_Test" time="0.004"/>
  <testcase name="test_2375" classname="net.mooctest.NIOServer_sub_5_0_Test" time="0"/>
  <testcase name="test_2447" classname="net.mooctest.NIOServer_sub_5_0_Test" time="0"/>
  <testcase name="test_2462" classname="net.mooctest.NIOServer_sub_5_0_Test" time="0"/>
  <testcase name="test_2477" classname="net.mooctest.NIOServer_sub_5_0_Test" time="0"/>
  <testcase name="test_2491" classname="net.mooctest.NIOServer_sub_5_0_Test" time="0"/>
  <testcase name="test_2492" classname="net.mooctest.NIOServer_sub_5_0_Test" time="0"/>
  <testcase name="test_2509" classname="net.mooctest.NIOServer_sub_5_0_Test" time="0"/>
  <testcase name="test_2557" classname="net.mooctest.NIOServer_sub_5_0_Test" time="0"/>
  <testcase name="test_2581" classname="net.mooctest.NIOServer_sub_5_0_Test" time="0"/>
  <testcase name="test_2591" classname="net.mooctest.NIOServer_sub_5_0_Test" time="0"/>
  <testcase name="test_2681" classname="net.mooctest.NIOServer_sub_5_0_Test" time="0"/>
  <testcase name="test_2694" classname="net.mooctest.NIOServer_sub_5_0_Test" time="0"/>
  <testcase name="test_2704" classname="net.mooctest.NIOServer_sub_5_0_Test" time="0"/>
  <testcase name="test_2880" classname="net.mooctest.NIOServer_sub_5_0_Test" time="0.005"/>
  <testcase name="test_2892" classname="net.mooctest.NIOServer_sub_5_0_Test" time="0"/>
  <testcase name="test_2905" classname="net.mooctest.NIOServer_sub_5_0_Test" time="0"/>
  <testcase name="test_2916" classname="net.mooctest.NIOServer_sub_5_0_Test" time="0"/>
  <testcase name="test_2942" classname="net.mooctest.NIOServer_sub_5_0_Test" time="0"/>
  <testcase name="test_3020" classname="net.mooctest.NIOServer_sub_5_0_Test" time="0"/>
  <testcase name="test_3034" classname="net.mooctest.NIOServer_sub_5_0_Test" time="0"/>
  <testcase name="test_3037" classname="net.mooctest.NIOServer_sub_5_0_Test" time="0"/>
  <testcase name="test_3090" classname="net.mooctest.NIOServer_sub_5_0_Test" time="0"/>
  <testcase name="test_3091" classname="net.mooctest.NIOServer_sub_5_0_Test" time="0"/>
  <testcase name="test_3107" classname="net.mooctest.NIOServer_sub_5_0_Test" time="0"/>
  <testcase name="test_3150" classname="net.mooctest.NIOServer_sub_5_0_Test" time="0"/>
  <testcase name="test_3183" classname="net.mooctest.NIOServer_sub_5_0_Test" time="0"/>
  <testcase name="test_3184" classname="net.mooctest.NIOServer_sub_5_0_Test" time="0.025"/>
  <testcase name="test_3228" classname="net.mooctest.NIOServer_sub_5_0_Test" time="0.004"/>
  <testcase name="test_3320" classname="net.mooctest.NIOServer_sub_5_0_Test" time="0"/>
  <testcase name="test_3351" classname="net.mooctest.NIOServer_sub_5_0_Test" time="0"/>
  <testcase name="test_3363" classname="net.mooctest.NIOServer_sub_5_0_Test" time="0"/>
  <testcase name="test_3377" classname="net.mooctest.NIOServer_sub_5_0_Test" time="0"/>
  <testcase name="test_3395" classname="net.mooctest.NIOServer_sub_5_0_Test" time="0.001"/>
  <testcase name="test_3402" classname="net.mooctest.NIOServer_sub_5_0_Test" time="0"/>
  <testcase name="test_3408" classname="net.mooctest.NIOServer_sub_5_0_Test" time="0"/>
  <testcase name="test_3425" classname="net.mooctest.NIOServer_sub_5_0_Test" time="0"/>
  <testcase name="test_3433" classname="net.mooctest.NIOServer_sub_5_0_Test" time="0"/>
  <testcase name="test_3463" classname="net.mooctest.NIOServer_sub_5_0_Test" time="0"/>
  <testcase name="test_3482" classname="net.mooctest.NIOServer_sub_5_0_Test" time="0"/>
  <testcase name="test_3540" classname="net.mooctest.NIOServer_sub_5_0_Test" time="0.001"/>
  <testcase name="test_3544" classname="net.mooctest.NIOServer_sub_5_0_Test" time="0"/>
  <testcase name="test_3554" classname="net.mooctest.NIOServer_sub_5_0_Test" time="0"/>
  <testcase name="test_3568" classname="net.mooctest.NIOServer_sub_5_0_Test" time="0"/>
  <testcase name="test_3571" classname="net.mooctest.NIOServer_sub_5_0_Test" time="0"/>
  <testcase name="test_3649" classname="net.mooctest.NIOServer_sub_5_0_Test" time="0"/>
  <testcase name="test_3656" classname="net.mooctest.NIOServer_sub_5_0_Test" time="0"/>
  <testcase name="test_3700" classname="net.mooctest.NIOServer_sub_5_0_Test" time="0"/>
  <testcase name="test_3725" classname="net.mooctest.NIOServer_sub_5_0_Test" time="0"/>
  <testcase name="test_3727" classname="net.mooctest.NIOServer_sub_5_0_Test" time="0"/>
  <testcase name="test_3745" classname="net.mooctest.NIOServer_sub_5_0_Test" time="0"/>
  <testcase name="test_3746" classname="net.mooctest.NIOServer_sub_5_0_Test" time="0"/>
  <testcase name="test_3747" classname="net.mooctest.NIOServer_sub_5_0_Test" time="0.001"/>
  <testcase name="test_3883" classname="net.mooctest.NIOServer_sub_5_0_Test" time="0"/>
  <testcase name="test_3894" classname="net.mooctest.NIOServer_sub_5_0_Test" time="0"/>
  <testcase name="test_4015" classname="net.mooctest.NIOServer_sub_5_0_Test" time="0.004"/>
  <testcase name="test_4017" classname="net.mooctest.NIOServer_sub_5_0_Test" time="0"/>
  <testcase name="test_4057" classname="net.mooctest.NIOServer_sub_5_0_Test" time="0"/>
  <testcase name="test_4115" classname="net.mooctest.NIOServer_sub_5_0_Test" time="0"/>
  <testcase name="test_4135" classname="net.mooctest.NIOServer_sub_5_0_Test" time="0.003"/>
  <testcase name="test_4270" classname="net.mooctest.NIOServer_sub_5_0_Test" time="0.001"/>
  <testcase name="test_4281" classname="net.mooctest.NIOServer_sub_5_0_Test" time="0.003"/>
  <testcase name="test_4312" classname="net.mooctest.NIOServer_sub_5_0_Test" time="0.009"/>
  <testcase name="test_4323" classname="net.mooctest.NIOServer_sub_5_0_Test" time="0"/>
  <testcase name="test_4331" classname="net.mooctest.NIOServer_sub_5_0_Test" time="0"/>
  <testcase name="test_4335" classname="net.mooctest.NIOServer_sub_5_0_Test" time="0"/>
  <testcase name="test_4352" classname="net.mooctest.NIOServer_sub_5_0_Test" time="0"/>
  <testcase name="test_4355" classname="net.mooctest.NIOServer_sub_5_0_Test" time="0"/>
  <testcase name="test_4390" classname="net.mooctest.NIOServer_sub_5_0_Test" time="0.009">
    <error type="java.lang.NullPointerException">java.lang.NullPointerException
	at net.mooctest.NIOServer_sub_5_0_Test.test_4390(NIOServer_sub_5_0_Test.java:623)
</error>
  </testcase>
  <testcase name="test_4409" classname="net.mooctest.NIOServer_sub_5_0_Test" time="0"/>
  <testcase name="test_4431" classname="net.mooctest.NIOServer_sub_5_0_Test" time="0"/>
  <testcase name="test_4452" classname="net.mooctest.NIOServer_sub_5_0_Test" time="0"/>
  <testcase name="test_4475" classname="net.mooctest.NIOServer_sub_5_0_Test" time="0"/>
  <testcase name="test_4476" classname="net.mooctest.NIOServer_sub_5_0_Test" time="0"/>
  <testcase name="test_4530" classname="net.mooctest.NIOServer_sub_5_0_Test" time="0"/>
  <testcase name="test_4548" classname="net.mooctest.NIOServer_sub_5_0_Test" time="0.005"/>
  <testcase name="test_4563" classname="net.mooctest.NIOServer_sub_5_0_Test" time="0.001"/>
  <testcase name="test_4567" classname="net.mooctest.NIOServer_sub_5_0_Test" time="0"/>
  <testcase name="test_4577" classname="net.mooctest.NIOServer_sub_5_0_Test" time="0"/>
  <testcase name="test_4584" classname="net.mooctest.NIOServer_sub_5_0_Test" time="0"/>
  <testcase name="test_4591" classname="net.mooctest.NIOServer_sub_5_0_Test" time="0"/>
  <testcase name="test_4598" classname="net.mooctest.NIOServer_sub_5_0_Test" time="0"/>
  <testcase name="test_4604" classname="net.mooctest.NIOServer_sub_5_0_Test" time="0"/>
  <testcase name="test_4619" classname="net.mooctest.NIOServer_sub_5_0_Test" time="0"/>
  <testcase name="test_4709" classname="net.mooctest.NIOServer_sub_5_0_Test" time="0"/>
  <testcase name="test_4725" classname="net.mooctest.NIOServer_sub_5_0_Test" time="0.001"/>
  <testcase name="test_4728" classname="net.mooctest.NIOServer_sub_5_0_Test" time="0"/>
  <testcase name="test_4752" classname="net.mooctest.NIOServer_sub_5_0_Test" time="0"/>
  <testcase name="test_4795" classname="net.mooctest.NIOServer_sub_5_0_Test" time="0"/>
  <testcase name="test_4816" classname="net.mooctest.NIOServer_sub_5_0_Test" time="0.001"/>
  <testcase name="test_4839" classname="net.mooctest.NIOServer_sub_5_0_Test" time="0"/>
  <testcase name="test_4859" classname="net.mooctest.NIOServer_sub_5_0_Test" time="0"/>
  <testcase name="test_4862" classname="net.mooctest.NIOServer_sub_5_0_Test" time="0"/>
  <testcase name="test_4926" classname="net.mooctest.NIOServer_sub_5_0_Test" time="0"/>
  <testcase name="test_5001" classname="net.mooctest.NIOServer_sub_5_0_Test" time="0"/>
  <testcase name="test_5005" classname="net.mooctest.NIOServer_sub_5_0_Test" time="0"/>
  <testcase name="test_5038" classname="net.mooctest.NIOServer_sub_5_0_Test" time="0.002"/>
  <testcase name="test_129" classname="net.mooctest.NIOServer_sub_5_0_Test" time="0"/>
  <testcase name="test_163" classname="net.mooctest.NIOServer_sub_5_0_Test" time="0"/>
  <testcase name="test_182" classname="net.mooctest.NIOServer_sub_5_0_Test" time="0"/>
  <testcase name="test_196" classname="net.mooctest.NIOServer_sub_5_0_Test" time="0.001"/>
  <testcase name="test_300" classname="net.mooctest.NIOServer_sub_5_0_Test" time="0"/>
  <testcase name="test_333" classname="net.mooctest.NIOServer_sub_5_0_Test" time="0.004"/>
  <testcase name="test_343" classname="net.mooctest.NIOServer_sub_5_0_Test" time="0"/>
  <testcase name="test_354" classname="net.mooctest.NIOServer_sub_5_0_Test" time="0"/>
  <testcase name="test_357" classname="net.mooctest.NIOServer_sub_5_0_Test" time="0"/>
  <testcase name="test_378" classname="net.mooctest.NIOServer_sub_5_0_Test" time="0"/>
  <testcase name="test_463" classname="net.mooctest.NIOServer_sub_5_0_Test" time="0"/>
  <testcase name="test_499" classname="net.mooctest.NIOServer_sub_5_0_Test" time="0.001"/>
  <testcase name="test_519" classname="net.mooctest.NIOServer_sub_5_0_Test" time="0"/>
  <testcase name="test_533" classname="net.mooctest.NIOServer_sub_5_0_Test" time="0"/>
  <testcase name="test_534" classname="net.mooctest.NIOServer_sub_5_0_Test" time="0"/>
  <testcase name="test_543" classname="net.mooctest.NIOServer_sub_5_0_Test" time="0"/>
  <testcase name="test_565" classname="net.mooctest.NIOServer_sub_5_0_Test" time="0"/>
  <testcase name="test_611" classname="net.mooctest.NIOServer_sub_5_0_Test" time="0"/>
  <testcase name="test_628" classname="net.mooctest.NIOServer_sub_5_0_Test" time="0"/>
  <testcase name="test_679" classname="net.mooctest.NIOServer_sub_5_0_Test" time="0"/>
  <testcase name="test_680" classname="net.mooctest.NIOServer_sub_5_0_Test" time="0"/>
  <testcase name="test_697" classname="net.mooctest.NIOServer_sub_5_0_Test" time="0"/>
  <testcase name="test_723" classname="net.mooctest.NIOServer_sub_5_0_Test" time="0"/>
  <testcase name="test_749" classname="net.mooctest.NIOServer_sub_5_0_Test" time="0"/>
  <testcase name="test_759" classname="net.mooctest.NIOServer_sub_5_0_Test" time="0"/>
  <testcase name="test_787" classname="net.mooctest.NIOServer_sub_5_0_Test" time="0.001"/>
  <testcase name="test_801" classname="net.mooctest.NIOServer_sub_5_0_Test" time="0"/>
  <testcase name="test_805" classname="net.mooctest.NIOServer_sub_5_0_Test" time="0"/>
  <testcase name="test_834" classname="net.mooctest.NIOServer_sub_5_0_Test" time="0"/>
  <testcase name="test_846" classname="net.mooctest.NIOServer_sub_5_0_Test" time="0"/>
  <testcase name="test_847" classname="net.mooctest.NIOServer_sub_5_0_Test" time="0"/>
  <testcase name="test_884" classname="net.mooctest.NIOServer_sub_5_0_Test" time="0"/>
  <testcase name="test_900" classname="net.mooctest.NIOServer_sub_5_0_Test" time="0"/>
  <testcase name="test_996" classname="net.mooctest.NIOServer_sub_5_0_Test" time="0"/>
  <testcase name="test_7" classname="net.mooctest.NIOServer_sub_5_0_Test" time="0"/>
</testsuite>