<?xml version="1.0" encoding="UTF-8"?>
<testsuite xmlns:xsi="http://www.w3.org/2001/XMLSchema-instance" xsi:noNamespaceSchemaLocation="https://maven.apache.org/surefire/maven-surefire-plugin/xsd/surefire-test-report.xsd" name="net.mooctest.Anagram_sub_10_0_Test" time="0.053" tests="178" errors="6" skipped="0" failures="4">
  <properties>
    <property name="awt.toolkit" value="sun.awt.X11.XToolkit"/>
    <property name="file.encoding.pkg" value="sun.io"/>
    <property name="java.specification.version" value="1.8"/>
    <property name="sun.cpu.isalist" value=""/>
    <property name="sun.jnu.encoding" value="ANSI_X3.4-1968"/>
    <property name="java.class.path" value="/data02/LCD/CTCA/coverage_test/test_main/Anagram/test_operational/target/test-classes:/data02/LCD/CTCA/coverage_test/test_main/Anagram/test_operational/target/classes:/data02/LCD/.m2/repository/junit/junit/4.12/junit-4.12.jar:/data02/LCD/.m2/repository/org/hamcrest/hamcrest-core/1.3/hamcrest-core-1.3.jar:/data02/LCD/.m2/repository/org/slf4j/slf4j-simple/1.7.25/slf4j-simple-1.7.25.jar:/data02/LCD/.m2/repository/org/slf4j/slf4j-api/1.7.25/slf4j-api-1.7.25.jar:/data02/LCD/.m2/repository/org/evosuite/evosuite-master/1.0.6/evosuite-master-1.0.6.jar:/data02/LCD/.m2/repository/org/jacoco/jacoco-maven-plugin/0.8.7/jacoco-maven-plugin-0.8.7.jar:/data02/LCD/.m2/repository/org/apache/maven/maven-plugin-api/3.0/maven-plugin-api-3.0.jar:/data02/LCD/.m2/repository/org/apache/maven/maven-model/3.0/maven-model-3.0.jar:/data02/LCD/.m2/repository/org/apache/maven/maven-artifact/3.0/maven-artifact-3.0.jar:/data02/LCD/.m2/repository/org/sonatype/sisu/sisu-inject-plexus/1.4.2/sisu-inject-plexus-1.4.2.jar:/data02/LCD/.m2/repository/org/sonatype/sisu/sisu-inject-bean/1.4.2/sisu-inject-bean-1.4.2.jar:/data02/LCD/.m2/repository/org/sonatype/sisu/sisu-guice/2.1.7/sisu-guice-2.1.7-noaop.jar:/data02/LCD/.m2/repository/org/apache/maven/maven-core/3.0/maven-core-3.0.jar:/data02/LCD/.m2/repository/org/apache/maven/maven-settings/3.0/maven-settings-3.0.jar:/data02/LCD/.m2/repository/org/apache/maven/maven-settings-builder/3.0/maven-settings-builder-3.0.jar:/data02/LCD/.m2/repository/org/apache/maven/maven-repository-metadata/3.0/maven-repository-metadata-3.0.jar:/data02/LCD/.m2/repository/org/apache/maven/maven-model-builder/3.0/maven-model-builder-3.0.jar:/data02/LCD/.m2/repository/org/apache/maven/maven-aether-provider/3.0/maven-aether-provider-3.0.jar:/data02/LCD/.m2/repository/org/sonatype/aether/aether-impl/1.7/aether-impl-1.7.jar:/data02/LCD/.m2/repository/org/sonatype/aether/aether-spi/1.7/aether-spi-1.7.jar:/data02/LCD/.m2/repository/org/sonatype/aether/aether-api/1.7/aether-api-1.7.jar:/data02/LCD/.m2/repository/org/sonatype/aether/aether-util/1.7/aether-util-1.7.jar:/data02/LCD/.m2/repository/org/codehaus/plexus/plexus-interpolation/1.14/plexus-interpolation-1.14.jar:/data02/LCD/.m2/repository/org/codehaus/plexus/plexus-classworlds/2.2.3/plexus-classworlds-2.2.3.jar:/data02/LCD/.m2/repository/org/codehaus/plexus/plexus-component-annotations/1.5.5/plexus-component-annotations-1.5.5.jar:/data02/LCD/.m2/repository/org/sonatype/plexus/plexus-sec-dispatcher/1.3/plexus-sec-dispatcher-1.3.jar:/data02/LCD/.m2/repository/org/sonatype/plexus/plexus-cipher/1.4/plexus-cipher-1.4.jar:/data02/LCD/.m2/repository/org/codehaus/plexus/plexus-utils/3.0.22/plexus-utils-3.0.22.jar:/data02/LCD/.m2/repository/org/apache/maven/shared/file-management/1.2.1/file-management-1.2.1.jar:/data02/LCD/.m2/repository/org/apache/maven/shared/maven-shared-io/1.1/maven-shared-io-1.1.jar:/data02/LCD/.m2/repository/org/apache/maven/maven-artifact-manager/2.0.2/maven-artifact-manager-2.0.2.jar:/data02/LCD/.m2/repository/org/apache/maven/wagon/wagon-provider-api/1.0-alpha-6/wagon-provider-api-1.0-alpha-6.jar:/data02/LCD/.m2/repository/org/codehaus/plexus/plexus-container-default/1.0-alpha-9/plexus-container-default-1.0-alpha-9.jar:/data02/LCD/.m2/repository/classworlds/classworlds/1.1-alpha-2/classworlds-1.1-alpha-2.jar:/data02/LCD/.m2/repository/org/apache/maven/reporting/maven-reporting-api/3.0/maven-reporting-api-3.0.jar:/data02/LCD/.m2/repository/org/apache/maven/doxia/doxia-sink-api/1.0/doxia-sink-api-1.0.jar:/data02/LCD/.m2/repository/org/jacoco/org.jacoco.agent/0.8.7/org.jacoco.agent-0.8.7-runtime.jar:/data02/LCD/.m2/repository/org/jacoco/org.jacoco.core/0.8.7/org.jacoco.core-0.8.7.jar:/data02/LCD/.m2/repository/org/ow2/asm/asm/9.1/asm-9.1.jar:/data02/LCD/.m2/repository/org/ow2/asm/asm-commons/9.1/asm-commons-9.1.jar:/data02/LCD/.m2/repository/org/ow2/asm/asm-analysis/9.1/asm-analysis-9.1.jar:/data02/LCD/.m2/repository/org/ow2/asm/asm-tree/9.1/asm-tree-9.1.jar:/data02/LCD/.m2/repository/org/jacoco/org.jacoco.report/0.8.7/org.jacoco.report-0.8.7.jar:"/>
    <property name="java.vm.vendor" value="Oracle Corporation"/>
    <property name="sun.arch.data.model" value="64"/>
    <property name="java.vendor.url" value="http://java.oracle.com/"/>
    <property name="user.timezone" value=""/>
    <property name="java.vm.specification.version" value="1.8"/>
    <property name="os.name" value="Linux"/>
    <property name="user.country" value="US"/>
    <property name="sun.java.launcher" value="SUN_STANDARD"/>
    <property name="sun.boot.library.path" value="/data02/LCD/CTCA/environment/Java8/jre/lib/amd64"/>
    <property name="sun.java.command" value="/data02/LCD/CTCA/coverage_test/test_main/Anagram/test_operational/target/surefire/surefirebooter7093328950725605848.jar /data02/LCD/CTCA/coverage_test/test_main/Anagram/test_operational/target/surefire 2024-10-16T14-54-40_980-jvmRun1 surefire5622816115311564183tmp surefire_0223519020791944542tmp"/>
    <property name="surefire.test.class.path" value="/data02/LCD/CTCA/coverage_test/test_main/Anagram/test_operational/target/test-classes:/data02/LCD/CTCA/coverage_test/test_main/Anagram/test_operational/target/classes:/data02/LCD/.m2/repository/junit/junit/4.12/junit-4.12.jar:/data02/LCD/.m2/repository/org/hamcrest/hamcrest-core/1.3/hamcrest-core-1.3.jar:/data02/LCD/.m2/repository/org/slf4j/slf4j-simple/1.7.25/slf4j-simple-1.7.25.jar:/data02/LCD/.m2/repository/org/slf4j/slf4j-api/1.7.25/slf4j-api-1.7.25.jar:/data02/LCD/.m2/repository/org/evosuite/evosuite-master/1.0.6/evosuite-master-1.0.6.jar:/data02/LCD/.m2/repository/org/jacoco/jacoco-maven-plugin/0.8.7/jacoco-maven-plugin-0.8.7.jar:/data02/LCD/.m2/repository/org/apache/maven/maven-plugin-api/3.0/maven-plugin-api-3.0.jar:/data02/LCD/.m2/repository/org/apache/maven/maven-model/3.0/maven-model-3.0.jar:/data02/LCD/.m2/repository/org/apache/maven/maven-artifact/3.0/maven-artifact-3.0.jar:/data02/LCD/.m2/repository/org/sonatype/sisu/sisu-inject-plexus/1.4.2/sisu-inject-plexus-1.4.2.jar:/data02/LCD/.m2/repository/org/sonatype/sisu/sisu-inject-bean/1.4.2/sisu-inject-bean-1.4.2.jar:/data02/LCD/.m2/repository/org/sonatype/sisu/sisu-guice/2.1.7/sisu-guice-2.1.7-noaop.jar:/data02/LCD/.m2/repository/org/apache/maven/maven-core/3.0/maven-core-3.0.jar:/data02/LCD/.m2/repository/org/apache/maven/maven-settings/3.0/maven-settings-3.0.jar:/data02/LCD/.m2/repository/org/apache/maven/maven-settings-builder/3.0/maven-settings-builder-3.0.jar:/data02/LCD/.m2/repository/org/apache/maven/maven-repository-metadata/3.0/maven-repository-metadata-3.0.jar:/data02/LCD/.m2/repository/org/apache/maven/maven-model-builder/3.0/maven-model-builder-3.0.jar:/data02/LCD/.m2/repository/org/apache/maven/maven-aether-provider/3.0/maven-aether-provider-3.0.jar:/data02/LCD/.m2/repository/org/sonatype/aether/aether-impl/1.7/aether-impl-1.7.jar:/data02/LCD/.m2/repository/org/sonatype/aether/aether-spi/1.7/aether-spi-1.7.jar:/data02/LCD/.m2/repository/org/sonatype/aether/aether-api/1.7/aether-api-1.7.jar:/data02/LCD/.m2/repository/org/sonatype/aether/aether-util/1.7/aether-util-1.7.jar:/data02/LCD/.m2/repository/org/codehaus/plexus/plexus-interpolation/1.14/plexus-interpolation-1.14.jar:/data02/LCD/.m2/repository/org/codehaus/plexus/plexus-classworlds/2.2.3/plexus-classworlds-2.2.3.jar:/data02/LCD/.m2/repository/org/codehaus/plexus/plexus-component-annotations/1.5.5/plexus-component-annotations-1.5.5.jar:/data02/LCD/.m2/repository/org/sonatype/plexus/plexus-sec-dispatcher/1.3/plexus-sec-dispatcher-1.3.jar:/data02/LCD/.m2/repository/org/sonatype/plexus/plexus-cipher/1.4/plexus-cipher-1.4.jar:/data02/LCD/.m2/repository/org/codehaus/plexus/plexus-utils/3.0.22/plexus-utils-3.0.22.jar:/data02/LCD/.m2/repository/org/apache/maven/shared/file-management/1.2.1/file-management-1.2.1.jar:/data02/LCD/.m2/repository/org/apache/maven/shared/maven-shared-io/1.1/maven-shared-io-1.1.jar:/data02/LCD/.m2/repository/org/apache/maven/maven-artifact-manager/2.0.2/maven-artifact-manager-2.0.2.jar:/data02/LCD/.m2/repository/org/apache/maven/wagon/wagon-provider-api/1.0-alpha-6/wagon-provider-api-1.0-alpha-6.jar:/data02/LCD/.m2/repository/org/codehaus/plexus/plexus-container-default/1.0-alpha-9/plexus-container-default-1.0-alpha-9.jar:/data02/LCD/.m2/repository/classworlds/classworlds/1.1-alpha-2/classworlds-1.1-alpha-2.jar:/data02/LCD/.m2/repository/org/apache/maven/reporting/maven-reporting-api/3.0/maven-reporting-api-3.0.jar:/data02/LCD/.m2/repository/org/apache/maven/doxia/doxia-sink-api/1.0/doxia-sink-api-1.0.jar:/data02/LCD/.m2/repository/org/jacoco/org.jacoco.agent/0.8.7/org.jacoco.agent-0.8.7-runtime.jar:/data02/LCD/.m2/repository/org/jacoco/org.jacoco.core/0.8.7/org.jacoco.core-0.8.7.jar:/data02/LCD/.m2/repository/org/ow2/asm/asm/9.1/asm-9.1.jar:/data02/LCD/.m2/repository/org/ow2/asm/asm-commons/9.1/asm-commons-9.1.jar:/data02/LCD/.m2/repository/org/ow2/asm/asm-analysis/9.1/asm-analysis-9.1.jar:/data02/LCD/.m2/repository/org/ow2/asm/asm-tree/9.1/asm-tree-9.1.jar:/data02/LCD/.m2/repository/org/jacoco/org.jacoco.report/0.8.7/org.jacoco.report-0.8.7.jar:"/>
    <property name="sun.cpu.endian" value="little"/>
    <property name="user.home" value="/data02/LCD"/>
    <property name="user.language" value="en"/>
    <property name="java.specification.vendor" value="Oracle Corporation"/>
    <property name="java.home" value="/data02/LCD/CTCA/environment/Java8/jre"/>
    <property name="basedir" value="/data02/LCD/CTCA/coverage_test/test_main/Anagram/test_operational"/>
    <property name="file.separator" value="/"/>
    <property name="line.separator" value="&#10;"/>
    <property name="java.vm.specification.vendor" value="Oracle Corporation"/>
    <property name="java.specification.name" value="Java Platform API Specification"/>
    <property name="java.awt.graphicsenv" value="sun.awt.X11GraphicsEnvironment"/>
    <property name="surefire.real.class.path" value="/data02/LCD/CTCA/coverage_test/test_main/Anagram/test_operational/target/surefire/surefirebooter7093328950725605848.jar:/data02/LCD/.m2/repository/org/jacoco/org.jacoco.agent/0.8.7/org.jacoco.agent-0.8.7-runtime.jar"/>
    <property name="sun.boot.class.path" value="/data02/LCD/CTCA/environment/Java8/jre/lib/resources.jar:/data02/LCD/CTCA/environment/Java8/jre/lib/rt.jar:/data02/LCD/CTCA/environment/Java8/jre/lib/jsse.jar:/data02/LCD/CTCA/environment/Java8/jre/lib/jce.jar:/data02/LCD/CTCA/environment/Java8/jre/lib/charsets.jar:/data02/LCD/CTCA/environment/Java8/jre/lib/jfr.jar:/data02/LCD/CTCA/environment/Java8/jre/classes"/>
    <property name="sun.management.compiler" value="HotSpot 64-Bit Tiered Compilers"/>
    <property name="java.runtime.version" value="1.8.0_391-b13"/>
    <property name="user.name" value="lcd"/>
    <property name="path.separator" value=":"/>
    <property name="os.version" value="5.15.0-102-generic"/>
    <property name="java.endorsed.dirs" value="/data02/LCD/CTCA/environment/Java8/jre/lib/endorsed"/>
    <property name="java.runtime.name" value="Java(TM) SE Runtime Environment"/>
    <property name="file.encoding" value="UTF-8"/>
    <property name="java.vm.name" value="Java HotSpot(TM) 64-Bit Server VM"/>
    <property name="localRepository" value="/data02/LCD/.m2/repository"/>
    <property name="java.vendor.url.bug" value="http://bugreport.sun.com/bugreport/"/>
    <property name="java.io.tmpdir" value="/tmp"/>
    <property name="java.version" value="1.8.0_391"/>
    <property name="user.dir" value="/data02/LCD/CTCA/coverage_test/test_main/Anagram/test_operational"/>
    <property name="os.arch" value="amd64"/>
    <property name="java.vm.specification.name" value="Java Virtual Machine Specification"/>
    <property name="java.awt.printerjob" value="sun.print.PSPrinterJob"/>
    <property name="sun.os.patch.level" value="unknown"/>
    <property name="java.library.path" value="/usr/local/cuda-11.1/lib64::/usr/java/packages/lib/amd64:/usr/lib64:/lib64:/lib:/usr/lib"/>
    <property name="java.vm.info" value="mixed mode"/>
    <property name="java.vendor" value="Oracle Corporation"/>
    <property name="java.vm.version" value="25.391-b13"/>
    <property name="java.specification.maintenance.version" value="5"/>
    <property name="java.ext.dirs" value="/data02/LCD/CTCA/environment/Java8/jre/lib/ext:/usr/java/packages/lib/ext"/>
    <property name="sun.io.unicode.encoding" value="UnicodeLittle"/>
    <property name="java.class.version" value="52.0"/>
  </properties>
  <testcase name="test_12" classname="net.mooctest.Anagram_sub_10_0_Test" time="0"/>
  <testcase name="test_15" classname="net.mooctest.Anagram_sub_10_0_Test" time="0.001"/>
  <testcase name="test_22" classname="net.mooctest.Anagram_sub_10_0_Test" time="0"/>
  <testcase name="test_47" classname="net.mooctest.Anagram_sub_10_0_Test" time="0"/>
  <testcase name="test_61" classname="net.mooctest.Anagram_sub_10_0_Test" time="0"/>
  <testcase name="test_62" classname="net.mooctest.Anagram_sub_10_0_Test" time="0"/>
  <testcase name="test_63" classname="net.mooctest.Anagram_sub_10_0_Test" time="0"/>
  <testcase name="test_64" classname="net.mooctest.Anagram_sub_10_0_Test" time="0"/>
  <testcase name="test_69" classname="net.mooctest.Anagram_sub_10_0_Test" time="0.003"/>
  <testcase name="test_74" classname="net.mooctest.Anagram_sub_10_0_Test" time="0.002"/>
  <testcase name="test_76" classname="net.mooctest.Anagram_sub_10_0_Test" time="0"/>
  <testcase name="test_95" classname="net.mooctest.Anagram_sub_10_0_Test" time="0"/>
  <testcase name="test_99" classname="net.mooctest.Anagram_sub_10_0_Test" time="0"/>
  <testcase name="test_1016" classname="net.mooctest.Anagram_sub_10_0_Test" time="0">
    <error message="/project/src/main/resources/net/mooctest/demo.txt (No such file or directory)" type="java.io.FileNotFoundException">java.io.FileNotFoundException: /project/src/main/resources/net/mooctest/demo.txt (No such file or directory)
	at net.mooctest.Anagram_sub_10_0_Test.test_1016(Anagram_sub_10_0_Test.java:2633)
</error>
  </testcase>
  <testcase name="test_1017" classname="net.mooctest.Anagram_sub_10_0_Test" time="0.014"/>
  <testcase name="test_1053" classname="net.mooctest.Anagram_sub_10_0_Test" time="0"/>
  <testcase name="test_1071" classname="net.mooctest.Anagram_sub_10_0_Test" time="0.002"/>
  <testcase name="test_1130" classname="net.mooctest.Anagram_sub_10_0_Test" time="0"/>
  <testcase name="test_1133" classname="net.mooctest.Anagram_sub_10_0_Test" time="0"/>
  <testcase name="test_1134" classname="net.mooctest.Anagram_sub_10_0_Test" time="0"/>
  <testcase name="test_1136" classname="net.mooctest.Anagram_sub_10_0_Test" time="0"/>
  <testcase name="test_1151" classname="net.mooctest.Anagram_sub_10_0_Test" time="0"/>
  <testcase name="test_1152" classname="net.mooctest.Anagram_sub_10_0_Test" time="0"/>
  <testcase name="test_1167" classname="net.mooctest.Anagram_sub_10_0_Test" time="0"/>
  <testcase name="test_1168" classname="net.mooctest.Anagram_sub_10_0_Test" time="0"/>
  <testcase name="test_1221" classname="net.mooctest.Anagram_sub_10_0_Test" time="0"/>
  <testcase name="test_1255" classname="net.mooctest.Anagram_sub_10_0_Test" time="0"/>
  <testcase name="test_1262" classname="net.mooctest.Anagram_sub_10_0_Test" time="0"/>
  <testcase name="test_1269" classname="net.mooctest.Anagram_sub_10_0_Test" time="0"/>
  <testcase name="test_1270" classname="net.mooctest.Anagram_sub_10_0_Test" time="0"/>
  <testcase name="test_1272" classname="net.mooctest.Anagram_sub_10_0_Test" time="0">
    <error message="demo.txt (No such file or directory)" type="java.io.FileNotFoundException">java.io.FileNotFoundException: demo.txt (No such file or directory)
	at net.mooctest.Anagram_sub_10_0_Test.test_1272(Anagram_sub_10_0_Test.java:3119)
</error>
  </testcase>
  <testcase name="test_1281" classname="net.mooctest.Anagram_sub_10_0_Test" time="0"/>
  <testcase name="test_1283" classname="net.mooctest.Anagram_sub_10_0_Test" time="0"/>
  <testcase name="test_1297" classname="net.mooctest.Anagram_sub_10_0_Test" time="0"/>
  <testcase name="test_1302" classname="net.mooctest.Anagram_sub_10_0_Test" time="0"/>
  <testcase name="test_1329" classname="net.mooctest.Anagram_sub_10_0_Test" time="0"/>
  <testcase name="test_1347" classname="net.mooctest.Anagram_sub_10_0_Test" time="0"/>
  <testcase name="test_1356" classname="net.mooctest.Anagram_sub_10_0_Test" time="0"/>
  <testcase name="test_1357" classname="net.mooctest.Anagram_sub_10_0_Test" time="0.002"/>
  <testcase name="test_1366" classname="net.mooctest.Anagram_sub_10_0_Test" time="0"/>
  <testcase name="test_1374" classname="net.mooctest.Anagram_sub_10_0_Test" time="0"/>
  <testcase name="test_1377" classname="net.mooctest.Anagram_sub_10_0_Test" time="0"/>
  <testcase name="test_1434" classname="net.mooctest.Anagram_sub_10_0_Test" time="0"/>
  <testcase name="test_1441" classname="net.mooctest.Anagram_sub_10_0_Test" time="0"/>
  <testcase name="test_1448" classname="net.mooctest.Anagram_sub_10_0_Test" time="0"/>
  <testcase name="test_1456" classname="net.mooctest.Anagram_sub_10_0_Test" time="0"/>
  <testcase name="test_1499" classname="net.mooctest.Anagram_sub_10_0_Test" time="0"/>
  <testcase name="test_1508" classname="net.mooctest.Anagram_sub_10_0_Test" time="0"/>
  <testcase name="test_1509" classname="net.mooctest.Anagram_sub_10_0_Test" time="0"/>
  <testcase name="test_1510" classname="net.mooctest.Anagram_sub_10_0_Test" time="0"/>
  <testcase name="test_1511" classname="net.mooctest.Anagram_sub_10_0_Test" time="0"/>
  <testcase name="test_1531" classname="net.mooctest.Anagram_sub_10_0_Test" time="0"/>
  <testcase name="test_1532" classname="net.mooctest.Anagram_sub_10_0_Test" time="0"/>
  <testcase name="test_1685" classname="net.mooctest.Anagram_sub_10_0_Test" time="0"/>
  <testcase name="test_1696" classname="net.mooctest.Anagram_sub_10_0_Test" time="0"/>
  <testcase name="test_1700" classname="net.mooctest.Anagram_sub_10_0_Test" time="0"/>
  <testcase name="test_1774" classname="net.mooctest.Anagram_sub_10_0_Test" time="0"/>
  <testcase name="test_1784" classname="net.mooctest.Anagram_sub_10_0_Test" time="0">
    <error message="wrong number of arguments" type="java.lang.IllegalArgumentException">java.lang.IllegalArgumentException: wrong number of arguments
	at net.mooctest.Anagram_sub_10_0_Test.test_1784(Anagram_sub_10_0_Test.java:2605)
</error>
  </testcase>
  <testcase name="test_1799" classname="net.mooctest.Anagram_sub_10_0_Test" time="0"/>
  <testcase name="test_1804" classname="net.mooctest.Anagram_sub_10_0_Test" time="0"/>
  <testcase name="test_1833" classname="net.mooctest.Anagram_sub_10_0_Test" time="0.004"/>
  <testcase name="test_1840" classname="net.mooctest.Anagram_sub_10_0_Test" time="0"/>
  <testcase name="test_1854" classname="net.mooctest.Anagram_sub_10_0_Test" time="0"/>
  <testcase name="test_1869" classname="net.mooctest.Anagram_sub_10_0_Test" time="0"/>
  <testcase name="test_2004" classname="net.mooctest.Anagram_sub_10_0_Test" time="0"/>
  <testcase name="test_2016" classname="net.mooctest.Anagram_sub_10_0_Test" time="0"/>
  <testcase name="test_2017" classname="net.mooctest.Anagram_sub_10_0_Test" time="0"/>
  <testcase name="test_2019" classname="net.mooctest.Anagram_sub_10_0_Test" time="0"/>
  <testcase name="test_2020" classname="net.mooctest.Anagram_sub_10_0_Test" time="0"/>
  <testcase name="test_2021" classname="net.mooctest.Anagram_sub_10_0_Test" time="0"/>
  <testcase name="test_2023" classname="net.mooctest.Anagram_sub_10_0_Test" time="0"/>
  <testcase name="test_2038" classname="net.mooctest.Anagram_sub_10_0_Test" time="0"/>
  <testcase name="test_2043" classname="net.mooctest.Anagram_sub_10_0_Test" time="0"/>
  <testcase name="test_2058" classname="net.mooctest.Anagram_sub_10_0_Test" time="0.004">
    <failure message="expected:&lt;true&gt; but was:&lt;false&gt;" type="java.lang.AssertionError"><![CDATA[java.lang.AssertionError: expected:<true> but was:<false>
	at net.mooctest.Anagram_sub_10_0_Test.test_2058(Anagram_sub_10_0_Test.java:2383)
]]></failure>
    <system-err><![CDATA[java.lang.IllegalArgumentException: file path invalid
	at net.mooctest.Dictionary.loadDictionaryWithSubsets(Dictionary.java:50)
	at net.mooctest.Anagram_sub_10_0_Test.test_2058(Anagram_sub_10_0_Test.java:2341)
	at sun.reflect.NativeMethodAccessorImpl.invoke0(Native Method)
	at sun.reflect.NativeMethodAccessorImpl.invoke(NativeMethodAccessorImpl.java:62)
	at sun.reflect.DelegatingMethodAccessorImpl.invoke(DelegatingMethodAccessorImpl.java:43)
	at java.lang.reflect.Method.invoke(Method.java:498)
	at org.junit.runners.model.FrameworkMethod$1.runReflectiveCall(FrameworkMethod.java:50)
	at org.junit.internal.runners.model.ReflectiveCallable.run(ReflectiveCallable.java:12)
	at org.junit.runners.model.FrameworkMethod.invokeExplosively(FrameworkMethod.java:47)
	at org.junit.internal.runners.statements.InvokeMethod.evaluate(InvokeMethod.java:17)
	at org.junit.runners.ParentRunner.runLeaf(ParentRunner.java:325)
	at org.junit.runners.BlockJUnit4ClassRunner.runChild(BlockJUnit4ClassRunner.java:78)
	at org.junit.runners.BlockJUnit4ClassRunner.runChild(BlockJUnit4ClassRunner.java:57)
	at org.junit.runners.ParentRunner$3.run(ParentRunner.java:290)
	at org.junit.runners.ParentRunner$1.schedule(ParentRunner.java:71)
	at org.junit.runners.ParentRunner.runChildren(ParentRunner.java:288)
	at org.junit.runners.ParentRunner.access$000(ParentRunner.java:58)
	at org.junit.runners.ParentRunner$2.evaluate(ParentRunner.java:268)
	at org.junit.runners.ParentRunner.run(ParentRunner.java:363)
	at org.apache.maven.surefire.junit4.JUnit4Provider.execute(JUnit4Provider.java:365)
	at org.apache.maven.surefire.junit4.JUnit4Provider.executeWithRerun(JUnit4Provider.java:273)
	at org.apache.maven.surefire.junit4.JUnit4Provider.executeTestSet(JUnit4Provider.java:238)
	at org.apache.maven.surefire.junit4.JUnit4Provider.invoke(JUnit4Provider.java:159)
	at org.apache.maven.surefire.booter.ForkedBooter.invokeProviderInSameClassLoader(ForkedBooter.java:384)
	at org.apache.maven.surefire.booter.ForkedBooter.runSuitesInProcess(ForkedBooter.java:345)
	at org.apache.maven.surefire.booter.ForkedBooter.execute(ForkedBooter.java:126)
	at org.apache.maven.surefire.booter.ForkedBooter.main(ForkedBooter.java:418)
java.lang.IllegalArgumentException: file path invalid
	at net.mooctest.Dictionary.loadDictionaryWithSubsets(Dictionary.java:50)
	at net.mooctest.Anagram_sub_10_0_Test.test_2058(Anagram_sub_10_0_Test.java:2350)
	at sun.reflect.NativeMethodAccessorImpl.invoke0(Native Method)
	at sun.reflect.NativeMethodAccessorImpl.invoke(NativeMethodAccessorImpl.java:62)
	at sun.reflect.DelegatingMethodAccessorImpl.invoke(DelegatingMethodAccessorImpl.java:43)
	at java.lang.reflect.Method.invoke(Method.java:498)
	at org.junit.runners.model.FrameworkMethod$1.runReflectiveCall(FrameworkMethod.java:50)
	at org.junit.internal.runners.model.ReflectiveCallable.run(ReflectiveCallable.java:12)
	at org.junit.runners.model.FrameworkMethod.invokeExplosively(FrameworkMethod.java:47)
	at org.junit.internal.runners.statements.InvokeMethod.evaluate(InvokeMethod.java:17)
	at org.junit.runners.ParentRunner.runLeaf(ParentRunner.java:325)
	at org.junit.runners.BlockJUnit4ClassRunner.runChild(BlockJUnit4ClassRunner.java:78)
	at org.junit.runners.BlockJUnit4ClassRunner.runChild(BlockJUnit4ClassRunner.java:57)
	at org.junit.runners.ParentRunner$3.run(ParentRunner.java:290)
	at org.junit.runners.ParentRunner$1.schedule(ParentRunner.java:71)
	at org.junit.runners.ParentRunner.runChildren(ParentRunner.java:288)
	at org.junit.runners.ParentRunner.access$000(ParentRunner.java:58)
	at org.junit.runners.ParentRunner$2.evaluate(ParentRunner.java:268)
	at org.junit.runners.ParentRunner.run(ParentRunner.java:363)
	at org.apache.maven.surefire.junit4.JUnit4Provider.execute(JUnit4Provider.java:365)
	at org.apache.maven.surefire.junit4.JUnit4Provider.executeWithRerun(JUnit4Provider.java:273)
	at org.apache.maven.surefire.junit4.JUnit4Provider.executeTestSet(JUnit4Provider.java:238)
	at org.apache.maven.surefire.junit4.JUnit4Provider.invoke(JUnit4Provider.java:159)
	at org.apache.maven.surefire.booter.ForkedBooter.invokeProviderInSameClassLoader(ForkedBooter.java:384)
	at org.apache.maven.surefire.booter.ForkedBooter.runSuitesInProcess(ForkedBooter.java:345)
	at org.apache.maven.surefire.booter.ForkedBooter.execute(ForkedBooter.java:126)
	at org.apache.maven.surefire.booter.ForkedBooter.main(ForkedBooter.java:418)
java.lang.IllegalArgumentException: file path invalid
	at net.mooctest.Dictionary.loadDictionaryWithSubsets(Dictionary.java:50)
	at net.mooctest.Anagram_sub_10_0_Test.test_2058(Anagram_sub_10_0_Test.java:2364)
	at sun.reflect.NativeMethodAccessorImpl.invoke0(Native Method)
	at sun.reflect.NativeMethodAccessorImpl.invoke(NativeMethodAccessorImpl.java:62)
	at sun.reflect.DelegatingMethodAccessorImpl.invoke(DelegatingMethodAccessorImpl.java:43)
	at java.lang.reflect.Method.invoke(Method.java:498)
	at org.junit.runners.model.FrameworkMethod$1.runReflectiveCall(FrameworkMethod.java:50)
	at org.junit.internal.runners.model.ReflectiveCallable.run(ReflectiveCallable.java:12)
	at org.junit.runners.model.FrameworkMethod.invokeExplosively(FrameworkMethod.java:47)
	at org.junit.internal.runners.statements.InvokeMethod.evaluate(InvokeMethod.java:17)
	at org.junit.runners.ParentRunner.runLeaf(ParentRunner.java:325)
	at org.junit.runners.BlockJUnit4ClassRunner.runChild(BlockJUnit4ClassRunner.java:78)
	at org.junit.runners.BlockJUnit4ClassRunner.runChild(BlockJUnit4ClassRunner.java:57)
	at org.junit.runners.ParentRunner$3.run(ParentRunner.java:290)
	at org.junit.runners.ParentRunner$1.schedule(ParentRunner.java:71)
	at org.junit.runners.ParentRunner.runChildren(ParentRunner.java:288)
	at org.junit.runners.ParentRunner.access$000(ParentRunner.java:58)
	at org.junit.runners.ParentRunner$2.evaluate(ParentRunner.java:268)
	at org.junit.runners.ParentRunner.run(ParentRunner.java:363)
	at org.apache.maven.surefire.junit4.JUnit4Provider.execute(JUnit4Provider.java:365)
	at org.apache.maven.surefire.junit4.JUnit4Provider.executeWithRerun(JUnit4Provider.java:273)
	at org.apache.maven.surefire.junit4.JUnit4Provider.executeTestSet(JUnit4Provider.java:238)
	at org.apache.maven.surefire.junit4.JUnit4Provider.invoke(JUnit4Provider.java:159)
	at org.apache.maven.surefire.booter.ForkedBooter.invokeProviderInSameClassLoader(ForkedBooter.java:384)
	at org.apache.maven.surefire.booter.ForkedBooter.runSuitesInProcess(ForkedBooter.java:345)
	at org.apache.maven.surefire.booter.ForkedBooter.execute(ForkedBooter.java:126)
	at org.apache.maven.surefire.booter.ForkedBooter.main(ForkedBooter.java:418)
]]></system-err>
  </testcase>
  <testcase name="test_2059" classname="net.mooctest.Anagram_sub_10_0_Test" time="0"/>
  <testcase name="test_2071" classname="net.mooctest.Anagram_sub_10_0_Test" time="0"/>
  <testcase name="test_2076" classname="net.mooctest.Anagram_sub_10_0_Test" time="0"/>
  <testcase name="test_2119" classname="net.mooctest.Anagram_sub_10_0_Test" time="0"/>
  <testcase name="test_101" classname="net.mooctest.Anagram_sub_10_0_Test" time="0"/>
  <testcase name="test_104" classname="net.mooctest.Anagram_sub_10_0_Test" time="0"/>
  <testcase name="test_119" classname="net.mooctest.Anagram_sub_10_0_Test" time="0"/>
  <testcase name="test_130" classname="net.mooctest.Anagram_sub_10_0_Test" time="0"/>
  <testcase name="test_135" classname="net.mooctest.Anagram_sub_10_0_Test" time="0"/>
  <testcase name="test_146" classname="net.mooctest.Anagram_sub_10_0_Test" time="0">
    <failure message="expected:&lt;[[hello]]&gt; but was:&lt;[]&gt;" type="java.lang.AssertionError">java.lang.AssertionError: expected:&lt;[[hello]]&gt; but was:&lt;[]&gt;	at net.mooctest.Anagram_sub_10_0_Test.test_146(Anagram_sub_10_0_Test.java:1116)</failure>
  </testcase>
  <testcase name="test_153" classname="net.mooctest.Anagram_sub_10_0_Test" time="0"/>
  <testcase name="test_157" classname="net.mooctest.Anagram_sub_10_0_Test" time="0"/>
  <testcase name="test_159" classname="net.mooctest.Anagram_sub_10_0_Test" time="0"/>
  <testcase name="test_160" classname="net.mooctest.Anagram_sub_10_0_Test" time="0"/>
  <testcase name="test_165" classname="net.mooctest.Anagram_sub_10_0_Test" time="0"/>
  <testcase name="test_184" classname="net.mooctest.Anagram_sub_10_0_Test" time="0"/>
  <testcase name="test_192" classname="net.mooctest.Anagram_sub_10_0_Test" time="0"/>
  <testcase name="test_194" classname="net.mooctest.Anagram_sub_10_0_Test" time="0"/>
  <testcase name="test_204" classname="net.mooctest.Anagram_sub_10_0_Test" time="0">
    <failure message="expected:&lt;false&gt; but was:&lt;true&gt;" type="java.lang.AssertionError"><![CDATA[java.lang.AssertionError: expected:<false> but was:<true>
	at net.mooctest.Anagram_sub_10_0_Test.test_204(Anagram_sub_10_0_Test.java:1683)
]]></failure>
  </testcase>
  <testcase name="test_214" classname="net.mooctest.Anagram_sub_10_0_Test" time="0"/>
  <testcase name="test_216" classname="net.mooctest.Anagram_sub_10_0_Test" time="0"/>
  <testcase name="test_220" classname="net.mooctest.Anagram_sub_10_0_Test" time="0"/>
  <testcase name="test_223" classname="net.mooctest.Anagram_sub_10_0_Test" time="0"/>
  <testcase name="test_224" classname="net.mooctest.Anagram_sub_10_0_Test" time="0"/>
  <testcase name="test_255" classname="net.mooctest.Anagram_sub_10_0_Test" time="0"/>
  <testcase name="test_256" classname="net.mooctest.Anagram_sub_10_0_Test" time="0"/>
  <testcase name="test_258" classname="net.mooctest.Anagram_sub_10_0_Test" time="0"/>
  <testcase name="test_268" classname="net.mooctest.Anagram_sub_10_0_Test" time="0"/>
  <testcase name="test_269" classname="net.mooctest.Anagram_sub_10_0_Test" time="0"/>
  <testcase name="test_292" classname="net.mooctest.Anagram_sub_10_0_Test" time="0"/>
  <testcase name="test_294" classname="net.mooctest.Anagram_sub_10_0_Test" time="0"/>
  <testcase name="test_295" classname="net.mooctest.Anagram_sub_10_0_Test" time="0"/>
  <testcase name="test_296" classname="net.mooctest.Anagram_sub_10_0_Test" time="0"/>
  <testcase name="test_298" classname="net.mooctest.Anagram_sub_10_0_Test" time="0"/>
  <testcase name="test_326" classname="net.mooctest.Anagram_sub_10_0_Test" time="0"/>
  <testcase name="test_353" classname="net.mooctest.Anagram_sub_10_0_Test" time="0"/>
  <testcase name="test_357" classname="net.mooctest.Anagram_sub_10_0_Test" time="0"/>
  <testcase name="test_360" classname="net.mooctest.Anagram_sub_10_0_Test" time="0"/>
  <testcase name="test_364" classname="net.mooctest.Anagram_sub_10_0_Test" time="0"/>
  <testcase name="test_378" classname="net.mooctest.Anagram_sub_10_0_Test" time="0"/>
  <testcase name="test_383" classname="net.mooctest.Anagram_sub_10_0_Test" time="0"/>
  <testcase name="test_385" classname="net.mooctest.Anagram_sub_10_0_Test" time="0">
    <failure message="expected:&lt;0&gt; but was:&lt;false&gt;" type="java.lang.AssertionError"><![CDATA[java.lang.AssertionError: expected:<0> but was:<false>
	at net.mooctest.Anagram_sub_10_0_Test.test_385(Anagram_sub_10_0_Test.java:1598)
]]></failure>
  </testcase>
  <testcase name="test_404" classname="net.mooctest.Anagram_sub_10_0_Test" time="0"/>
  <testcase name="test_422" classname="net.mooctest.Anagram_sub_10_0_Test" time="0"/>
  <testcase name="test_442" classname="net.mooctest.Anagram_sub_10_0_Test" time="0"/>
  <testcase name="test_445" classname="net.mooctest.Anagram_sub_10_0_Test" time="0"/>
  <testcase name="test_450" classname="net.mooctest.Anagram_sub_10_0_Test" time="0"/>
  <testcase name="test_455" classname="net.mooctest.Anagram_sub_10_0_Test" time="0"/>
  <testcase name="test_458" classname="net.mooctest.Anagram_sub_10_0_Test" time="0"/>
  <testcase name="test_469" classname="net.mooctest.Anagram_sub_10_0_Test" time="0"/>
  <testcase name="test_471" classname="net.mooctest.Anagram_sub_10_0_Test" time="0.007"/>
  <testcase name="test_472" classname="net.mooctest.Anagram_sub_10_0_Test" time="0.001"/>
  <testcase name="test_473" classname="net.mooctest.Anagram_sub_10_0_Test" time="0"/>
  <testcase name="test_474" classname="net.mooctest.Anagram_sub_10_0_Test" time="0">
    <error type="java.lang.NullPointerException">java.lang.NullPointerException
	at net.mooctest.Anagram_sub_10_0_Test.test_474(Anagram_sub_10_0_Test.java:1736)
</error>
  </testcase>
  <testcase name="test_481" classname="net.mooctest.Anagram_sub_10_0_Test" time="0"/>
  <testcase name="test_484" classname="net.mooctest.Anagram_sub_10_0_Test" time="0"/>
  <testcase name="test_485" classname="net.mooctest.Anagram_sub_10_0_Test" time="0"/>
  <testcase name="test_488" classname="net.mooctest.Anagram_sub_10_0_Test" time="0"/>
  <testcase name="test_497" classname="net.mooctest.Anagram_sub_10_0_Test" time="0"/>
  <testcase name="test_500" classname="net.mooctest.Anagram_sub_10_0_Test" time="0"/>
  <testcase name="test_501" classname="net.mooctest.Anagram_sub_10_0_Test" time="0"/>
  <testcase name="test_502" classname="net.mooctest.Anagram_sub_10_0_Test" time="0"/>
  <testcase name="test_503" classname="net.mooctest.Anagram_sub_10_0_Test" time="0">
    <error message="hsk (No such file or directory)" type="java.io.FileNotFoundException">java.io.FileNotFoundException: hsk (No such file or directory)
	at net.mooctest.Anagram_sub_10_0_Test.test_503(Anagram_sub_10_0_Test.java:2112)
</error>
  </testcase>
  <testcase name="test_505" classname="net.mooctest.Anagram_sub_10_0_Test" time="0"/>
  <testcase name="test_509" classname="net.mooctest.Anagram_sub_10_0_Test" time="0"/>
  <testcase name="test_510" classname="net.mooctest.Anagram_sub_10_0_Test" time="0"/>
  <testcase name="test_512" classname="net.mooctest.Anagram_sub_10_0_Test" time="0"/>
  <testcase name="test_538" classname="net.mooctest.Anagram_sub_10_0_Test" time="0"/>
  <testcase name="test_562" classname="net.mooctest.Anagram_sub_10_0_Test" time="0"/>
  <testcase name="test_572" classname="net.mooctest.Anagram_sub_10_0_Test" time="0"/>
  <testcase name="test_573" classname="net.mooctest.Anagram_sub_10_0_Test" time="0"/>
  <testcase name="test_602" classname="net.mooctest.Anagram_sub_10_0_Test" time="0"/>
  <testcase name="test_603" classname="net.mooctest.Anagram_sub_10_0_Test" time="0"/>
  <testcase name="test_604" classname="net.mooctest.Anagram_sub_10_0_Test" time="0"/>
  <testcase name="test_623" classname="net.mooctest.Anagram_sub_10_0_Test" time="0"/>
  <testcase name="test_632" classname="net.mooctest.Anagram_sub_10_0_Test" time="0"/>
  <testcase name="test_639" classname="net.mooctest.Anagram_sub_10_0_Test" time="0"/>
  <testcase name="test_668" classname="net.mooctest.Anagram_sub_10_0_Test" time="0"/>
  <testcase name="test_676" classname="net.mooctest.Anagram_sub_10_0_Test" time="0.001">
    <error message="F:\test.txt (No such file or directory)" type="java.io.FileNotFoundException">java.io.FileNotFoundException: F:\test.txt (No such file or directory)
	at net.mooctest.Anagram_sub_10_0_Test.test_676(Anagram_sub_10_0_Test.java:1376)
</error>
  </testcase>
  <testcase name="test_681" classname="net.mooctest.Anagram_sub_10_0_Test" time="0"/>
  <testcase name="test_682" classname="net.mooctest.Anagram_sub_10_0_Test" time="0"/>
  <testcase name="test_686" classname="net.mooctest.Anagram_sub_10_0_Test" time="0"/>
  <testcase name="test_693" classname="net.mooctest.Anagram_sub_10_0_Test" time="0"/>
  <testcase name="test_718" classname="net.mooctest.Anagram_sub_10_0_Test" time="0"/>
  <testcase name="test_834" classname="net.mooctest.Anagram_sub_10_0_Test" time="0.003"/>
  <testcase name="test_835" classname="net.mooctest.Anagram_sub_10_0_Test" time="0.003"/>
  <testcase name="test_852" classname="net.mooctest.Anagram_sub_10_0_Test" time="0"/>
  <testcase name="test_853" classname="net.mooctest.Anagram_sub_10_0_Test" time="0"/>
  <testcase name="test_866" classname="net.mooctest.Anagram_sub_10_0_Test" time="0"/>
  <testcase name="test_867" classname="net.mooctest.Anagram_sub_10_0_Test" time="0"/>
  <testcase name="test_869" classname="net.mooctest.Anagram_sub_10_0_Test" time="0"/>
  <testcase name="test_873" classname="net.mooctest.Anagram_sub_10_0_Test" time="0"/>
  <testcase name="test_874" classname="net.mooctest.Anagram_sub_10_0_Test" time="0"/>
  <testcase name="test_883" classname="net.mooctest.Anagram_sub_10_0_Test" time="0"/>
  <testcase name="test_935" classname="net.mooctest.Anagram_sub_10_0_Test" time="0"/>
  <testcase name="test_936" classname="net.mooctest.Anagram_sub_10_0_Test" time="0"/>
  <testcase name="test_972" classname="net.mooctest.Anagram_sub_10_0_Test" time="0"/>
  <testcase name="test_973" classname="net.mooctest.Anagram_sub_10_0_Test" time="0"/>
  <testcase name="test_977" classname="net.mooctest.Anagram_sub_10_0_Test" time="0"/>
  <testcase name="test_978" classname="net.mooctest.Anagram_sub_10_0_Test" time="0"/>
  <testcase name="test_0" classname="net.mooctest.Anagram_sub_10_0_Test" time="0"/>
  <testcase name="test_5" classname="net.mooctest.Anagram_sub_10_0_Test" time="0"/>
  <testcase name="test_7" classname="net.mooctest.Anagram_sub_10_0_Test" time="0"/>
  <testcase name="test_8" classname="net.mooctest.Anagram_sub_10_0_Test" time="0"/>
</testsuite>