<?xml version="1.0" encoding="UTF-8"?>
<testsuite xmlns:xsi="http://www.w3.org/2001/XMLSchema-instance" xsi:noNamespaceSchemaLocation="https://maven.apache.org/surefire/maven-surefire-plugin/xsd/surefire-test-report.xsd" name="net.mooctest.OthelloTest" time="0.107" tests="122" errors="0" skipped="0" failures="0">
  <properties>
    <property name="awt.toolkit" value="sun.awt.X11.XToolkit"/>
    <property name="file.encoding.pkg" value="sun.io"/>
    <property name="java.specification.version" value="1.8"/>
    <property name="sun.cpu.isalist" value=""/>
    <property name="sun.jnu.encoding" value="ANSI_X3.4-1968"/>
    <property name="java.class.path" value="/data02/LCD/CTCA/coverage_test/test_main/LLMOthello/test_operational/target/test-classes:/data02/LCD/CTCA/coverage_test/test_main/LLMOthello/test_operational/target/classes:/data02/LCD/.m2/repository/junit/junit/4.12/junit-4.12.jar:/data02/LCD/.m2/repository/org/hamcrest/hamcrest-core/1.3/hamcrest-core-1.3.jar:/data02/LCD/.m2/repository/org/slf4j/slf4j-simple/1.7.25/slf4j-simple-1.7.25.jar:/data02/LCD/.m2/repository/org/slf4j/slf4j-api/1.7.25/slf4j-api-1.7.25.jar:/data02/LCD/.m2/repository/org/evosuite/evosuite-master/1.0.6/evosuite-master-1.0.6.jar:/data02/LCD/.m2/repository/org/jacoco/jacoco-maven-plugin/0.8.7/jacoco-maven-plugin-0.8.7.jar:/data02/LCD/.m2/repository/org/apache/maven/maven-plugin-api/3.0/maven-plugin-api-3.0.jar:/data02/LCD/.m2/repository/org/apache/maven/maven-model/3.0/maven-model-3.0.jar:/data02/LCD/.m2/repository/org/apache/maven/maven-artifact/3.0/maven-artifact-3.0.jar:/data02/LCD/.m2/repository/org/sonatype/sisu/sisu-inject-plexus/1.4.2/sisu-inject-plexus-1.4.2.jar:/data02/LCD/.m2/repository/org/sonatype/sisu/sisu-inject-bean/1.4.2/sisu-inject-bean-1.4.2.jar:/data02/LCD/.m2/repository/org/sonatype/sisu/sisu-guice/2.1.7/sisu-guice-2.1.7-noaop.jar:/data02/LCD/.m2/repository/org/apache/maven/maven-core/3.0/maven-core-3.0.jar:/data02/LCD/.m2/repository/org/apache/maven/maven-settings/3.0/maven-settings-3.0.jar:/data02/LCD/.m2/repository/org/apache/maven/maven-settings-builder/3.0/maven-settings-builder-3.0.jar:/data02/LCD/.m2/repository/org/apache/maven/maven-repository-metadata/3.0/maven-repository-metadata-3.0.jar:/data02/LCD/.m2/repository/org/apache/maven/maven-model-builder/3.0/maven-model-builder-3.0.jar:/data02/LCD/.m2/repository/org/apache/maven/maven-aether-provider/3.0/maven-aether-provider-3.0.jar:/data02/LCD/.m2/repository/org/sonatype/aether/aether-impl/1.7/aether-impl-1.7.jar:/data02/LCD/.m2/repository/org/sonatype/aether/aether-spi/1.7/aether-spi-1.7.jar:/data02/LCD/.m2/repository/org/sonatype/aether/aether-api/1.7/aether-api-1.7.jar:/data02/LCD/.m2/repository/org/sonatype/aether/aether-util/1.7/aether-util-1.7.jar:/data02/LCD/.m2/repository/org/codehaus/plexus/plexus-interpolation/1.14/plexus-interpolation-1.14.jar:/data02/LCD/.m2/repository/org/codehaus/plexus/plexus-classworlds/2.2.3/plexus-classworlds-2.2.3.jar:/data02/LCD/.m2/repository/org/codehaus/plexus/plexus-component-annotations/1.5.5/plexus-component-annotations-1.5.5.jar:/data02/LCD/.m2/repository/org/sonatype/plexus/plexus-sec-dispatcher/1.3/plexus-sec-dispatcher-1.3.jar:/data02/LCD/.m2/repository/org/sonatype/plexus/plexus-cipher/1.4/plexus-cipher-1.4.jar:/data02/LCD/.m2/repository/org/codehaus/plexus/plexus-utils/3.0.22/plexus-utils-3.0.22.jar:/data02/LCD/.m2/repository/org/apache/maven/shared/file-management/1.2.1/file-management-1.2.1.jar:/data02/LCD/.m2/repository/org/apache/maven/shared/maven-shared-io/1.1/maven-shared-io-1.1.jar:/data02/LCD/.m2/repository/org/apache/maven/maven-artifact-manager/2.0.2/maven-artifact-manager-2.0.2.jar:/data02/LCD/.m2/repository/org/apache/maven/wagon/wagon-provider-api/1.0-alpha-6/wagon-provider-api-1.0-alpha-6.jar:/data02/LCD/.m2/repository/org/codehaus/plexus/plexus-container-default/1.0-alpha-9/plexus-container-default-1.0-alpha-9.jar:/data02/LCD/.m2/repository/classworlds/classworlds/1.1-alpha-2/classworlds-1.1-alpha-2.jar:/data02/LCD/.m2/repository/org/apache/maven/reporting/maven-reporting-api/3.0/maven-reporting-api-3.0.jar:/data02/LCD/.m2/repository/org/apache/maven/doxia/doxia-sink-api/1.0/doxia-sink-api-1.0.jar:/data02/LCD/.m2/repository/org/jacoco/org.jacoco.agent/0.8.7/org.jacoco.agent-0.8.7-runtime.jar:/data02/LCD/.m2/repository/org/jacoco/org.jacoco.core/0.8.7/org.jacoco.core-0.8.7.jar:/data02/LCD/.m2/repository/org/ow2/asm/asm/9.1/asm-9.1.jar:/data02/LCD/.m2/repository/org/ow2/asm/asm-commons/9.1/asm-commons-9.1.jar:/data02/LCD/.m2/repository/org/ow2/asm/asm-analysis/9.1/asm-analysis-9.1.jar:/data02/LCD/.m2/repository/org/ow2/asm/asm-tree/9.1/asm-tree-9.1.jar:/data02/LCD/.m2/repository/org/jacoco/org.jacoco.report/0.8.7/org.jacoco.report-0.8.7.jar:"/>
    <property name="java.vm.vendor" value="Oracle Corporation"/>
    <property name="sun.arch.data.model" value="64"/>
    <property name="java.vendor.url" value="http://java.oracle.com/"/>
    <property name="user.timezone" value=""/>
    <property name="java.vm.specification.version" value="1.8"/>
    <property name="os.name" value="Linux"/>
    <property name="user.country" value="US"/>
    <property name="sun.java.launcher" value="SUN_STANDARD"/>
    <property name="sun.boot.library.path" value="/data02/LCD/CTCA/environment/Java8/jre/lib/amd64"/>
    <property name="sun.java.command" value="/data02/LCD/CTCA/coverage_test/test_main/LLMOthello/test_operational/target/surefire/surefirebooter2226495703751512851.jar /data02/LCD/CTCA/coverage_test/test_main/LLMOthello/test_operational/target/surefire 2024-10-09T19-49-36_521-jvmRun1 surefire5227201517250594372tmp surefire_02167649575053425374tmp"/>
    <property name="surefire.test.class.path" value="/data02/LCD/CTCA/coverage_test/test_main/LLMOthello/test_operational/target/test-classes:/data02/LCD/CTCA/coverage_test/test_main/LLMOthello/test_operational/target/classes:/data02/LCD/.m2/repository/junit/junit/4.12/junit-4.12.jar:/data02/LCD/.m2/repository/org/hamcrest/hamcrest-core/1.3/hamcrest-core-1.3.jar:/data02/LCD/.m2/repository/org/slf4j/slf4j-simple/1.7.25/slf4j-simple-1.7.25.jar:/data02/LCD/.m2/repository/org/slf4j/slf4j-api/1.7.25/slf4j-api-1.7.25.jar:/data02/LCD/.m2/repository/org/evosuite/evosuite-master/1.0.6/evosuite-master-1.0.6.jar:/data02/LCD/.m2/repository/org/jacoco/jacoco-maven-plugin/0.8.7/jacoco-maven-plugin-0.8.7.jar:/data02/LCD/.m2/repository/org/apache/maven/maven-plugin-api/3.0/maven-plugin-api-3.0.jar:/data02/LCD/.m2/repository/org/apache/maven/maven-model/3.0/maven-model-3.0.jar:/data02/LCD/.m2/repository/org/apache/maven/maven-artifact/3.0/maven-artifact-3.0.jar:/data02/LCD/.m2/repository/org/sonatype/sisu/sisu-inject-plexus/1.4.2/sisu-inject-plexus-1.4.2.jar:/data02/LCD/.m2/repository/org/sonatype/sisu/sisu-inject-bean/1.4.2/sisu-inject-bean-1.4.2.jar:/data02/LCD/.m2/repository/org/sonatype/sisu/sisu-guice/2.1.7/sisu-guice-2.1.7-noaop.jar:/data02/LCD/.m2/repository/org/apache/maven/maven-core/3.0/maven-core-3.0.jar:/data02/LCD/.m2/repository/org/apache/maven/maven-settings/3.0/maven-settings-3.0.jar:/data02/LCD/.m2/repository/org/apache/maven/maven-settings-builder/3.0/maven-settings-builder-3.0.jar:/data02/LCD/.m2/repository/org/apache/maven/maven-repository-metadata/3.0/maven-repository-metadata-3.0.jar:/data02/LCD/.m2/repository/org/apache/maven/maven-model-builder/3.0/maven-model-builder-3.0.jar:/data02/LCD/.m2/repository/org/apache/maven/maven-aether-provider/3.0/maven-aether-provider-3.0.jar:/data02/LCD/.m2/repository/org/sonatype/aether/aether-impl/1.7/aether-impl-1.7.jar:/data02/LCD/.m2/repository/org/sonatype/aether/aether-spi/1.7/aether-spi-1.7.jar:/data02/LCD/.m2/repository/org/sonatype/aether/aether-api/1.7/aether-api-1.7.jar:/data02/LCD/.m2/repository/org/sonatype/aether/aether-util/1.7/aether-util-1.7.jar:/data02/LCD/.m2/repository/org/codehaus/plexus/plexus-interpolation/1.14/plexus-interpolation-1.14.jar:/data02/LCD/.m2/repository/org/codehaus/plexus/plexus-classworlds/2.2.3/plexus-classworlds-2.2.3.jar:/data02/LCD/.m2/repository/org/codehaus/plexus/plexus-component-annotations/1.5.5/plexus-component-annotations-1.5.5.jar:/data02/LCD/.m2/repository/org/sonatype/plexus/plexus-sec-dispatcher/1.3/plexus-sec-dispatcher-1.3.jar:/data02/LCD/.m2/repository/org/sonatype/plexus/plexus-cipher/1.4/plexus-cipher-1.4.jar:/data02/LCD/.m2/repository/org/codehaus/plexus/plexus-utils/3.0.22/plexus-utils-3.0.22.jar:/data02/LCD/.m2/repository/org/apache/maven/shared/file-management/1.2.1/file-management-1.2.1.jar:/data02/LCD/.m2/repository/org/apache/maven/shared/maven-shared-io/1.1/maven-shared-io-1.1.jar:/data02/LCD/.m2/repository/org/apache/maven/maven-artifact-manager/2.0.2/maven-artifact-manager-2.0.2.jar:/data02/LCD/.m2/repository/org/apache/maven/wagon/wagon-provider-api/1.0-alpha-6/wagon-provider-api-1.0-alpha-6.jar:/data02/LCD/.m2/repository/org/codehaus/plexus/plexus-container-default/1.0-alpha-9/plexus-container-default-1.0-alpha-9.jar:/data02/LCD/.m2/repository/classworlds/classworlds/1.1-alpha-2/classworlds-1.1-alpha-2.jar:/data02/LCD/.m2/repository/org/apache/maven/reporting/maven-reporting-api/3.0/maven-reporting-api-3.0.jar:/data02/LCD/.m2/repository/org/apache/maven/doxia/doxia-sink-api/1.0/doxia-sink-api-1.0.jar:/data02/LCD/.m2/repository/org/jacoco/org.jacoco.agent/0.8.7/org.jacoco.agent-0.8.7-runtime.jar:/data02/LCD/.m2/repository/org/jacoco/org.jacoco.core/0.8.7/org.jacoco.core-0.8.7.jar:/data02/LCD/.m2/repository/org/ow2/asm/asm/9.1/asm-9.1.jar:/data02/LCD/.m2/repository/org/ow2/asm/asm-commons/9.1/asm-commons-9.1.jar:/data02/LCD/.m2/repository/org/ow2/asm/asm-analysis/9.1/asm-analysis-9.1.jar:/data02/LCD/.m2/repository/org/ow2/asm/asm-tree/9.1/asm-tree-9.1.jar:/data02/LCD/.m2/repository/org/jacoco/org.jacoco.report/0.8.7/org.jacoco.report-0.8.7.jar:"/>
    <property name="sun.cpu.endian" value="little"/>
    <property name="user.home" value="/data02/LCD"/>
    <property name="user.language" value="en"/>
    <property name="java.specification.vendor" value="Oracle Corporation"/>
    <property name="java.home" value="/data02/LCD/CTCA/environment/Java8/jre"/>
    <property name="basedir" value="/data02/LCD/CTCA/coverage_test/test_main/LLMOthello/test_operational"/>
    <property name="file.separator" value="/"/>
    <property name="line.separator" value="&#10;"/>
    <property name="java.vm.specification.vendor" value="Oracle Corporation"/>
    <property name="java.specification.name" value="Java Platform API Specification"/>
    <property name="java.awt.graphicsenv" value="sun.awt.X11GraphicsEnvironment"/>
    <property name="surefire.real.class.path" value="/data02/LCD/CTCA/coverage_test/test_main/LLMOthello/test_operational/target/surefire/surefirebooter2226495703751512851.jar:/data02/LCD/.m2/repository/org/jacoco/org.jacoco.agent/0.8.7/org.jacoco.agent-0.8.7-runtime.jar"/>
    <property name="sun.boot.class.path" value="/data02/LCD/CTCA/environment/Java8/jre/lib/resources.jar:/data02/LCD/CTCA/environment/Java8/jre/lib/rt.jar:/data02/LCD/CTCA/environment/Java8/jre/lib/jsse.jar:/data02/LCD/CTCA/environment/Java8/jre/lib/jce.jar:/data02/LCD/CTCA/environment/Java8/jre/lib/charsets.jar:/data02/LCD/CTCA/environment/Java8/jre/lib/jfr.jar:/data02/LCD/CTCA/environment/Java8/jre/classes"/>
    <property name="sun.management.compiler" value="HotSpot 64-Bit Tiered Compilers"/>
    <property name="java.runtime.version" value="1.8.0_391-b13"/>
    <property name="user.name" value="lcd"/>
    <property name="path.separator" value=":"/>
    <property name="os.version" value="5.15.0-102-generic"/>
    <property name="java.endorsed.dirs" value="/data02/LCD/CTCA/environment/Java8/jre/lib/endorsed"/>
    <property name="java.runtime.name" value="Java(TM) SE Runtime Environment"/>
    <property name="file.encoding" value="UTF-8"/>
    <property name="java.vm.name" value="Java HotSpot(TM) 64-Bit Server VM"/>
    <property name="localRepository" value="/data02/LCD/.m2/repository"/>
    <property name="java.vendor.url.bug" value="http://bugreport.sun.com/bugreport/"/>
    <property name="java.io.tmpdir" value="/tmp"/>
    <property name="java.version" value="1.8.0_391"/>
    <property name="user.dir" value="/data02/LCD/CTCA/coverage_test/test_main/LLMOthello/test_operational"/>
    <property name="os.arch" value="amd64"/>
    <property name="java.vm.specification.name" value="Java Virtual Machine Specification"/>
    <property name="java.awt.printerjob" value="sun.print.PSPrinterJob"/>
    <property name="sun.os.patch.level" value="unknown"/>
    <property name="java.library.path" value="/usr/local/cuda-11.1/lib64::/usr/java/packages/lib/amd64:/usr/lib64:/lib64:/lib:/usr/lib"/>
    <property name="java.vm.info" value="mixed mode"/>
    <property name="java.vendor" value="Oracle Corporation"/>
    <property name="java.vm.version" value="25.391-b13"/>
    <property name="java.specification.maintenance.version" value="5"/>
    <property name="java.ext.dirs" value="/data02/LCD/CTCA/environment/Java8/jre/lib/ext:/usr/java/packages/lib/ext"/>
    <property name="sun.io.unicode.encoding" value="UnicodeLittle"/>
    <property name="java.class.version" value="52.0"/>
  </properties>
  <testcase name="testOthello0" classname="net.mooctest.OthelloTest" time="0.007"/>
  <testcase name="testOthello1" classname="net.mooctest.OthelloTest" time="0"/>
  <testcase name="testOthello2" classname="net.mooctest.OthelloTest" time="0"/>
  <testcase name="testOthello3" classname="net.mooctest.OthelloTest" time="0"/>
  <testcase name="testOthello4" classname="net.mooctest.OthelloTest" time="0.001"/>
  <testcase name="testOthello5" classname="net.mooctest.OthelloTest" time="0"/>
  <testcase name="testOthello6" classname="net.mooctest.OthelloTest" time="0"/>
  <testcase name="testOthello7" classname="net.mooctest.OthelloTest" time="0.001"/>
  <testcase name="testOthello8" classname="net.mooctest.OthelloTest" time="0"/>
  <testcase name="testBoard00" classname="net.mooctest.OthelloTest" time="0.006"/>
  <testcase name="testBoard01" classname="net.mooctest.OthelloTest" time="0.005"/>
  <testcase name="testBoard02" classname="net.mooctest.OthelloTest" time="0.001"/>
  <testcase name="testBoard03" classname="net.mooctest.OthelloTest" time="0.001"/>
  <testcase name="testBoard04" classname="net.mooctest.OthelloTest" time="0"/>
  <testcase name="testBoard05" classname="net.mooctest.OthelloTest" time="0.001"/>
  <testcase name="testBoard06" classname="net.mooctest.OthelloTest" time="0"/>
  <testcase name="testBoard07" classname="net.mooctest.OthelloTest" time="0.001"/>
  <testcase name="testBoard08" classname="net.mooctest.OthelloTest" time="0.001"/>
  <testcase name="testBoard09" classname="net.mooctest.OthelloTest" time="0.001"/>
  <testcase name="testBoard10" classname="net.mooctest.OthelloTest" time="0.001"/>
  <testcase name="testBoard11" classname="net.mooctest.OthelloTest" time="0.001"/>
  <testcase name="testBoard12" classname="net.mooctest.OthelloTest" time="0"/>
  <testcase name="testBoard13" classname="net.mooctest.OthelloTest" time="0.001"/>
  <testcase name="testBoard14" classname="net.mooctest.OthelloTest" time="0"/>
  <testcase name="testBoard15" classname="net.mooctest.OthelloTest" time="0"/>
  <testcase name="testBoard16" classname="net.mooctest.OthelloTest" time="0"/>
  <testcase name="testBoard17" classname="net.mooctest.OthelloTest" time="0"/>
  <testcase name="testBoard18" classname="net.mooctest.OthelloTest" time="0.001"/>
  <testcase name="testBoard19" classname="net.mooctest.OthelloTest" time="0"/>
  <testcase name="testBoard20" classname="net.mooctest.OthelloTest" time="0"/>
  <testcase name="testBoard21" classname="net.mooctest.OthelloTest" time="0.001"/>
  <testcase name="testBoard22" classname="net.mooctest.OthelloTest" time="0"/>
  <testcase name="testBoard23" classname="net.mooctest.OthelloTest" time="0"/>
  <testcase name="testBoard24" classname="net.mooctest.OthelloTest" time="0"/>
  <testcase name="testBoard25" classname="net.mooctest.OthelloTest" time="0"/>
  <testcase name="testBoard26" classname="net.mooctest.OthelloTest" time="0.001"/>
  <testcase name="testBoard27" classname="net.mooctest.OthelloTest" time="0"/>
  <testcase name="testBoard28" classname="net.mooctest.OthelloTest" time="0"/>
  <testcase name="testBoard29" classname="net.mooctest.OthelloTest" time="0.007"/>
  <testcase name="testBoard30" classname="net.mooctest.OthelloTest" time="0"/>
  <testcase name="testBoard31" classname="net.mooctest.OthelloTest" time="0.001"/>
  <testcase name="testBoard32" classname="net.mooctest.OthelloTest" time="0"/>
  <testcase name="testBoard33" classname="net.mooctest.OthelloTest" time="0"/>
  <testcase name="testBoard34" classname="net.mooctest.OthelloTest" time="0"/>
  <testcase name="testBoard35" classname="net.mooctest.OthelloTest" time="0"/>
  <testcase name="testBoard36" classname="net.mooctest.OthelloTest" time="0"/>
  <testcase name="testBoard37" classname="net.mooctest.OthelloTest" time="0"/>
  <testcase name="testBoard38" classname="net.mooctest.OthelloTest" time="0.001"/>
  <testcase name="testBoard39" classname="net.mooctest.OthelloTest" time="0"/>
  <testcase name="testBoard40" classname="net.mooctest.OthelloTest" time="0"/>
  <testcase name="testBoard41" classname="net.mooctest.OthelloTest" time="0"/>
  <testcase name="testBoard42" classname="net.mooctest.OthelloTest" time="0.001"/>
  <testcase name="testBoard43" classname="net.mooctest.OthelloTest" time="0.001"/>
  <testcase name="testBoard44" classname="net.mooctest.OthelloTest" time="0"/>
  <testcase name="testBoard45" classname="net.mooctest.OthelloTest" time="0.001"/>
  <testcase name="testBoard46" classname="net.mooctest.OthelloTest" time="0"/>
  <testcase name="testBoard47" classname="net.mooctest.OthelloTest" time="0.001"/>
  <testcase name="testBoard48" classname="net.mooctest.OthelloTest" time="0.001"/>
  <testcase name="testBoard49" classname="net.mooctest.OthelloTest" time="0.001"/>
  <testcase name="testBoard50" classname="net.mooctest.OthelloTest" time="0.001"/>
  <testcase name="testBoard51" classname="net.mooctest.OthelloTest" time="0.001"/>
  <testcase name="testBoard52" classname="net.mooctest.OthelloTest" time="0"/>
  <testcase name="testBoard53" classname="net.mooctest.OthelloTest" time="0"/>
  <testcase name="testBoard54" classname="net.mooctest.OthelloTest" time="0"/>
  <testcase name="testBoard55" classname="net.mooctest.OthelloTest" time="0"/>
  <testcase name="testBoard56" classname="net.mooctest.OthelloTest" time="0"/>
  <testcase name="testBoard57" classname="net.mooctest.OthelloTest" time="0"/>
  <testcase name="testAlphaBetaPruning00" classname="net.mooctest.OthelloTest" time="0.001"/>
  <testcase name="testAlphaBetaPruning01" classname="net.mooctest.OthelloTest" time="0.001"/>
  <testcase name="testAlphaBetaPruning02" classname="net.mooctest.OthelloTest" time="0"/>
  <testcase name="testAlphaBetaPruning03" classname="net.mooctest.OthelloTest" time="0"/>
  <testcase name="testAlphaBetaPruning04" classname="net.mooctest.OthelloTest" time="0.001"/>
  <testcase name="testAlphaBetaPruning05" classname="net.mooctest.OthelloTest" time="0"/>
  <testcase name="testAlphaBetaPruning06" classname="net.mooctest.OthelloTest" time="0"/>
  <testcase name="testAlphaBetaPruning07" classname="net.mooctest.OthelloTest" time="0.001"/>
  <testcase name="testAlphaBetaPruning08" classname="net.mooctest.OthelloTest" time="0"/>
  <testcase name="testAlphaBetaPruning09" classname="net.mooctest.OthelloTest" time="0"/>
  <testcase name="testAlphaBetaPruning10" classname="net.mooctest.OthelloTest" time="0.001"/>
  <testcase name="testAlphaBetaPruning11" classname="net.mooctest.OthelloTest" time="0"/>
  <testcase name="testAlphaBetaPruning12" classname="net.mooctest.OthelloTest" time="0"/>
  <testcase name="testAlphaBetaPruning13" classname="net.mooctest.OthelloTest" time="0"/>
  <testcase name="testAlphaBetaPruning14" classname="net.mooctest.OthelloTest" time="0"/>
  <testcase name="testAlphaBetaPruning15" classname="net.mooctest.OthelloTest" time="0"/>
  <testcase name="testAlphaBetaPruning16" classname="net.mooctest.OthelloTest" time="0"/>
  <testcase name="testAlphaBetaPruning17" classname="net.mooctest.OthelloTest" time="0"/>
  <testcase name="testAlphaBetaPruning18" classname="net.mooctest.OthelloTest" time="0"/>
  <testcase name="testAlphaBetaPruning19" classname="net.mooctest.OthelloTest" time="0"/>
  <testcase name="testAlphaBetaPruning20" classname="net.mooctest.OthelloTest" time="0"/>
  <testcase name="testAlphaBetaPruning21" classname="net.mooctest.OthelloTest" time="0"/>
  <testcase name="testAlphaBetaPruning22" classname="net.mooctest.OthelloTest" time="0"/>
  <testcase name="testAlphaBetaPruning23" classname="net.mooctest.OthelloTest" time="0"/>
  <testcase name="testAlphaBetaPruning24" classname="net.mooctest.OthelloTest" time="0"/>
  <testcase name="testAlphaBetaPruning25" classname="net.mooctest.OthelloTest" time="0.001"/>
  <testcase name="testAlphaBetaPruning26" classname="net.mooctest.OthelloTest" time="0"/>
  <testcase name="testAlphaBetaPruning27" classname="net.mooctest.OthelloTest" time="0"/>
  <testcase name="testAlphaBetaPruning28" classname="net.mooctest.OthelloTest" time="0"/>
  <testcase name="testAlphaBetaPruning29" classname="net.mooctest.OthelloTest" time="0.001"/>
  <testcase name="testAlphaBetaPruning30" classname="net.mooctest.OthelloTest" time="0"/>
  <testcase name="testAlphaBetaPruning31" classname="net.mooctest.OthelloTest" time="0"/>
  <testcase name="testAlphaBetaPruning32" classname="net.mooctest.OthelloTest" time="0"/>
  <testcase name="testAlphaBetaPruning33" classname="net.mooctest.OthelloTest" time="0.001"/>
  <testcase name="testAlphaBetaPruning34" classname="net.mooctest.OthelloTest" time="0"/>
  <testcase name="testMyTreeNode00" classname="net.mooctest.OthelloTest" time="0"/>
  <testcase name="testMyTreeNode01" classname="net.mooctest.OthelloTest" time="0.001"/>
  <testcase name="testMyTreeNode02" classname="net.mooctest.OthelloTest" time="0"/>
  <testcase name="testMyTreeNode03" classname="net.mooctest.OthelloTest" time="0"/>
  <testcase name="testMyTreeNode04" classname="net.mooctest.OthelloTest" time="0"/>
  <testcase name="testMyTreeNode05" classname="net.mooctest.OthelloTest" time="0"/>
  <testcase name="testMyTreeNode06" classname="net.mooctest.OthelloTest" time="0"/>
  <testcase name="testMyTreeNode07" classname="net.mooctest.OthelloTest" time="0"/>
  <testcase name="testMyTreeNode08" classname="net.mooctest.OthelloTest" time="0"/>
  <testcase name="testMyTreeNode09" classname="net.mooctest.OthelloTest" time="0"/>
  <testcase name="testMyTreeNode10" classname="net.mooctest.OthelloTest" time="0"/>
  <testcase name="testMyTreeNode11" classname="net.mooctest.OthelloTest" time="0"/>
  <testcase name="testMyTreeNode12" classname="net.mooctest.OthelloTest" time="0"/>
  <testcase name="testMyTreeNode13" classname="net.mooctest.OthelloTest" time="0"/>
  <testcase name="testMyTreeNode14" classname="net.mooctest.OthelloTest" time="0"/>
  <testcase name="testMyTreeNode15" classname="net.mooctest.OthelloTest" time="0"/>
  <testcase name="testMyTreeNode16" classname="net.mooctest.OthelloTest" time="0"/>
  <testcase name="testMyTreeNode17" classname="net.mooctest.OthelloTest" time="0"/>
  <testcase name="testMyTreeNode19" classname="net.mooctest.OthelloTest" time="0"/>
  <testcase name="testMyTreeNode20" classname="net.mooctest.OthelloTest" time="0.001"/>
</testsuite>