<?xml version="1.0" encoding="UTF-8"?>
<testsuite xmlns:xsi="http://www.w3.org/2001/XMLSchema-instance" xsi:noNamespaceSchemaLocation="https://maven.apache.org/surefire/maven-surefire-plugin/xsd/surefire-test-report.xsd" name="net.mooctest.GTree_sub_10_1_Test" time="0.043" tests="100" errors="3" skipped="0" failures="1">
  <properties>
    <property name="awt.toolkit" value="sun.awt.X11.XToolkit"/>
    <property name="file.encoding.pkg" value="sun.io"/>
    <property name="java.specification.version" value="1.8"/>
    <property name="sun.cpu.isalist" value=""/>
    <property name="sun.jnu.encoding" value="ANSI_X3.4-1968"/>
    <property name="java.class.path" value="/data02/LCD/CTCA/coverage_test/test_main/GTree/test_operational/target/test-classes:/data02/LCD/CTCA/coverage_test/test_main/GTree/test_operational/target/classes:/data02/LCD/.m2/repository/junit/junit/4.12/junit-4.12.jar:/data02/LCD/.m2/repository/org/hamcrest/hamcrest-core/1.3/hamcrest-core-1.3.jar:/data02/LCD/.m2/repository/org/slf4j/slf4j-simple/1.7.25/slf4j-simple-1.7.25.jar:/data02/LCD/.m2/repository/org/slf4j/slf4j-api/1.7.25/slf4j-api-1.7.25.jar:/data02/LCD/.m2/repository/org/evosuite/evosuite-master/1.0.6/evosuite-master-1.0.6.jar:/data02/LCD/.m2/repository/org/jacoco/jacoco-maven-plugin/0.8.7/jacoco-maven-plugin-0.8.7.jar:/data02/LCD/.m2/repository/org/apache/maven/maven-plugin-api/3.0/maven-plugin-api-3.0.jar:/data02/LCD/.m2/repository/org/apache/maven/maven-model/3.0/maven-model-3.0.jar:/data02/LCD/.m2/repository/org/apache/maven/maven-artifact/3.0/maven-artifact-3.0.jar:/data02/LCD/.m2/repository/org/sonatype/sisu/sisu-inject-plexus/1.4.2/sisu-inject-plexus-1.4.2.jar:/data02/LCD/.m2/repository/org/sonatype/sisu/sisu-inject-bean/1.4.2/sisu-inject-bean-1.4.2.jar:/data02/LCD/.m2/repository/org/sonatype/sisu/sisu-guice/2.1.7/sisu-guice-2.1.7-noaop.jar:/data02/LCD/.m2/repository/org/apache/maven/maven-core/3.0/maven-core-3.0.jar:/data02/LCD/.m2/repository/org/apache/maven/maven-settings/3.0/maven-settings-3.0.jar:/data02/LCD/.m2/repository/org/apache/maven/maven-settings-builder/3.0/maven-settings-builder-3.0.jar:/data02/LCD/.m2/repository/org/apache/maven/maven-repository-metadata/3.0/maven-repository-metadata-3.0.jar:/data02/LCD/.m2/repository/org/apache/maven/maven-model-builder/3.0/maven-model-builder-3.0.jar:/data02/LCD/.m2/repository/org/apache/maven/maven-aether-provider/3.0/maven-aether-provider-3.0.jar:/data02/LCD/.m2/repository/org/sonatype/aether/aether-impl/1.7/aether-impl-1.7.jar:/data02/LCD/.m2/repository/org/sonatype/aether/aether-spi/1.7/aether-spi-1.7.jar:/data02/LCD/.m2/repository/org/sonatype/aether/aether-api/1.7/aether-api-1.7.jar:/data02/LCD/.m2/repository/org/sonatype/aether/aether-util/1.7/aether-util-1.7.jar:/data02/LCD/.m2/repository/org/codehaus/plexus/plexus-interpolation/1.14/plexus-interpolation-1.14.jar:/data02/LCD/.m2/repository/org/codehaus/plexus/plexus-classworlds/2.2.3/plexus-classworlds-2.2.3.jar:/data02/LCD/.m2/repository/org/codehaus/plexus/plexus-component-annotations/1.5.5/plexus-component-annotations-1.5.5.jar:/data02/LCD/.m2/repository/org/sonatype/plexus/plexus-sec-dispatcher/1.3/plexus-sec-dispatcher-1.3.jar:/data02/LCD/.m2/repository/org/sonatype/plexus/plexus-cipher/1.4/plexus-cipher-1.4.jar:/data02/LCD/.m2/repository/org/codehaus/plexus/plexus-utils/3.0.22/plexus-utils-3.0.22.jar:/data02/LCD/.m2/repository/org/apache/maven/shared/file-management/1.2.1/file-management-1.2.1.jar:/data02/LCD/.m2/repository/org/apache/maven/shared/maven-shared-io/1.1/maven-shared-io-1.1.jar:/data02/LCD/.m2/repository/org/apache/maven/maven-artifact-manager/2.0.2/maven-artifact-manager-2.0.2.jar:/data02/LCD/.m2/repository/org/apache/maven/wagon/wagon-provider-api/1.0-alpha-6/wagon-provider-api-1.0-alpha-6.jar:/data02/LCD/.m2/repository/org/codehaus/plexus/plexus-container-default/1.0-alpha-9/plexus-container-default-1.0-alpha-9.jar:/data02/LCD/.m2/repository/classworlds/classworlds/1.1-alpha-2/classworlds-1.1-alpha-2.jar:/data02/LCD/.m2/repository/org/apache/maven/reporting/maven-reporting-api/3.0/maven-reporting-api-3.0.jar:/data02/LCD/.m2/repository/org/apache/maven/doxia/doxia-sink-api/1.0/doxia-sink-api-1.0.jar:/data02/LCD/.m2/repository/org/jacoco/org.jacoco.agent/0.8.7/org.jacoco.agent-0.8.7-runtime.jar:/data02/LCD/.m2/repository/org/jacoco/org.jacoco.core/0.8.7/org.jacoco.core-0.8.7.jar:/data02/LCD/.m2/repository/org/ow2/asm/asm/9.1/asm-9.1.jar:/data02/LCD/.m2/repository/org/ow2/asm/asm-commons/9.1/asm-commons-9.1.jar:/data02/LCD/.m2/repository/org/ow2/asm/asm-analysis/9.1/asm-analysis-9.1.jar:/data02/LCD/.m2/repository/org/ow2/asm/asm-tree/9.1/asm-tree-9.1.jar:/data02/LCD/.m2/repository/org/jacoco/org.jacoco.report/0.8.7/org.jacoco.report-0.8.7.jar:/data02/LCD/.m2/repository/com/google/guava/guava/21.0/guava-21.0.jar:"/>
    <property name="java.vm.vendor" value="Oracle Corporation"/>
    <property name="sun.arch.data.model" value="64"/>
    <property name="java.vendor.url" value="http://java.oracle.com/"/>
    <property name="user.timezone" value=""/>
    <property name="java.vm.specification.version" value="1.8"/>
    <property name="os.name" value="Linux"/>
    <property name="user.country" value="US"/>
    <property name="sun.java.launcher" value="SUN_STANDARD"/>
    <property name="sun.boot.library.path" value="/data02/LCD/CTCA/environment/Java8/jre/lib/amd64"/>
    <property name="sun.java.command" value="/data02/LCD/CTCA/coverage_test/test_main/GTree/test_operational/target/surefire/surefirebooter8431327544335237117.jar /data02/LCD/CTCA/coverage_test/test_main/GTree/test_operational/target/surefire 2024-10-17T16-16-52_251-jvmRun1 surefire8546156720030841770tmp surefire_0944706142558149099tmp"/>
    <property name="surefire.test.class.path" value="/data02/LCD/CTCA/coverage_test/test_main/GTree/test_operational/target/test-classes:/data02/LCD/CTCA/coverage_test/test_main/GTree/test_operational/target/classes:/data02/LCD/.m2/repository/junit/junit/4.12/junit-4.12.jar:/data02/LCD/.m2/repository/org/hamcrest/hamcrest-core/1.3/hamcrest-core-1.3.jar:/data02/LCD/.m2/repository/org/slf4j/slf4j-simple/1.7.25/slf4j-simple-1.7.25.jar:/data02/LCD/.m2/repository/org/slf4j/slf4j-api/1.7.25/slf4j-api-1.7.25.jar:/data02/LCD/.m2/repository/org/evosuite/evosuite-master/1.0.6/evosuite-master-1.0.6.jar:/data02/LCD/.m2/repository/org/jacoco/jacoco-maven-plugin/0.8.7/jacoco-maven-plugin-0.8.7.jar:/data02/LCD/.m2/repository/org/apache/maven/maven-plugin-api/3.0/maven-plugin-api-3.0.jar:/data02/LCD/.m2/repository/org/apache/maven/maven-model/3.0/maven-model-3.0.jar:/data02/LCD/.m2/repository/org/apache/maven/maven-artifact/3.0/maven-artifact-3.0.jar:/data02/LCD/.m2/repository/org/sonatype/sisu/sisu-inject-plexus/1.4.2/sisu-inject-plexus-1.4.2.jar:/data02/LCD/.m2/repository/org/sonatype/sisu/sisu-inject-bean/1.4.2/sisu-inject-bean-1.4.2.jar:/data02/LCD/.m2/repository/org/sonatype/sisu/sisu-guice/2.1.7/sisu-guice-2.1.7-noaop.jar:/data02/LCD/.m2/repository/org/apache/maven/maven-core/3.0/maven-core-3.0.jar:/data02/LCD/.m2/repository/org/apache/maven/maven-settings/3.0/maven-settings-3.0.jar:/data02/LCD/.m2/repository/org/apache/maven/maven-settings-builder/3.0/maven-settings-builder-3.0.jar:/data02/LCD/.m2/repository/org/apache/maven/maven-repository-metadata/3.0/maven-repository-metadata-3.0.jar:/data02/LCD/.m2/repository/org/apache/maven/maven-model-builder/3.0/maven-model-builder-3.0.jar:/data02/LCD/.m2/repository/org/apache/maven/maven-aether-provider/3.0/maven-aether-provider-3.0.jar:/data02/LCD/.m2/repository/org/sonatype/aether/aether-impl/1.7/aether-impl-1.7.jar:/data02/LCD/.m2/repository/org/sonatype/aether/aether-spi/1.7/aether-spi-1.7.jar:/data02/LCD/.m2/repository/org/sonatype/aether/aether-api/1.7/aether-api-1.7.jar:/data02/LCD/.m2/repository/org/sonatype/aether/aether-util/1.7/aether-util-1.7.jar:/data02/LCD/.m2/repository/org/codehaus/plexus/plexus-interpolation/1.14/plexus-interpolation-1.14.jar:/data02/LCD/.m2/repository/org/codehaus/plexus/plexus-classworlds/2.2.3/plexus-classworlds-2.2.3.jar:/data02/LCD/.m2/repository/org/codehaus/plexus/plexus-component-annotations/1.5.5/plexus-component-annotations-1.5.5.jar:/data02/LCD/.m2/repository/org/sonatype/plexus/plexus-sec-dispatcher/1.3/plexus-sec-dispatcher-1.3.jar:/data02/LCD/.m2/repository/org/sonatype/plexus/plexus-cipher/1.4/plexus-cipher-1.4.jar:/data02/LCD/.m2/repository/org/codehaus/plexus/plexus-utils/3.0.22/plexus-utils-3.0.22.jar:/data02/LCD/.m2/repository/org/apache/maven/shared/file-management/1.2.1/file-management-1.2.1.jar:/data02/LCD/.m2/repository/org/apache/maven/shared/maven-shared-io/1.1/maven-shared-io-1.1.jar:/data02/LCD/.m2/repository/org/apache/maven/maven-artifact-manager/2.0.2/maven-artifact-manager-2.0.2.jar:/data02/LCD/.m2/repository/org/apache/maven/wagon/wagon-provider-api/1.0-alpha-6/wagon-provider-api-1.0-alpha-6.jar:/data02/LCD/.m2/repository/org/codehaus/plexus/plexus-container-default/1.0-alpha-9/plexus-container-default-1.0-alpha-9.jar:/data02/LCD/.m2/repository/classworlds/classworlds/1.1-alpha-2/classworlds-1.1-alpha-2.jar:/data02/LCD/.m2/repository/org/apache/maven/reporting/maven-reporting-api/3.0/maven-reporting-api-3.0.jar:/data02/LCD/.m2/repository/org/apache/maven/doxia/doxia-sink-api/1.0/doxia-sink-api-1.0.jar:/data02/LCD/.m2/repository/org/jacoco/org.jacoco.agent/0.8.7/org.jacoco.agent-0.8.7-runtime.jar:/data02/LCD/.m2/repository/org/jacoco/org.jacoco.core/0.8.7/org.jacoco.core-0.8.7.jar:/data02/LCD/.m2/repository/org/ow2/asm/asm/9.1/asm-9.1.jar:/data02/LCD/.m2/repository/org/ow2/asm/asm-commons/9.1/asm-commons-9.1.jar:/data02/LCD/.m2/repository/org/ow2/asm/asm-analysis/9.1/asm-analysis-9.1.jar:/data02/LCD/.m2/repository/org/ow2/asm/asm-tree/9.1/asm-tree-9.1.jar:/data02/LCD/.m2/repository/org/jacoco/org.jacoco.report/0.8.7/org.jacoco.report-0.8.7.jar:/data02/LCD/.m2/repository/com/google/guava/guava/21.0/guava-21.0.jar:"/>
    <property name="sun.cpu.endian" value="little"/>
    <property name="user.home" value="/data02/LCD"/>
    <property name="user.language" value="en"/>
    <property name="java.specification.vendor" value="Oracle Corporation"/>
    <property name="java.home" value="/data02/LCD/CTCA/environment/Java8/jre"/>
    <property name="basedir" value="/data02/LCD/CTCA/coverage_test/test_main/GTree/test_operational"/>
    <property name="file.separator" value="/"/>
    <property name="line.separator" value="&#10;"/>
    <property name="java.vm.specification.vendor" value="Oracle Corporation"/>
    <property name="java.specification.name" value="Java Platform API Specification"/>
    <property name="java.awt.graphicsenv" value="sun.awt.X11GraphicsEnvironment"/>
    <property name="surefire.real.class.path" value="/data02/LCD/CTCA/coverage_test/test_main/GTree/test_operational/target/surefire/surefirebooter8431327544335237117.jar:/data02/LCD/.m2/repository/org/jacoco/org.jacoco.agent/0.8.7/org.jacoco.agent-0.8.7-runtime.jar"/>
    <property name="sun.boot.class.path" value="/data02/LCD/CTCA/environment/Java8/jre/lib/resources.jar:/data02/LCD/CTCA/environment/Java8/jre/lib/rt.jar:/data02/LCD/CTCA/environment/Java8/jre/lib/jsse.jar:/data02/LCD/CTCA/environment/Java8/jre/lib/jce.jar:/data02/LCD/CTCA/environment/Java8/jre/lib/charsets.jar:/data02/LCD/CTCA/environment/Java8/jre/lib/jfr.jar:/data02/LCD/CTCA/environment/Java8/jre/classes"/>
    <property name="sun.management.compiler" value="HotSpot 64-Bit Tiered Compilers"/>
    <property name="java.runtime.version" value="1.8.0_391-b13"/>
    <property name="user.name" value="lcd"/>
    <property name="path.separator" value=":"/>
    <property name="os.version" value="5.15.0-102-generic"/>
    <property name="java.endorsed.dirs" value="/data02/LCD/CTCA/environment/Java8/jre/lib/endorsed"/>
    <property name="java.runtime.name" value="Java(TM) SE Runtime Environment"/>
    <property name="file.encoding" value="UTF-8"/>
    <property name="java.vm.name" value="Java HotSpot(TM) 64-Bit Server VM"/>
    <property name="localRepository" value="/data02/LCD/.m2/repository"/>
    <property name="java.vendor.url.bug" value="http://bugreport.sun.com/bugreport/"/>
    <property name="java.io.tmpdir" value="/tmp"/>
    <property name="java.version" value="1.8.0_391"/>
    <property name="user.dir" value="/data02/LCD/CTCA/coverage_test/test_main/GTree/test_operational"/>
    <property name="os.arch" value="amd64"/>
    <property name="java.vm.specification.name" value="Java Virtual Machine Specification"/>
    <property name="java.awt.printerjob" value="sun.print.PSPrinterJob"/>
    <property name="sun.os.patch.level" value="unknown"/>
    <property name="java.library.path" value="/usr/local/cuda-11.1/lib64::/usr/java/packages/lib/amd64:/usr/lib64:/lib64:/lib:/usr/lib"/>
    <property name="java.vm.info" value="mixed mode"/>
    <property name="java.vendor" value="Oracle Corporation"/>
    <property name="java.vm.version" value="25.391-b13"/>
    <property name="java.specification.maintenance.version" value="5"/>
    <property name="java.ext.dirs" value="/data02/LCD/CTCA/environment/Java8/jre/lib/ext:/usr/java/packages/lib/ext"/>
    <property name="sun.io.unicode.encoding" value="UnicodeLittle"/>
    <property name="java.class.version" value="52.0"/>
  </properties>
  <testcase name="test_81" classname="net.mooctest.GTree_sub_10_1_Test" time="0"/>
  <testcase name="test_82" classname="net.mooctest.GTree_sub_10_1_Test" time="0"/>
  <testcase name="test_83" classname="net.mooctest.GTree_sub_10_1_Test" time="0"/>
  <testcase name="test_84" classname="net.mooctest.GTree_sub_10_1_Test" time="0"/>
  <testcase name="test_90" classname="net.mooctest.GTree_sub_10_1_Test" time="0"/>
  <testcase name="test_96" classname="net.mooctest.GTree_sub_10_1_Test" time="0">
    <error type="java.lang.UnsupportedOperationException">java.lang.UnsupportedOperationException
	at net.mooctest.GTree_sub_10_1_Test.test_96(GTree_sub_10_1_Test.java:1184)
</error>
  </testcase>
  <testcase name="test_1073" classname="net.mooctest.GTree_sub_10_1_Test" time="0"/>
  <testcase name="test_1082" classname="net.mooctest.GTree_sub_10_1_Test" time="0"/>
  <testcase name="test_1087" classname="net.mooctest.GTree_sub_10_1_Test" time="0"/>
  <testcase name="test_1120" classname="net.mooctest.GTree_sub_10_1_Test" time="0"/>
  <testcase name="test_1123" classname="net.mooctest.GTree_sub_10_1_Test" time="0"/>
  <testcase name="test_1124" classname="net.mooctest.GTree_sub_10_1_Test" time="0"/>
  <testcase name="test_1144" classname="net.mooctest.GTree_sub_10_1_Test" time="0.003"/>
  <testcase name="test_1147" classname="net.mooctest.GTree_sub_10_1_Test" time="0"/>
  <testcase name="test_1178" classname="net.mooctest.GTree_sub_10_1_Test" time="0"/>
  <testcase name="test_1188" classname="net.mooctest.GTree_sub_10_1_Test" time="0"/>
  <testcase name="test_1189" classname="net.mooctest.GTree_sub_10_1_Test" time="0"/>
  <testcase name="test_1192" classname="net.mooctest.GTree_sub_10_1_Test" time="0"/>
  <testcase name="test_1193" classname="net.mooctest.GTree_sub_10_1_Test" time="0.001"/>
  <testcase name="test_1231" classname="net.mooctest.GTree_sub_10_1_Test" time="0"/>
  <testcase name="test_1232" classname="net.mooctest.GTree_sub_10_1_Test" time="0"/>
  <testcase name="test_1266" classname="net.mooctest.GTree_sub_10_1_Test" time="0.001"/>
  <testcase name="test_1269" classname="net.mooctest.GTree_sub_10_1_Test" time="0"/>
  <testcase name="test_1280" classname="net.mooctest.GTree_sub_10_1_Test" time="0.002"/>
  <testcase name="test_1341" classname="net.mooctest.GTree_sub_10_1_Test" time="0"/>
  <testcase name="test_1371" classname="net.mooctest.GTree_sub_10_1_Test" time="0"/>
  <testcase name="test_1374" classname="net.mooctest.GTree_sub_10_1_Test" time="0"/>
  <testcase name="test_1488" classname="net.mooctest.GTree_sub_10_1_Test" time="0.001"/>
  <testcase name="test_1498" classname="net.mooctest.GTree_sub_10_1_Test" time="0"/>
  <testcase name="test_1501" classname="net.mooctest.GTree_sub_10_1_Test" time="0"/>
  <testcase name="test_1509" classname="net.mooctest.GTree_sub_10_1_Test" time="0"/>
  <testcase name="test_1516" classname="net.mooctest.GTree_sub_10_1_Test" time="0.009"/>
  <testcase name="test_1545" classname="net.mooctest.GTree_sub_10_1_Test" time="0"/>
  <testcase name="test_1727" classname="net.mooctest.GTree_sub_10_1_Test" time="0"/>
  <testcase name="test_1736" classname="net.mooctest.GTree_sub_10_1_Test" time="0"/>
  <testcase name="test_1775" classname="net.mooctest.GTree_sub_10_1_Test" time="0.001"/>
  <testcase name="test_1897" classname="net.mooctest.GTree_sub_10_1_Test" time="0"/>
  <testcase name="test_2006" classname="net.mooctest.GTree_sub_10_1_Test" time="0"/>
  <testcase name="test_2007" classname="net.mooctest.GTree_sub_10_1_Test" time="0"/>
  <testcase name="test_2008" classname="net.mooctest.GTree_sub_10_1_Test" time="0"/>
  <testcase name="test_2230" classname="net.mooctest.GTree_sub_10_1_Test" time="0.002"/>
  <testcase name="test_2232" classname="net.mooctest.GTree_sub_10_1_Test" time="0.001"/>
  <testcase name="test_2252" classname="net.mooctest.GTree_sub_10_1_Test" time="0"/>
  <testcase name="test_2368" classname="net.mooctest.GTree_sub_10_1_Test" time="0.002"/>
  <testcase name="test_2492" classname="net.mooctest.GTree_sub_10_1_Test" time="0">
    <error type="java.lang.UnsupportedOperationException">java.lang.UnsupportedOperationException
	at net.mooctest.GTree_sub_10_1_Test.test_2492(GTree_sub_10_1_Test.java:866)
</error>
  </testcase>
  <testcase name="test_2539" classname="net.mooctest.GTree_sub_10_1_Test" time="0"/>
  <testcase name="test_2547" classname="net.mooctest.GTree_sub_10_1_Test" time="0"/>
  <testcase name="test_2550" classname="net.mooctest.GTree_sub_10_1_Test" time="0"/>
  <testcase name="test_2553" classname="net.mooctest.GTree_sub_10_1_Test" time="0"/>
  <testcase name="test_2554" classname="net.mooctest.GTree_sub_10_1_Test" time="0"/>
  <testcase name="test_2558" classname="net.mooctest.GTree_sub_10_1_Test" time="0"/>
  <testcase name="test_2611" classname="net.mooctest.GTree_sub_10_1_Test" time="0"/>
  <testcase name="test_2639" classname="net.mooctest.GTree_sub_10_1_Test" time="0"/>
  <testcase name="test_2640" classname="net.mooctest.GTree_sub_10_1_Test" time="0"/>
  <testcase name="test_2676" classname="net.mooctest.GTree_sub_10_1_Test" time="0"/>
  <testcase name="test_2715" classname="net.mooctest.GTree_sub_10_1_Test" time="0"/>
  <testcase name="test_2753" classname="net.mooctest.GTree_sub_10_1_Test" time="0"/>
  <testcase name="test_2809" classname="net.mooctest.GTree_sub_10_1_Test" time="0"/>
  <testcase name="test_2821" classname="net.mooctest.GTree_sub_10_1_Test" time="0.001"/>
  <testcase name="test_2822" classname="net.mooctest.GTree_sub_10_1_Test" time="0.001"/>
  <testcase name="test_2837" classname="net.mooctest.GTree_sub_10_1_Test" time="0"/>
  <testcase name="test_2840" classname="net.mooctest.GTree_sub_10_1_Test" time="0"/>
  <testcase name="test_2979" classname="net.mooctest.GTree_sub_10_1_Test" time="0"/>
  <testcase name="test_3043" classname="net.mooctest.GTree_sub_10_1_Test" time="0.001"/>
  <testcase name="test_3046" classname="net.mooctest.GTree_sub_10_1_Test" time="0"/>
  <testcase name="test_3063" classname="net.mooctest.GTree_sub_10_1_Test" time="0"/>
  <testcase name="test_3080" classname="net.mooctest.GTree_sub_10_1_Test" time="0.001"/>
  <testcase name="test_3086" classname="net.mooctest.GTree_sub_10_1_Test" time="0"/>
  <testcase name="test_3097" classname="net.mooctest.GTree_sub_10_1_Test" time="0"/>
  <testcase name="test_3112" classname="net.mooctest.GTree_sub_10_1_Test" time="0"/>
  <testcase name="test_3123" classname="net.mooctest.GTree_sub_10_1_Test" time="0.001"/>
  <testcase name="test_3125" classname="net.mooctest.GTree_sub_10_1_Test" time="0"/>
  <testcase name="test_3127" classname="net.mooctest.GTree_sub_10_1_Test" time="0"/>
  <testcase name="test_3129" classname="net.mooctest.GTree_sub_10_1_Test" time="0"/>
  <testcase name="test_3200" classname="net.mooctest.GTree_sub_10_1_Test" time="0"/>
  <testcase name="test_3221" classname="net.mooctest.GTree_sub_10_1_Test" time="0.002"/>
  <testcase name="test_3271" classname="net.mooctest.GTree_sub_10_1_Test" time="0.001">
    <error type="java.util.NoSuchElementException">java.util.NoSuchElementException
	at net.mooctest.GTree_sub_10_1_Test.test_3271(GTree_sub_10_1_Test.java:1445)
</error>
  </testcase>
  <testcase name="test_363" classname="net.mooctest.GTree_sub_10_1_Test" time="0"/>
  <testcase name="test_369" classname="net.mooctest.GTree_sub_10_1_Test" time="0"/>
  <testcase name="test_371" classname="net.mooctest.GTree_sub_10_1_Test" time="0"/>
  <testcase name="test_557" classname="net.mooctest.GTree_sub_10_1_Test" time="0"/>
  <testcase name="test_571" classname="net.mooctest.GTree_sub_10_1_Test" time="0.002"/>
  <testcase name="test_578" classname="net.mooctest.GTree_sub_10_1_Test" time="0"/>
  <testcase name="test_583" classname="net.mooctest.GTree_sub_10_1_Test" time="0.002"/>
  <testcase name="test_598" classname="net.mooctest.GTree_sub_10_1_Test" time="0"/>
  <testcase name="test_612" classname="net.mooctest.GTree_sub_10_1_Test" time="0"/>
  <testcase name="test_627" classname="net.mooctest.GTree_sub_10_1_Test" time="0"/>
  <testcase name="test_655" classname="net.mooctest.GTree_sub_10_1_Test" time="0.001"/>
  <testcase name="test_659" classname="net.mooctest.GTree_sub_10_1_Test" time="0"/>
  <testcase name="test_681" classname="net.mooctest.GTree_sub_10_1_Test" time="0"/>
  <testcase name="test_705" classname="net.mooctest.GTree_sub_10_1_Test" time="0"/>
  <testcase name="test_724" classname="net.mooctest.GTree_sub_10_1_Test" time="0"/>
  <testcase name="test_741" classname="net.mooctest.GTree_sub_10_1_Test" time="0"/>
  <testcase name="test_753" classname="net.mooctest.GTree_sub_10_1_Test" time="0"/>
  <testcase name="test_796" classname="net.mooctest.GTree_sub_10_1_Test" time="0.001">
    <failure message="expected:&lt;[&#13;]&#10;&gt; but was:&lt;[]&#10;&gt;" type="org.junit.ComparisonFailure"><![CDATA[org.junit.ComparisonFailure: 
expected:<[]
> but was:<[]
>
	at net.mooctest.GTree_sub_10_1_Test.test_796(GTree_sub_10_1_Test.java:1528)
]]></failure>
  </testcase>
  <testcase name="test_802" classname="net.mooctest.GTree_sub_10_1_Test" time="0"/>
  <testcase name="test_822" classname="net.mooctest.GTree_sub_10_1_Test" time="0"/>
  <testcase name="test_842" classname="net.mooctest.GTree_sub_10_1_Test" time="0"/>
  <testcase name="test_886" classname="net.mooctest.GTree_sub_10_1_Test" time="0.001"/>
  <testcase name="test_6" classname="net.mooctest.GTree_sub_10_1_Test" time="0"/>
</testsuite>