<?xml version="1.0" encoding="UTF-8"?>
<testsuite xmlns:xsi="http://www.w3.org/2001/XMLSchema-instance" xsi:noNamespaceSchemaLocation="https://maven.apache.org/surefire/maven-surefire-plugin/xsd/surefire-test-report.xsd" name="net.mooctest.UnrolledLinkedList2023_sub_10_0_Test" time="0.016" tests="263" errors="11" skipped="0" failures="0">
  <properties>
    <property name="awt.toolkit" value="sun.awt.X11.XToolkit"/>
    <property name="file.encoding.pkg" value="sun.io"/>
    <property name="java.specification.version" value="1.8"/>
    <property name="sun.cpu.isalist" value=""/>
    <property name="sun.jnu.encoding" value="ANSI_X3.4-1968"/>
    <property name="java.class.path" value="/data02/LCD/CTCA/coverage_test/test_main/UnrolledLinkedList2023/test_operational/target/test-classes:/data02/LCD/CTCA/coverage_test/test_main/UnrolledLinkedList2023/test_operational/target/classes:/data02/LCD/.m2/repository/junit/junit/4.12/junit-4.12.jar:/data02/LCD/.m2/repository/org/hamcrest/hamcrest-core/1.3/hamcrest-core-1.3.jar:/data02/LCD/.m2/repository/org/slf4j/slf4j-simple/1.7.25/slf4j-simple-1.7.25.jar:/data02/LCD/.m2/repository/org/slf4j/slf4j-api/1.7.25/slf4j-api-1.7.25.jar:/data02/LCD/.m2/repository/org/evosuite/evosuite-master/1.0.6/evosuite-master-1.0.6.jar:/data02/LCD/.m2/repository/org/jacoco/jacoco-maven-plugin/0.8.7/jacoco-maven-plugin-0.8.7.jar:/data02/LCD/.m2/repository/org/apache/maven/maven-plugin-api/3.0/maven-plugin-api-3.0.jar:/data02/LCD/.m2/repository/org/apache/maven/maven-model/3.0/maven-model-3.0.jar:/data02/LCD/.m2/repository/org/apache/maven/maven-artifact/3.0/maven-artifact-3.0.jar:/data02/LCD/.m2/repository/org/sonatype/sisu/sisu-inject-plexus/1.4.2/sisu-inject-plexus-1.4.2.jar:/data02/LCD/.m2/repository/org/sonatype/sisu/sisu-inject-bean/1.4.2/sisu-inject-bean-1.4.2.jar:/data02/LCD/.m2/repository/org/sonatype/sisu/sisu-guice/2.1.7/sisu-guice-2.1.7-noaop.jar:/data02/LCD/.m2/repository/org/apache/maven/maven-core/3.0/maven-core-3.0.jar:/data02/LCD/.m2/repository/org/apache/maven/maven-settings/3.0/maven-settings-3.0.jar:/data02/LCD/.m2/repository/org/apache/maven/maven-settings-builder/3.0/maven-settings-builder-3.0.jar:/data02/LCD/.m2/repository/org/apache/maven/maven-repository-metadata/3.0/maven-repository-metadata-3.0.jar:/data02/LCD/.m2/repository/org/apache/maven/maven-model-builder/3.0/maven-model-builder-3.0.jar:/data02/LCD/.m2/repository/org/apache/maven/maven-aether-provider/3.0/maven-aether-provider-3.0.jar:/data02/LCD/.m2/repository/org/sonatype/aether/aether-impl/1.7/aether-impl-1.7.jar:/data02/LCD/.m2/repository/org/sonatype/aether/aether-spi/1.7/aether-spi-1.7.jar:/data02/LCD/.m2/repository/org/sonatype/aether/aether-api/1.7/aether-api-1.7.jar:/data02/LCD/.m2/repository/org/sonatype/aether/aether-util/1.7/aether-util-1.7.jar:/data02/LCD/.m2/repository/org/codehaus/plexus/plexus-interpolation/1.14/plexus-interpolation-1.14.jar:/data02/LCD/.m2/repository/org/codehaus/plexus/plexus-classworlds/2.2.3/plexus-classworlds-2.2.3.jar:/data02/LCD/.m2/repository/org/codehaus/plexus/plexus-component-annotations/1.5.5/plexus-component-annotations-1.5.5.jar:/data02/LCD/.m2/repository/org/sonatype/plexus/plexus-sec-dispatcher/1.3/plexus-sec-dispatcher-1.3.jar:/data02/LCD/.m2/repository/org/sonatype/plexus/plexus-cipher/1.4/plexus-cipher-1.4.jar:/data02/LCD/.m2/repository/org/codehaus/plexus/plexus-utils/3.0.22/plexus-utils-3.0.22.jar:/data02/LCD/.m2/repository/org/apache/maven/shared/file-management/1.2.1/file-management-1.2.1.jar:/data02/LCD/.m2/repository/org/apache/maven/shared/maven-shared-io/1.1/maven-shared-io-1.1.jar:/data02/LCD/.m2/repository/org/apache/maven/maven-artifact-manager/2.0.2/maven-artifact-manager-2.0.2.jar:/data02/LCD/.m2/repository/org/apache/maven/wagon/wagon-provider-api/1.0-alpha-6/wagon-provider-api-1.0-alpha-6.jar:/data02/LCD/.m2/repository/org/codehaus/plexus/plexus-container-default/1.0-alpha-9/plexus-container-default-1.0-alpha-9.jar:/data02/LCD/.m2/repository/classworlds/classworlds/1.1-alpha-2/classworlds-1.1-alpha-2.jar:/data02/LCD/.m2/repository/org/apache/maven/reporting/maven-reporting-api/3.0/maven-reporting-api-3.0.jar:/data02/LCD/.m2/repository/org/apache/maven/doxia/doxia-sink-api/1.0/doxia-sink-api-1.0.jar:/data02/LCD/.m2/repository/org/jacoco/org.jacoco.agent/0.8.7/org.jacoco.agent-0.8.7-runtime.jar:/data02/LCD/.m2/repository/org/jacoco/org.jacoco.core/0.8.7/org.jacoco.core-0.8.7.jar:/data02/LCD/.m2/repository/org/ow2/asm/asm/9.1/asm-9.1.jar:/data02/LCD/.m2/repository/org/ow2/asm/asm-commons/9.1/asm-commons-9.1.jar:/data02/LCD/.m2/repository/org/ow2/asm/asm-analysis/9.1/asm-analysis-9.1.jar:/data02/LCD/.m2/repository/org/ow2/asm/asm-tree/9.1/asm-tree-9.1.jar:/data02/LCD/.m2/repository/org/jacoco/org.jacoco.report/0.8.7/org.jacoco.report-0.8.7.jar:"/>
    <property name="java.vm.vendor" value="Oracle Corporation"/>
    <property name="sun.arch.data.model" value="64"/>
    <property name="java.vendor.url" value="http://java.oracle.com/"/>
    <property name="user.timezone" value=""/>
    <property name="java.vm.specification.version" value="1.8"/>
    <property name="os.name" value="Linux"/>
    <property name="user.country" value="US"/>
    <property name="sun.java.launcher" value="SUN_STANDARD"/>
    <property name="sun.boot.library.path" value="/data02/LCD/CTCA/environment/jdk1.8.0_391/jre/lib/amd64"/>
    <property name="sun.java.command" value="/data02/LCD/CTCA/coverage_test/test_main/UnrolledLinkedList2023/test_operational/target/surefire/surefirebooter800920627720009382.jar /data02/LCD/CTCA/coverage_test/test_main/UnrolledLinkedList2023/test_operational/target/surefire 2024-06-23T03-20-56_388-jvmRun1 surefire6919334646393423207tmp surefire_01006110388363497596tmp"/>
    <property name="surefire.test.class.path" value="/data02/LCD/CTCA/coverage_test/test_main/UnrolledLinkedList2023/test_operational/target/test-classes:/data02/LCD/CTCA/coverage_test/test_main/UnrolledLinkedList2023/test_operational/target/classes:/data02/LCD/.m2/repository/junit/junit/4.12/junit-4.12.jar:/data02/LCD/.m2/repository/org/hamcrest/hamcrest-core/1.3/hamcrest-core-1.3.jar:/data02/LCD/.m2/repository/org/slf4j/slf4j-simple/1.7.25/slf4j-simple-1.7.25.jar:/data02/LCD/.m2/repository/org/slf4j/slf4j-api/1.7.25/slf4j-api-1.7.25.jar:/data02/LCD/.m2/repository/org/evosuite/evosuite-master/1.0.6/evosuite-master-1.0.6.jar:/data02/LCD/.m2/repository/org/jacoco/jacoco-maven-plugin/0.8.7/jacoco-maven-plugin-0.8.7.jar:/data02/LCD/.m2/repository/org/apache/maven/maven-plugin-api/3.0/maven-plugin-api-3.0.jar:/data02/LCD/.m2/repository/org/apache/maven/maven-model/3.0/maven-model-3.0.jar:/data02/LCD/.m2/repository/org/apache/maven/maven-artifact/3.0/maven-artifact-3.0.jar:/data02/LCD/.m2/repository/org/sonatype/sisu/sisu-inject-plexus/1.4.2/sisu-inject-plexus-1.4.2.jar:/data02/LCD/.m2/repository/org/sonatype/sisu/sisu-inject-bean/1.4.2/sisu-inject-bean-1.4.2.jar:/data02/LCD/.m2/repository/org/sonatype/sisu/sisu-guice/2.1.7/sisu-guice-2.1.7-noaop.jar:/data02/LCD/.m2/repository/org/apache/maven/maven-core/3.0/maven-core-3.0.jar:/data02/LCD/.m2/repository/org/apache/maven/maven-settings/3.0/maven-settings-3.0.jar:/data02/LCD/.m2/repository/org/apache/maven/maven-settings-builder/3.0/maven-settings-builder-3.0.jar:/data02/LCD/.m2/repository/org/apache/maven/maven-repository-metadata/3.0/maven-repository-metadata-3.0.jar:/data02/LCD/.m2/repository/org/apache/maven/maven-model-builder/3.0/maven-model-builder-3.0.jar:/data02/LCD/.m2/repository/org/apache/maven/maven-aether-provider/3.0/maven-aether-provider-3.0.jar:/data02/LCD/.m2/repository/org/sonatype/aether/aether-impl/1.7/aether-impl-1.7.jar:/data02/LCD/.m2/repository/org/sonatype/aether/aether-spi/1.7/aether-spi-1.7.jar:/data02/LCD/.m2/repository/org/sonatype/aether/aether-api/1.7/aether-api-1.7.jar:/data02/LCD/.m2/repository/org/sonatype/aether/aether-util/1.7/aether-util-1.7.jar:/data02/LCD/.m2/repository/org/codehaus/plexus/plexus-interpolation/1.14/plexus-interpolation-1.14.jar:/data02/LCD/.m2/repository/org/codehaus/plexus/plexus-classworlds/2.2.3/plexus-classworlds-2.2.3.jar:/data02/LCD/.m2/repository/org/codehaus/plexus/plexus-component-annotations/1.5.5/plexus-component-annotations-1.5.5.jar:/data02/LCD/.m2/repository/org/sonatype/plexus/plexus-sec-dispatcher/1.3/plexus-sec-dispatcher-1.3.jar:/data02/LCD/.m2/repository/org/sonatype/plexus/plexus-cipher/1.4/plexus-cipher-1.4.jar:/data02/LCD/.m2/repository/org/codehaus/plexus/plexus-utils/3.0.22/plexus-utils-3.0.22.jar:/data02/LCD/.m2/repository/org/apache/maven/shared/file-management/1.2.1/file-management-1.2.1.jar:/data02/LCD/.m2/repository/org/apache/maven/shared/maven-shared-io/1.1/maven-shared-io-1.1.jar:/data02/LCD/.m2/repository/org/apache/maven/maven-artifact-manager/2.0.2/maven-artifact-manager-2.0.2.jar:/data02/LCD/.m2/repository/org/apache/maven/wagon/wagon-provider-api/1.0-alpha-6/wagon-provider-api-1.0-alpha-6.jar:/data02/LCD/.m2/repository/org/codehaus/plexus/plexus-container-default/1.0-alpha-9/plexus-container-default-1.0-alpha-9.jar:/data02/LCD/.m2/repository/classworlds/classworlds/1.1-alpha-2/classworlds-1.1-alpha-2.jar:/data02/LCD/.m2/repository/org/apache/maven/reporting/maven-reporting-api/3.0/maven-reporting-api-3.0.jar:/data02/LCD/.m2/repository/org/apache/maven/doxia/doxia-sink-api/1.0/doxia-sink-api-1.0.jar:/data02/LCD/.m2/repository/org/jacoco/org.jacoco.agent/0.8.7/org.jacoco.agent-0.8.7-runtime.jar:/data02/LCD/.m2/repository/org/jacoco/org.jacoco.core/0.8.7/org.jacoco.core-0.8.7.jar:/data02/LCD/.m2/repository/org/ow2/asm/asm/9.1/asm-9.1.jar:/data02/LCD/.m2/repository/org/ow2/asm/asm-commons/9.1/asm-commons-9.1.jar:/data02/LCD/.m2/repository/org/ow2/asm/asm-analysis/9.1/asm-analysis-9.1.jar:/data02/LCD/.m2/repository/org/ow2/asm/asm-tree/9.1/asm-tree-9.1.jar:/data02/LCD/.m2/repository/org/jacoco/org.jacoco.report/0.8.7/org.jacoco.report-0.8.7.jar:"/>
    <property name="sun.cpu.endian" value="little"/>
    <property name="user.home" value="/data02/LCD"/>
    <property name="user.language" value="en"/>
    <property name="java.specification.vendor" value="Oracle Corporation"/>
    <property name="java.home" value="/data02/LCD/CTCA/environment/jdk1.8.0_391/jre"/>
    <property name="basedir" value="/data02/LCD/CTCA/coverage_test/test_main/UnrolledLinkedList2023/test_operational"/>
    <property name="file.separator" value="/"/>
    <property name="line.separator" value="&#10;"/>
    <property name="java.vm.specification.vendor" value="Oracle Corporation"/>
    <property name="java.specification.name" value="Java Platform API Specification"/>
    <property name="java.awt.graphicsenv" value="sun.awt.X11GraphicsEnvironment"/>
    <property name="surefire.real.class.path" value="/data02/LCD/CTCA/coverage_test/test_main/UnrolledLinkedList2023/test_operational/target/surefire/surefirebooter800920627720009382.jar:/data02/LCD/.m2/repository/org/jacoco/org.jacoco.agent/0.8.7/org.jacoco.agent-0.8.7-runtime.jar"/>
    <property name="sun.boot.class.path" value="/data02/LCD/CTCA/environment/jdk1.8.0_391/jre/lib/resources.jar:/data02/LCD/CTCA/environment/jdk1.8.0_391/jre/lib/rt.jar:/data02/LCD/CTCA/environment/jdk1.8.0_391/jre/lib/jsse.jar:/data02/LCD/CTCA/environment/jdk1.8.0_391/jre/lib/jce.jar:/data02/LCD/CTCA/environment/jdk1.8.0_391/jre/lib/charsets.jar:/data02/LCD/CTCA/environment/jdk1.8.0_391/jre/lib/jfr.jar:/data02/LCD/CTCA/environment/jdk1.8.0_391/jre/classes"/>
    <property name="sun.management.compiler" value="HotSpot 64-Bit Tiered Compilers"/>
    <property name="java.runtime.version" value="1.8.0_391-b13"/>
    <property name="user.name" value="lcd"/>
    <property name="path.separator" value=":"/>
    <property name="os.version" value="5.15.0-102-generic"/>
    <property name="java.endorsed.dirs" value="/data02/LCD/CTCA/environment/jdk1.8.0_391/jre/lib/endorsed"/>
    <property name="java.runtime.name" value="Java(TM) SE Runtime Environment"/>
    <property name="file.encoding" value="UTF-8"/>
    <property name="java.vm.name" value="Java HotSpot(TM) 64-Bit Server VM"/>
    <property name="localRepository" value="/data02/LCD/.m2/repository"/>
    <property name="java.vendor.url.bug" value="http://bugreport.sun.com/bugreport/"/>
    <property name="java.io.tmpdir" value="/tmp"/>
    <property name="java.version" value="1.8.0_391"/>
    <property name="user.dir" value="/data02/LCD/CTCA/coverage_test/test_main/UnrolledLinkedList2023/test_operational"/>
    <property name="os.arch" value="amd64"/>
    <property name="java.vm.specification.name" value="Java Virtual Machine Specification"/>
    <property name="java.awt.printerjob" value="sun.print.PSPrinterJob"/>
    <property name="sun.os.patch.level" value="unknown"/>
    <property name="java.library.path" value="/usr/local/cuda-11.1/lib64::/usr/java/packages/lib/amd64:/usr/lib64:/lib64:/lib:/usr/lib"/>
    <property name="java.vm.info" value="mixed mode"/>
    <property name="java.vendor" value="Oracle Corporation"/>
    <property name="java.vm.version" value="25.391-b13"/>
    <property name="java.specification.maintenance.version" value="5"/>
    <property name="java.ext.dirs" value="/data02/LCD/CTCA/environment/jdk1.8.0_391/jre/lib/ext:/usr/java/packages/lib/ext"/>
    <property name="sun.io.unicode.encoding" value="UnicodeLittle"/>
    <property name="java.class.version" value="52.0"/>
  </properties>
  <testcase name="test_10" classname="net.mooctest.UnrolledLinkedList2023_sub_10_0_Test" time="0.001"/>
  <testcase name="test_11" classname="net.mooctest.UnrolledLinkedList2023_sub_10_0_Test" time="0"/>
  <testcase name="test_12" classname="net.mooctest.UnrolledLinkedList2023_sub_10_0_Test" time="0"/>
  <testcase name="test_1069" classname="net.mooctest.UnrolledLinkedList2023_sub_10_0_Test" time="0"/>
  <testcase name="test_1111" classname="net.mooctest.UnrolledLinkedList2023_sub_10_0_Test" time="0"/>
  <testcase name="test_1160" classname="net.mooctest.UnrolledLinkedList2023_sub_10_0_Test" time="0"/>
  <testcase name="test_1240" classname="net.mooctest.UnrolledLinkedList2023_sub_10_0_Test" time="0"/>
  <testcase name="test_1242" classname="net.mooctest.UnrolledLinkedList2023_sub_10_0_Test" time="0"/>
  <testcase name="test_1302" classname="net.mooctest.UnrolledLinkedList2023_sub_10_0_Test" time="0.001"/>
  <testcase name="test_1319" classname="net.mooctest.UnrolledLinkedList2023_sub_10_0_Test" time="0"/>
  <testcase name="test_1324" classname="net.mooctest.UnrolledLinkedList2023_sub_10_0_Test" time="0"/>
  <testcase name="test_1325" classname="net.mooctest.UnrolledLinkedList2023_sub_10_0_Test" time="0"/>
  <testcase name="test_1333" classname="net.mooctest.UnrolledLinkedList2023_sub_10_0_Test" time="0"/>
  <testcase name="test_1349" classname="net.mooctest.UnrolledLinkedList2023_sub_10_0_Test" time="0"/>
  <testcase name="test_1675" classname="net.mooctest.UnrolledLinkedList2023_sub_10_0_Test" time="0"/>
  <testcase name="test_1797" classname="net.mooctest.UnrolledLinkedList2023_sub_10_0_Test" time="0.001"/>
  <testcase name="test_1851" classname="net.mooctest.UnrolledLinkedList2023_sub_10_0_Test" time="0"/>
  <testcase name="test_1855" classname="net.mooctest.UnrolledLinkedList2023_sub_10_0_Test" time="0"/>
  <testcase name="test_1885" classname="net.mooctest.UnrolledLinkedList2023_sub_10_0_Test" time="0"/>
  <testcase name="test_1925" classname="net.mooctest.UnrolledLinkedList2023_sub_10_0_Test" time="0"/>
  <testcase name="test_1956" classname="net.mooctest.UnrolledLinkedList2023_sub_10_0_Test" time="0"/>
  <testcase name="test_1979" classname="net.mooctest.UnrolledLinkedList2023_sub_10_0_Test" time="0"/>
  <testcase name="test_1982" classname="net.mooctest.UnrolledLinkedList2023_sub_10_0_Test" time="0"/>
  <testcase name="test_1983" classname="net.mooctest.UnrolledLinkedList2023_sub_10_0_Test" time="0"/>
  <testcase name="test_1985" classname="net.mooctest.UnrolledLinkedList2023_sub_10_0_Test" time="0"/>
  <testcase name="test_2005" classname="net.mooctest.UnrolledLinkedList2023_sub_10_0_Test" time="0"/>
  <testcase name="test_2023" classname="net.mooctest.UnrolledLinkedList2023_sub_10_0_Test" time="0"/>
  <testcase name="test_2024" classname="net.mooctest.UnrolledLinkedList2023_sub_10_0_Test" time="0"/>
  <testcase name="test_2026" classname="net.mooctest.UnrolledLinkedList2023_sub_10_0_Test" time="0"/>
  <testcase name="test_2028" classname="net.mooctest.UnrolledLinkedList2023_sub_10_0_Test" time="0"/>
  <testcase name="test_2039" classname="net.mooctest.UnrolledLinkedList2023_sub_10_0_Test" time="0"/>
  <testcase name="test_2122" classname="net.mooctest.UnrolledLinkedList2023_sub_10_0_Test" time="0"/>
  <testcase name="test_2123" classname="net.mooctest.UnrolledLinkedList2023_sub_10_0_Test" time="0"/>
  <testcase name="test_2127" classname="net.mooctest.UnrolledLinkedList2023_sub_10_0_Test" time="0"/>
  <testcase name="test_2128" classname="net.mooctest.UnrolledLinkedList2023_sub_10_0_Test" time="0"/>
  <testcase name="test_2129" classname="net.mooctest.UnrolledLinkedList2023_sub_10_0_Test" time="0"/>
  <testcase name="test_2133" classname="net.mooctest.UnrolledLinkedList2023_sub_10_0_Test" time="0"/>
  <testcase name="test_2134" classname="net.mooctest.UnrolledLinkedList2023_sub_10_0_Test" time="0"/>
  <testcase name="test_2184" classname="net.mooctest.UnrolledLinkedList2023_sub_10_0_Test" time="0"/>
  <testcase name="test_2208" classname="net.mooctest.UnrolledLinkedList2023_sub_10_0_Test" time="0"/>
  <testcase name="test_2236" classname="net.mooctest.UnrolledLinkedList2023_sub_10_0_Test" time="0"/>
  <testcase name="test_2576" classname="net.mooctest.UnrolledLinkedList2023_sub_10_0_Test" time="0"/>
  <testcase name="test_2577" classname="net.mooctest.UnrolledLinkedList2023_sub_10_0_Test" time="0"/>
  <testcase name="test_2579" classname="net.mooctest.UnrolledLinkedList2023_sub_10_0_Test" time="0"/>
  <testcase name="test_2580" classname="net.mooctest.UnrolledLinkedList2023_sub_10_0_Test" time="0"/>
  <testcase name="test_2722" classname="net.mooctest.UnrolledLinkedList2023_sub_10_0_Test" time="0"/>
  <testcase name="test_2957" classname="net.mooctest.UnrolledLinkedList2023_sub_10_0_Test" time="0"/>
  <testcase name="test_2960" classname="net.mooctest.UnrolledLinkedList2023_sub_10_0_Test" time="0.001"/>
  <testcase name="test_2966" classname="net.mooctest.UnrolledLinkedList2023_sub_10_0_Test" time="0">
    <error type="java.lang.IndexOutOfBoundsException">java.lang.IndexOutOfBoundsException
	at net.mooctest.UnrolledLinkedList2023_sub_10_0_Test.test_2966(UnrolledLinkedList2023_sub_10_0_Test.java:4540)
</error>
    <system-out><![CDATA[size:3
index:0
size:4
index:1
size:5
index:2
size:6
index:3
]]></system-out>
  </testcase>
  <testcase name="test_3155" classname="net.mooctest.UnrolledLinkedList2023_sub_10_0_Test" time="0"/>
  <testcase name="test_3164" classname="net.mooctest.UnrolledLinkedList2023_sub_10_0_Test" time="0"/>
  <testcase name="test_3191" classname="net.mooctest.UnrolledLinkedList2023_sub_10_0_Test" time="0"/>
  <testcase name="test_3201" classname="net.mooctest.UnrolledLinkedList2023_sub_10_0_Test" time="0"/>
  <testcase name="test_3208" classname="net.mooctest.UnrolledLinkedList2023_sub_10_0_Test" time="0"/>
  <testcase name="test_3210" classname="net.mooctest.UnrolledLinkedList2023_sub_10_0_Test" time="0"/>
  <testcase name="test_3597" classname="net.mooctest.UnrolledLinkedList2023_sub_10_0_Test" time="0"/>
  <testcase name="test_3608" classname="net.mooctest.UnrolledLinkedList2023_sub_10_0_Test" time="0"/>
  <testcase name="test_3630" classname="net.mooctest.UnrolledLinkedList2023_sub_10_0_Test" time="0.001"/>
  <testcase name="test_3634" classname="net.mooctest.UnrolledLinkedList2023_sub_10_0_Test" time="0"/>
  <testcase name="test_3743" classname="net.mooctest.UnrolledLinkedList2023_sub_10_0_Test" time="0"/>
  <testcase name="test_3796" classname="net.mooctest.UnrolledLinkedList2023_sub_10_0_Test" time="0"/>
  <testcase name="test_3823" classname="net.mooctest.UnrolledLinkedList2023_sub_10_0_Test" time="0"/>
  <testcase name="test_3843" classname="net.mooctest.UnrolledLinkedList2023_sub_10_0_Test" time="0"/>
  <testcase name="test_3986" classname="net.mooctest.UnrolledLinkedList2023_sub_10_0_Test" time="0"/>
  <testcase name="test_4008" classname="net.mooctest.UnrolledLinkedList2023_sub_10_0_Test" time="0"/>
  <testcase name="test_4017" classname="net.mooctest.UnrolledLinkedList2023_sub_10_0_Test" time="0"/>
  <testcase name="test_4031" classname="net.mooctest.UnrolledLinkedList2023_sub_10_0_Test" time="0.001"/>
  <testcase name="test_4032" classname="net.mooctest.UnrolledLinkedList2023_sub_10_0_Test" time="0"/>
  <testcase name="test_4033" classname="net.mooctest.UnrolledLinkedList2023_sub_10_0_Test" time="0"/>
  <testcase name="test_4034" classname="net.mooctest.UnrolledLinkedList2023_sub_10_0_Test" time="0"/>
  <testcase name="test_4035" classname="net.mooctest.UnrolledLinkedList2023_sub_10_0_Test" time="0"/>
  <testcase name="test_4044" classname="net.mooctest.UnrolledLinkedList2023_sub_10_0_Test" time="0"/>
  <testcase name="test_4045" classname="net.mooctest.UnrolledLinkedList2023_sub_10_0_Test" time="0"/>
  <testcase name="test_4108" classname="net.mooctest.UnrolledLinkedList2023_sub_10_0_Test" time="0"/>
  <testcase name="test_4112" classname="net.mooctest.UnrolledLinkedList2023_sub_10_0_Test" time="0"/>
  <testcase name="test_4125" classname="net.mooctest.UnrolledLinkedList2023_sub_10_0_Test" time="0"/>
  <testcase name="test_4158" classname="net.mooctest.UnrolledLinkedList2023_sub_10_0_Test" time="0"/>
  <testcase name="test_4159" classname="net.mooctest.UnrolledLinkedList2023_sub_10_0_Test" time="0"/>
  <testcase name="test_4160" classname="net.mooctest.UnrolledLinkedList2023_sub_10_0_Test" time="0">
    <error type="java.lang.NullPointerException">java.lang.NullPointerException
	at net.mooctest.UnrolledLinkedList2023_sub_10_0_Test.test_4160(UnrolledLinkedList2023_sub_10_0_Test.java:4213)
</error>
  </testcase>
  <testcase name="test_4161" classname="net.mooctest.UnrolledLinkedList2023_sub_10_0_Test" time="0">
    <error message="-1" type="java.lang.ArrayIndexOutOfBoundsException">java.lang.ArrayIndexOutOfBoundsException: -1
	at net.mooctest.UnrolledLinkedList2023_sub_10_0_Test.test_4161(UnrolledLinkedList2023_sub_10_0_Test.java:1033)
</error>
  </testcase>
  <testcase name="test_4163" classname="net.mooctest.UnrolledLinkedList2023_sub_10_0_Test" time="0">
    <error type="java.lang.NullPointerException">java.lang.NullPointerException
	at net.mooctest.UnrolledLinkedList2023_sub_10_0_Test.test_4163(UnrolledLinkedList2023_sub_10_0_Test.java:1923)
</error>
  </testcase>
  <testcase name="test_4164" classname="net.mooctest.UnrolledLinkedList2023_sub_10_0_Test" time="0">
    <error message="-2147483647" type="java.lang.ArrayIndexOutOfBoundsException">java.lang.ArrayIndexOutOfBoundsException: -2147483647
	at net.mooctest.UnrolledLinkedList2023_sub_10_0_Test.test_4164(UnrolledLinkedList2023_sub_10_0_Test.java:5604)
</error>
  </testcase>
  <testcase name="test_4201" classname="net.mooctest.UnrolledLinkedList2023_sub_10_0_Test" time="0"/>
  <testcase name="test_4205" classname="net.mooctest.UnrolledLinkedList2023_sub_10_0_Test" time="0"/>
  <testcase name="test_4215" classname="net.mooctest.UnrolledLinkedList2023_sub_10_0_Test" time="0">
    <error message="nodeCapacity &lt; 8" type="java.lang.IllegalArgumentException"><![CDATA[java.lang.IllegalArgumentException: nodeCapacity < 8
	at net.mooctest.UnrolledLinkedList2023_sub_10_0_Test.test_4215(UnrolledLinkedList2023_sub_10_0_Test.java:4353)
]]></error>
  </testcase>
  <testcase name="test_4219" classname="net.mooctest.UnrolledLinkedList2023_sub_10_0_Test" time="0"/>
  <testcase name="test_4222" classname="net.mooctest.UnrolledLinkedList2023_sub_10_0_Test" time="0"/>
  <testcase name="test_4260" classname="net.mooctest.UnrolledLinkedList2023_sub_10_0_Test" time="0"/>
  <testcase name="test_4326" classname="net.mooctest.UnrolledLinkedList2023_sub_10_0_Test" time="0"/>
  <testcase name="test_4395" classname="net.mooctest.UnrolledLinkedList2023_sub_10_0_Test" time="0"/>
  <testcase name="test_4397" classname="net.mooctest.UnrolledLinkedList2023_sub_10_0_Test" time="0">
    <error type="java.util.NoSuchElementException">java.util.NoSuchElementException
	at net.mooctest.UnrolledLinkedList2023_sub_10_0_Test.test_4397(UnrolledLinkedList2023_sub_10_0_Test.java:1170)
</error>
  </testcase>
  <testcase name="test_4400" classname="net.mooctest.UnrolledLinkedList2023_sub_10_0_Test" time="0"/>
  <testcase name="test_4405" classname="net.mooctest.UnrolledLinkedList2023_sub_10_0_Test" time="0"/>
  <testcase name="test_4416" classname="net.mooctest.UnrolledLinkedList2023_sub_10_0_Test" time="0"/>
  <testcase name="test_4417" classname="net.mooctest.UnrolledLinkedList2023_sub_10_0_Test" time="0"/>
  <testcase name="test_4639" classname="net.mooctest.UnrolledLinkedList2023_sub_10_0_Test" time="0"/>
  <testcase name="test_4642" classname="net.mooctest.UnrolledLinkedList2023_sub_10_0_Test" time="0"/>
  <testcase name="test_4645" classname="net.mooctest.UnrolledLinkedList2023_sub_10_0_Test" time="0"/>
  <testcase name="test_4646" classname="net.mooctest.UnrolledLinkedList2023_sub_10_0_Test" time="0"/>
  <testcase name="test_4648" classname="net.mooctest.UnrolledLinkedList2023_sub_10_0_Test" time="0"/>
  <testcase name="test_4649" classname="net.mooctest.UnrolledLinkedList2023_sub_10_0_Test" time="0"/>
  <testcase name="test_4651" classname="net.mooctest.UnrolledLinkedList2023_sub_10_0_Test" time="0"/>
  <testcase name="test_4743" classname="net.mooctest.UnrolledLinkedList2023_sub_10_0_Test" time="0"/>
  <testcase name="test_4779" classname="net.mooctest.UnrolledLinkedList2023_sub_10_0_Test" time="0"/>
  <testcase name="test_4780" classname="net.mooctest.UnrolledLinkedList2023_sub_10_0_Test" time="0">
    <error type="java.lang.NullPointerException">java.lang.NullPointerException
	at net.mooctest.UnrolledLinkedList2023_sub_10_0_Test.test_4780(UnrolledLinkedList2023_sub_10_0_Test.java:2438)
</error>
  </testcase>
  <testcase name="test_4816" classname="net.mooctest.UnrolledLinkedList2023_sub_10_0_Test" time="0"/>
  <testcase name="test_4821" classname="net.mooctest.UnrolledLinkedList2023_sub_10_0_Test" time="0"/>
  <testcase name="test_4823" classname="net.mooctest.UnrolledLinkedList2023_sub_10_0_Test" time="0"/>
  <testcase name="test_4842" classname="net.mooctest.UnrolledLinkedList2023_sub_10_0_Test" time="0"/>
  <testcase name="test_4848" classname="net.mooctest.UnrolledLinkedList2023_sub_10_0_Test" time="0"/>
  <testcase name="test_4943" classname="net.mooctest.UnrolledLinkedList2023_sub_10_0_Test" time="0"/>
  <testcase name="test_4960" classname="net.mooctest.UnrolledLinkedList2023_sub_10_0_Test" time="0.001"/>
  <testcase name="test_4961" classname="net.mooctest.UnrolledLinkedList2023_sub_10_0_Test" time="0"/>
  <testcase name="test_5019" classname="net.mooctest.UnrolledLinkedList2023_sub_10_0_Test" time="0"/>
  <testcase name="test_5095" classname="net.mooctest.UnrolledLinkedList2023_sub_10_0_Test" time="0"/>
  <testcase name="test_5098" classname="net.mooctest.UnrolledLinkedList2023_sub_10_0_Test" time="0"/>
  <testcase name="test_5112" classname="net.mooctest.UnrolledLinkedList2023_sub_10_0_Test" time="0"/>
  <testcase name="test_5119" classname="net.mooctest.UnrolledLinkedList2023_sub_10_0_Test" time="0"/>
  <testcase name="test_5120" classname="net.mooctest.UnrolledLinkedList2023_sub_10_0_Test" time="0"/>
  <testcase name="test_5121" classname="net.mooctest.UnrolledLinkedList2023_sub_10_0_Test" time="0"/>
  <testcase name="test_5124" classname="net.mooctest.UnrolledLinkedList2023_sub_10_0_Test" time="0"/>
  <testcase name="test_5127" classname="net.mooctest.UnrolledLinkedList2023_sub_10_0_Test" time="0"/>
  <testcase name="test_5199" classname="net.mooctest.UnrolledLinkedList2023_sub_10_0_Test" time="0">
    <error type="java.lang.NullPointerException">java.lang.NullPointerException
	at net.mooctest.UnrolledLinkedList2023_sub_10_0_Test.test_5199(UnrolledLinkedList2023_sub_10_0_Test.java:5620)
</error>
  </testcase>
  <testcase name="test_5208" classname="net.mooctest.UnrolledLinkedList2023_sub_10_0_Test" time="0"/>
  <testcase name="test_5209" classname="net.mooctest.UnrolledLinkedList2023_sub_10_0_Test" time="0"/>
  <testcase name="test_5210" classname="net.mooctest.UnrolledLinkedList2023_sub_10_0_Test" time="0"/>
  <testcase name="test_5211" classname="net.mooctest.UnrolledLinkedList2023_sub_10_0_Test" time="0"/>
  <testcase name="test_5212" classname="net.mooctest.UnrolledLinkedList2023_sub_10_0_Test" time="0"/>
  <testcase name="test_5213" classname="net.mooctest.UnrolledLinkedList2023_sub_10_0_Test" time="0"/>
  <testcase name="test_5214" classname="net.mooctest.UnrolledLinkedList2023_sub_10_0_Test" time="0"/>
  <testcase name="test_5301" classname="net.mooctest.UnrolledLinkedList2023_sub_10_0_Test" time="0"/>
  <testcase name="test_5326" classname="net.mooctest.UnrolledLinkedList2023_sub_10_0_Test" time="0"/>
  <testcase name="test_5361" classname="net.mooctest.UnrolledLinkedList2023_sub_10_0_Test" time="0"/>
  <testcase name="test_5364" classname="net.mooctest.UnrolledLinkedList2023_sub_10_0_Test" time="0"/>
  <testcase name="test_5366" classname="net.mooctest.UnrolledLinkedList2023_sub_10_0_Test" time="0"/>
  <testcase name="test_5388" classname="net.mooctest.UnrolledLinkedList2023_sub_10_0_Test" time="0"/>
  <testcase name="test_5389" classname="net.mooctest.UnrolledLinkedList2023_sub_10_0_Test" time="0"/>
  <testcase name="test_5415" classname="net.mooctest.UnrolledLinkedList2023_sub_10_0_Test" time="0"/>
  <testcase name="test_5416" classname="net.mooctest.UnrolledLinkedList2023_sub_10_0_Test" time="0"/>
  <testcase name="test_5417" classname="net.mooctest.UnrolledLinkedList2023_sub_10_0_Test" time="0"/>
  <testcase name="test_5421" classname="net.mooctest.UnrolledLinkedList2023_sub_10_0_Test" time="0"/>
  <testcase name="test_5495" classname="net.mooctest.UnrolledLinkedList2023_sub_10_0_Test" time="0"/>
  <testcase name="test_5526" classname="net.mooctest.UnrolledLinkedList2023_sub_10_0_Test" time="0"/>
  <testcase name="test_5531" classname="net.mooctest.UnrolledLinkedList2023_sub_10_0_Test" time="0"/>
  <testcase name="test_5546" classname="net.mooctest.UnrolledLinkedList2023_sub_10_0_Test" time="0"/>
  <testcase name="test_5555" classname="net.mooctest.UnrolledLinkedList2023_sub_10_0_Test" time="0"/>
  <testcase name="test_5614" classname="net.mooctest.UnrolledLinkedList2023_sub_10_0_Test" time="0"/>
  <testcase name="test_5667" classname="net.mooctest.UnrolledLinkedList2023_sub_10_0_Test" time="0"/>
  <testcase name="test_5683" classname="net.mooctest.UnrolledLinkedList2023_sub_10_0_Test" time="0"/>
  <testcase name="test_5685" classname="net.mooctest.UnrolledLinkedList2023_sub_10_0_Test" time="0"/>
  <testcase name="test_5697" classname="net.mooctest.UnrolledLinkedList2023_sub_10_0_Test" time="0">
    <error type="java.lang.NullPointerException">java.lang.NullPointerException
	at net.mooctest.UnrolledLinkedList2023_sub_10_0_Test.test_5697(UnrolledLinkedList2023_sub_10_0_Test.java:4801)
</error>
  </testcase>
  <testcase name="test_5771" classname="net.mooctest.UnrolledLinkedList2023_sub_10_0_Test" time="0"/>
  <testcase name="test_5773" classname="net.mooctest.UnrolledLinkedList2023_sub_10_0_Test" time="0"/>
  <testcase name="test_5799" classname="net.mooctest.UnrolledLinkedList2023_sub_10_0_Test" time="0"/>
  <testcase name="test_5963" classname="net.mooctest.UnrolledLinkedList2023_sub_10_0_Test" time="0"/>
  <testcase name="test_6053" classname="net.mooctest.UnrolledLinkedList2023_sub_10_0_Test" time="0"/>
  <testcase name="test_6054" classname="net.mooctest.UnrolledLinkedList2023_sub_10_0_Test" time="0"/>
  <testcase name="test_6064" classname="net.mooctest.UnrolledLinkedList2023_sub_10_0_Test" time="0"/>
  <testcase name="test_6079" classname="net.mooctest.UnrolledLinkedList2023_sub_10_0_Test" time="0"/>
  <testcase name="test_6090" classname="net.mooctest.UnrolledLinkedList2023_sub_10_0_Test" time="0"/>
  <testcase name="test_6101" classname="net.mooctest.UnrolledLinkedList2023_sub_10_0_Test" time="0"/>
  <testcase name="test_6110" classname="net.mooctest.UnrolledLinkedList2023_sub_10_0_Test" time="0"/>
  <testcase name="test_6129" classname="net.mooctest.UnrolledLinkedList2023_sub_10_0_Test" time="0"/>
  <testcase name="test_6132" classname="net.mooctest.UnrolledLinkedList2023_sub_10_0_Test" time="0"/>
  <testcase name="test_6133" classname="net.mooctest.UnrolledLinkedList2023_sub_10_0_Test" time="0"/>
  <testcase name="test_6134" classname="net.mooctest.UnrolledLinkedList2023_sub_10_0_Test" time="0"/>
  <testcase name="test_6135" classname="net.mooctest.UnrolledLinkedList2023_sub_10_0_Test" time="0.001"/>
  <testcase name="test_6331" classname="net.mooctest.UnrolledLinkedList2023_sub_10_0_Test" time="0"/>
  <testcase name="test_6348" classname="net.mooctest.UnrolledLinkedList2023_sub_10_0_Test" time="0"/>
  <testcase name="test_6363" classname="net.mooctest.UnrolledLinkedList2023_sub_10_0_Test" time="0"/>
  <testcase name="test_6364" classname="net.mooctest.UnrolledLinkedList2023_sub_10_0_Test" time="0"/>
  <testcase name="test_6370" classname="net.mooctest.UnrolledLinkedList2023_sub_10_0_Test" time="0"/>
  <testcase name="test_6380" classname="net.mooctest.UnrolledLinkedList2023_sub_10_0_Test" time="0"/>
  <testcase name="test_6381" classname="net.mooctest.UnrolledLinkedList2023_sub_10_0_Test" time="0"/>
  <testcase name="test_6384" classname="net.mooctest.UnrolledLinkedList2023_sub_10_0_Test" time="0"/>
  <testcase name="test_6395" classname="net.mooctest.UnrolledLinkedList2023_sub_10_0_Test" time="0"/>
  <testcase name="test_6399" classname="net.mooctest.UnrolledLinkedList2023_sub_10_0_Test" time="0"/>
  <testcase name="test_6400" classname="net.mooctest.UnrolledLinkedList2023_sub_10_0_Test" time="0"/>
  <testcase name="test_6479" classname="net.mooctest.UnrolledLinkedList2023_sub_10_0_Test" time="0"/>
  <testcase name="test_6730" classname="net.mooctest.UnrolledLinkedList2023_sub_10_0_Test" time="0"/>
  <testcase name="test_6836" classname="net.mooctest.UnrolledLinkedList2023_sub_10_0_Test" time="0"/>
  <testcase name="test_6845" classname="net.mooctest.UnrolledLinkedList2023_sub_10_0_Test" time="0"/>
  <testcase name="test_6848" classname="net.mooctest.UnrolledLinkedList2023_sub_10_0_Test" time="0"/>
  <testcase name="test_6877" classname="net.mooctest.UnrolledLinkedList2023_sub_10_0_Test" time="0"/>
  <testcase name="test_6878" classname="net.mooctest.UnrolledLinkedList2023_sub_10_0_Test" time="0"/>
  <testcase name="test_6900" classname="net.mooctest.UnrolledLinkedList2023_sub_10_0_Test" time="0"/>
  <testcase name="test_6904" classname="net.mooctest.UnrolledLinkedList2023_sub_10_0_Test" time="0"/>
  <testcase name="test_6905" classname="net.mooctest.UnrolledLinkedList2023_sub_10_0_Test" time="0">
    <error type="java.lang.IndexOutOfBoundsException">java.lang.IndexOutOfBoundsException
	at net.mooctest.UnrolledLinkedList2023_sub_10_0_Test.test_6905(UnrolledLinkedList2023_sub_10_0_Test.java:1848)
</error>
  </testcase>
  <testcase name="test_6913" classname="net.mooctest.UnrolledLinkedList2023_sub_10_0_Test" time="0"/>
  <testcase name="test_6916" classname="net.mooctest.UnrolledLinkedList2023_sub_10_0_Test" time="0"/>
  <testcase name="test_6921" classname="net.mooctest.UnrolledLinkedList2023_sub_10_0_Test" time="0"/>
  <testcase name="test_6931" classname="net.mooctest.UnrolledLinkedList2023_sub_10_0_Test" time="0.001"/>
  <testcase name="test_102" classname="net.mooctest.UnrolledLinkedList2023_sub_10_0_Test" time="0"/>
  <testcase name="test_105" classname="net.mooctest.UnrolledLinkedList2023_sub_10_0_Test" time="0"/>
  <testcase name="test_106" classname="net.mooctest.UnrolledLinkedList2023_sub_10_0_Test" time="0"/>
  <testcase name="test_109" classname="net.mooctest.UnrolledLinkedList2023_sub_10_0_Test" time="0"/>
  <testcase name="test_110" classname="net.mooctest.UnrolledLinkedList2023_sub_10_0_Test" time="0"/>
  <testcase name="test_115" classname="net.mooctest.UnrolledLinkedList2023_sub_10_0_Test" time="0"/>
  <testcase name="test_116" classname="net.mooctest.UnrolledLinkedList2023_sub_10_0_Test" time="0"/>
  <testcase name="test_117" classname="net.mooctest.UnrolledLinkedList2023_sub_10_0_Test" time="0"/>
  <testcase name="test_119" classname="net.mooctest.UnrolledLinkedList2023_sub_10_0_Test" time="0"/>
  <testcase name="test_120" classname="net.mooctest.UnrolledLinkedList2023_sub_10_0_Test" time="0"/>
  <testcase name="test_123" classname="net.mooctest.UnrolledLinkedList2023_sub_10_0_Test" time="0"/>
  <testcase name="test_124" classname="net.mooctest.UnrolledLinkedList2023_sub_10_0_Test" time="0"/>
  <testcase name="test_125" classname="net.mooctest.UnrolledLinkedList2023_sub_10_0_Test" time="0"/>
  <testcase name="test_126" classname="net.mooctest.UnrolledLinkedList2023_sub_10_0_Test" time="0"/>
  <testcase name="test_127" classname="net.mooctest.UnrolledLinkedList2023_sub_10_0_Test" time="0"/>
  <testcase name="test_128" classname="net.mooctest.UnrolledLinkedList2023_sub_10_0_Test" time="0"/>
  <testcase name="test_129" classname="net.mooctest.UnrolledLinkedList2023_sub_10_0_Test" time="0"/>
  <testcase name="test_130" classname="net.mooctest.UnrolledLinkedList2023_sub_10_0_Test" time="0"/>
  <testcase name="test_132" classname="net.mooctest.UnrolledLinkedList2023_sub_10_0_Test" time="0"/>
  <testcase name="test_142" classname="net.mooctest.UnrolledLinkedList2023_sub_10_0_Test" time="0"/>
  <testcase name="test_144" classname="net.mooctest.UnrolledLinkedList2023_sub_10_0_Test" time="0"/>
  <testcase name="test_150" classname="net.mooctest.UnrolledLinkedList2023_sub_10_0_Test" time="0"/>
  <testcase name="test_153" classname="net.mooctest.UnrolledLinkedList2023_sub_10_0_Test" time="0"/>
  <testcase name="test_160" classname="net.mooctest.UnrolledLinkedList2023_sub_10_0_Test" time="0"/>
  <testcase name="test_161" classname="net.mooctest.UnrolledLinkedList2023_sub_10_0_Test" time="0"/>
  <testcase name="test_165" classname="net.mooctest.UnrolledLinkedList2023_sub_10_0_Test" time="0"/>
  <testcase name="test_171" classname="net.mooctest.UnrolledLinkedList2023_sub_10_0_Test" time="0"/>
  <testcase name="test_172" classname="net.mooctest.UnrolledLinkedList2023_sub_10_0_Test" time="0"/>
  <testcase name="test_174" classname="net.mooctest.UnrolledLinkedList2023_sub_10_0_Test" time="0"/>
  <testcase name="test_180" classname="net.mooctest.UnrolledLinkedList2023_sub_10_0_Test" time="0"/>
  <testcase name="test_182" classname="net.mooctest.UnrolledLinkedList2023_sub_10_0_Test" time="0"/>
  <testcase name="test_192" classname="net.mooctest.UnrolledLinkedList2023_sub_10_0_Test" time="0"/>
  <testcase name="test_197" classname="net.mooctest.UnrolledLinkedList2023_sub_10_0_Test" time="0"/>
  <testcase name="test_199" classname="net.mooctest.UnrolledLinkedList2023_sub_10_0_Test" time="0"/>
  <testcase name="test_201" classname="net.mooctest.UnrolledLinkedList2023_sub_10_0_Test" time="0"/>
  <testcase name="test_224" classname="net.mooctest.UnrolledLinkedList2023_sub_10_0_Test" time="0"/>
  <testcase name="test_233" classname="net.mooctest.UnrolledLinkedList2023_sub_10_0_Test" time="0"/>
  <testcase name="test_236" classname="net.mooctest.UnrolledLinkedList2023_sub_10_0_Test" time="0"/>
  <testcase name="test_255" classname="net.mooctest.UnrolledLinkedList2023_sub_10_0_Test" time="0"/>
  <testcase name="test_256" classname="net.mooctest.UnrolledLinkedList2023_sub_10_0_Test" time="0"/>
  <testcase name="test_264" classname="net.mooctest.UnrolledLinkedList2023_sub_10_0_Test" time="0"/>
  <testcase name="test_286" classname="net.mooctest.UnrolledLinkedList2023_sub_10_0_Test" time="0"/>
  <testcase name="test_404" classname="net.mooctest.UnrolledLinkedList2023_sub_10_0_Test" time="0"/>
  <testcase name="test_406" classname="net.mooctest.UnrolledLinkedList2023_sub_10_0_Test" time="0"/>
  <testcase name="test_410" classname="net.mooctest.UnrolledLinkedList2023_sub_10_0_Test" time="0"/>
  <testcase name="test_412" classname="net.mooctest.UnrolledLinkedList2023_sub_10_0_Test" time="0"/>
  <testcase name="test_416" classname="net.mooctest.UnrolledLinkedList2023_sub_10_0_Test" time="0"/>
  <testcase name="test_422" classname="net.mooctest.UnrolledLinkedList2023_sub_10_0_Test" time="0"/>
  <testcase name="test_471" classname="net.mooctest.UnrolledLinkedList2023_sub_10_0_Test" time="0"/>
  <testcase name="test_582" classname="net.mooctest.UnrolledLinkedList2023_sub_10_0_Test" time="0"/>
  <testcase name="test_600" classname="net.mooctest.UnrolledLinkedList2023_sub_10_0_Test" time="0"/>
  <testcase name="test_699" classname="net.mooctest.UnrolledLinkedList2023_sub_10_0_Test" time="0"/>
  <testcase name="test_851" classname="net.mooctest.UnrolledLinkedList2023_sub_10_0_Test" time="0"/>
  <testcase name="test_853" classname="net.mooctest.UnrolledLinkedList2023_sub_10_0_Test" time="0"/>
  <testcase name="test_857" classname="net.mooctest.UnrolledLinkedList2023_sub_10_0_Test" time="0"/>
  <testcase name="test_858" classname="net.mooctest.UnrolledLinkedList2023_sub_10_0_Test" time="0"/>
  <testcase name="test_864" classname="net.mooctest.UnrolledLinkedList2023_sub_10_0_Test" time="0"/>
  <testcase name="test_878" classname="net.mooctest.UnrolledLinkedList2023_sub_10_0_Test" time="0"/>
  <testcase name="test_880" classname="net.mooctest.UnrolledLinkedList2023_sub_10_0_Test" time="0"/>
  <testcase name="test_895" classname="net.mooctest.UnrolledLinkedList2023_sub_10_0_Test" time="0"/>
  <testcase name="test_897" classname="net.mooctest.UnrolledLinkedList2023_sub_10_0_Test" time="0"/>
  <testcase name="test_898" classname="net.mooctest.UnrolledLinkedList2023_sub_10_0_Test" time="0"/>
  <testcase name="test_899" classname="net.mooctest.UnrolledLinkedList2023_sub_10_0_Test" time="0"/>
  <testcase name="test_911" classname="net.mooctest.UnrolledLinkedList2023_sub_10_0_Test" time="0.001"/>
  <testcase name="test_0" classname="net.mooctest.UnrolledLinkedList2023_sub_10_0_Test" time="0"/>
  <testcase name="test_1" classname="net.mooctest.UnrolledLinkedList2023_sub_10_0_Test" time="0"/>
  <testcase name="test_2" classname="net.mooctest.UnrolledLinkedList2023_sub_10_0_Test" time="0"/>
  <testcase name="test_3" classname="net.mooctest.UnrolledLinkedList2023_sub_10_0_Test" time="0"/>
  <testcase name="test_4" classname="net.mooctest.UnrolledLinkedList2023_sub_10_0_Test" time="0"/>
  <testcase name="test_5" classname="net.mooctest.UnrolledLinkedList2023_sub_10_0_Test" time="0"/>
  <testcase name="test_9" classname="net.mooctest.UnrolledLinkedList2023_sub_10_0_Test" time="0"/>
</testsuite>