<?xml version="1.0" encoding="UTF-8"?>
<testsuite xmlns:xsi="http://www.w3.org/2001/XMLSchema-instance" xsi:noNamespaceSchemaLocation="https://maven.apache.org/surefire/maven-surefire-plugin/xsd/surefire-test-report.xsd" name="net.mooctest.Othello_sub_10_0_Test" time="0.051" tests="147" errors="0" skipped="0" failures="1">
  <properties>
    <property name="awt.toolkit" value="sun.awt.X11.XToolkit"/>
    <property name="file.encoding.pkg" value="sun.io"/>
    <property name="java.specification.version" value="1.8"/>
    <property name="sun.cpu.isalist" value=""/>
    <property name="sun.jnu.encoding" value="ANSI_X3.4-1968"/>
    <property name="java.class.path" value="/data02/LCD/CTCA/coverage_test/test_main/Othello/test_operational/target/test-classes:/data02/LCD/CTCA/coverage_test/test_main/Othello/test_operational/target/classes:/data02/LCD/.m2/repository/junit/junit/4.12/junit-4.12.jar:/data02/LCD/.m2/repository/org/hamcrest/hamcrest-core/1.3/hamcrest-core-1.3.jar:/data02/LCD/.m2/repository/org/slf4j/slf4j-simple/1.7.25/slf4j-simple-1.7.25.jar:/data02/LCD/.m2/repository/org/slf4j/slf4j-api/1.7.25/slf4j-api-1.7.25.jar:/data02/LCD/.m2/repository/org/evosuite/evosuite-master/1.0.6/evosuite-master-1.0.6.jar:/data02/LCD/.m2/repository/org/jacoco/jacoco-maven-plugin/0.8.7/jacoco-maven-plugin-0.8.7.jar:/data02/LCD/.m2/repository/org/apache/maven/maven-plugin-api/3.0/maven-plugin-api-3.0.jar:/data02/LCD/.m2/repository/org/apache/maven/maven-model/3.0/maven-model-3.0.jar:/data02/LCD/.m2/repository/org/apache/maven/maven-artifact/3.0/maven-artifact-3.0.jar:/data02/LCD/.m2/repository/org/sonatype/sisu/sisu-inject-plexus/1.4.2/sisu-inject-plexus-1.4.2.jar:/data02/LCD/.m2/repository/org/sonatype/sisu/sisu-inject-bean/1.4.2/sisu-inject-bean-1.4.2.jar:/data02/LCD/.m2/repository/org/sonatype/sisu/sisu-guice/2.1.7/sisu-guice-2.1.7-noaop.jar:/data02/LCD/.m2/repository/org/apache/maven/maven-core/3.0/maven-core-3.0.jar:/data02/LCD/.m2/repository/org/apache/maven/maven-settings/3.0/maven-settings-3.0.jar:/data02/LCD/.m2/repository/org/apache/maven/maven-settings-builder/3.0/maven-settings-builder-3.0.jar:/data02/LCD/.m2/repository/org/apache/maven/maven-repository-metadata/3.0/maven-repository-metadata-3.0.jar:/data02/LCD/.m2/repository/org/apache/maven/maven-model-builder/3.0/maven-model-builder-3.0.jar:/data02/LCD/.m2/repository/org/apache/maven/maven-aether-provider/3.0/maven-aether-provider-3.0.jar:/data02/LCD/.m2/repository/org/sonatype/aether/aether-impl/1.7/aether-impl-1.7.jar:/data02/LCD/.m2/repository/org/sonatype/aether/aether-spi/1.7/aether-spi-1.7.jar:/data02/LCD/.m2/repository/org/sonatype/aether/aether-api/1.7/aether-api-1.7.jar:/data02/LCD/.m2/repository/org/sonatype/aether/aether-util/1.7/aether-util-1.7.jar:/data02/LCD/.m2/repository/org/codehaus/plexus/plexus-interpolation/1.14/plexus-interpolation-1.14.jar:/data02/LCD/.m2/repository/org/codehaus/plexus/plexus-classworlds/2.2.3/plexus-classworlds-2.2.3.jar:/data02/LCD/.m2/repository/org/codehaus/plexus/plexus-component-annotations/1.5.5/plexus-component-annotations-1.5.5.jar:/data02/LCD/.m2/repository/org/sonatype/plexus/plexus-sec-dispatcher/1.3/plexus-sec-dispatcher-1.3.jar:/data02/LCD/.m2/repository/org/sonatype/plexus/plexus-cipher/1.4/plexus-cipher-1.4.jar:/data02/LCD/.m2/repository/org/codehaus/plexus/plexus-utils/3.0.22/plexus-utils-3.0.22.jar:/data02/LCD/.m2/repository/org/apache/maven/shared/file-management/1.2.1/file-management-1.2.1.jar:/data02/LCD/.m2/repository/org/apache/maven/shared/maven-shared-io/1.1/maven-shared-io-1.1.jar:/data02/LCD/.m2/repository/org/apache/maven/maven-artifact-manager/2.0.2/maven-artifact-manager-2.0.2.jar:/data02/LCD/.m2/repository/org/apache/maven/wagon/wagon-provider-api/1.0-alpha-6/wagon-provider-api-1.0-alpha-6.jar:/data02/LCD/.m2/repository/org/codehaus/plexus/plexus-container-default/1.0-alpha-9/plexus-container-default-1.0-alpha-9.jar:/data02/LCD/.m2/repository/classworlds/classworlds/1.1-alpha-2/classworlds-1.1-alpha-2.jar:/data02/LCD/.m2/repository/org/apache/maven/reporting/maven-reporting-api/3.0/maven-reporting-api-3.0.jar:/data02/LCD/.m2/repository/org/apache/maven/doxia/doxia-sink-api/1.0/doxia-sink-api-1.0.jar:/data02/LCD/.m2/repository/org/jacoco/org.jacoco.agent/0.8.7/org.jacoco.agent-0.8.7-runtime.jar:/data02/LCD/.m2/repository/org/jacoco/org.jacoco.core/0.8.7/org.jacoco.core-0.8.7.jar:/data02/LCD/.m2/repository/org/ow2/asm/asm/9.1/asm-9.1.jar:/data02/LCD/.m2/repository/org/ow2/asm/asm-commons/9.1/asm-commons-9.1.jar:/data02/LCD/.m2/repository/org/ow2/asm/asm-analysis/9.1/asm-analysis-9.1.jar:/data02/LCD/.m2/repository/org/ow2/asm/asm-tree/9.1/asm-tree-9.1.jar:/data02/LCD/.m2/repository/org/jacoco/org.jacoco.report/0.8.7/org.jacoco.report-0.8.7.jar:"/>
    <property name="java.vm.vendor" value="Oracle Corporation"/>
    <property name="sun.arch.data.model" value="64"/>
    <property name="java.vendor.url" value="http://java.oracle.com/"/>
    <property name="user.timezone" value=""/>
    <property name="java.vm.specification.version" value="1.8"/>
    <property name="os.name" value="Linux"/>
    <property name="user.country" value="US"/>
    <property name="sun.java.launcher" value="SUN_STANDARD"/>
    <property name="sun.boot.library.path" value="/data02/LCD/CTCA/environment/Java8/jre/lib/amd64"/>
    <property name="sun.java.command" value="/data02/LCD/CTCA/coverage_test/test_main/Othello/test_operational/target/surefire/surefirebooter4332497584584677333.jar /data02/LCD/CTCA/coverage_test/test_main/Othello/test_operational/target/surefire 2024-10-19T02-01-39_356-jvmRun1 surefire7973845117923599446tmp surefire_05177376018935968353tmp"/>
    <property name="surefire.test.class.path" value="/data02/LCD/CTCA/coverage_test/test_main/Othello/test_operational/target/test-classes:/data02/LCD/CTCA/coverage_test/test_main/Othello/test_operational/target/classes:/data02/LCD/.m2/repository/junit/junit/4.12/junit-4.12.jar:/data02/LCD/.m2/repository/org/hamcrest/hamcrest-core/1.3/hamcrest-core-1.3.jar:/data02/LCD/.m2/repository/org/slf4j/slf4j-simple/1.7.25/slf4j-simple-1.7.25.jar:/data02/LCD/.m2/repository/org/slf4j/slf4j-api/1.7.25/slf4j-api-1.7.25.jar:/data02/LCD/.m2/repository/org/evosuite/evosuite-master/1.0.6/evosuite-master-1.0.6.jar:/data02/LCD/.m2/repository/org/jacoco/jacoco-maven-plugin/0.8.7/jacoco-maven-plugin-0.8.7.jar:/data02/LCD/.m2/repository/org/apache/maven/maven-plugin-api/3.0/maven-plugin-api-3.0.jar:/data02/LCD/.m2/repository/org/apache/maven/maven-model/3.0/maven-model-3.0.jar:/data02/LCD/.m2/repository/org/apache/maven/maven-artifact/3.0/maven-artifact-3.0.jar:/data02/LCD/.m2/repository/org/sonatype/sisu/sisu-inject-plexus/1.4.2/sisu-inject-plexus-1.4.2.jar:/data02/LCD/.m2/repository/org/sonatype/sisu/sisu-inject-bean/1.4.2/sisu-inject-bean-1.4.2.jar:/data02/LCD/.m2/repository/org/sonatype/sisu/sisu-guice/2.1.7/sisu-guice-2.1.7-noaop.jar:/data02/LCD/.m2/repository/org/apache/maven/maven-core/3.0/maven-core-3.0.jar:/data02/LCD/.m2/repository/org/apache/maven/maven-settings/3.0/maven-settings-3.0.jar:/data02/LCD/.m2/repository/org/apache/maven/maven-settings-builder/3.0/maven-settings-builder-3.0.jar:/data02/LCD/.m2/repository/org/apache/maven/maven-repository-metadata/3.0/maven-repository-metadata-3.0.jar:/data02/LCD/.m2/repository/org/apache/maven/maven-model-builder/3.0/maven-model-builder-3.0.jar:/data02/LCD/.m2/repository/org/apache/maven/maven-aether-provider/3.0/maven-aether-provider-3.0.jar:/data02/LCD/.m2/repository/org/sonatype/aether/aether-impl/1.7/aether-impl-1.7.jar:/data02/LCD/.m2/repository/org/sonatype/aether/aether-spi/1.7/aether-spi-1.7.jar:/data02/LCD/.m2/repository/org/sonatype/aether/aether-api/1.7/aether-api-1.7.jar:/data02/LCD/.m2/repository/org/sonatype/aether/aether-util/1.7/aether-util-1.7.jar:/data02/LCD/.m2/repository/org/codehaus/plexus/plexus-interpolation/1.14/plexus-interpolation-1.14.jar:/data02/LCD/.m2/repository/org/codehaus/plexus/plexus-classworlds/2.2.3/plexus-classworlds-2.2.3.jar:/data02/LCD/.m2/repository/org/codehaus/plexus/plexus-component-annotations/1.5.5/plexus-component-annotations-1.5.5.jar:/data02/LCD/.m2/repository/org/sonatype/plexus/plexus-sec-dispatcher/1.3/plexus-sec-dispatcher-1.3.jar:/data02/LCD/.m2/repository/org/sonatype/plexus/plexus-cipher/1.4/plexus-cipher-1.4.jar:/data02/LCD/.m2/repository/org/codehaus/plexus/plexus-utils/3.0.22/plexus-utils-3.0.22.jar:/data02/LCD/.m2/repository/org/apache/maven/shared/file-management/1.2.1/file-management-1.2.1.jar:/data02/LCD/.m2/repository/org/apache/maven/shared/maven-shared-io/1.1/maven-shared-io-1.1.jar:/data02/LCD/.m2/repository/org/apache/maven/maven-artifact-manager/2.0.2/maven-artifact-manager-2.0.2.jar:/data02/LCD/.m2/repository/org/apache/maven/wagon/wagon-provider-api/1.0-alpha-6/wagon-provider-api-1.0-alpha-6.jar:/data02/LCD/.m2/repository/org/codehaus/plexus/plexus-container-default/1.0-alpha-9/plexus-container-default-1.0-alpha-9.jar:/data02/LCD/.m2/repository/classworlds/classworlds/1.1-alpha-2/classworlds-1.1-alpha-2.jar:/data02/LCD/.m2/repository/org/apache/maven/reporting/maven-reporting-api/3.0/maven-reporting-api-3.0.jar:/data02/LCD/.m2/repository/org/apache/maven/doxia/doxia-sink-api/1.0/doxia-sink-api-1.0.jar:/data02/LCD/.m2/repository/org/jacoco/org.jacoco.agent/0.8.7/org.jacoco.agent-0.8.7-runtime.jar:/data02/LCD/.m2/repository/org/jacoco/org.jacoco.core/0.8.7/org.jacoco.core-0.8.7.jar:/data02/LCD/.m2/repository/org/ow2/asm/asm/9.1/asm-9.1.jar:/data02/LCD/.m2/repository/org/ow2/asm/asm-commons/9.1/asm-commons-9.1.jar:/data02/LCD/.m2/repository/org/ow2/asm/asm-analysis/9.1/asm-analysis-9.1.jar:/data02/LCD/.m2/repository/org/ow2/asm/asm-tree/9.1/asm-tree-9.1.jar:/data02/LCD/.m2/repository/org/jacoco/org.jacoco.report/0.8.7/org.jacoco.report-0.8.7.jar:"/>
    <property name="sun.cpu.endian" value="little"/>
    <property name="user.home" value="/data02/LCD"/>
    <property name="user.language" value="en"/>
    <property name="java.specification.vendor" value="Oracle Corporation"/>
    <property name="java.home" value="/data02/LCD/CTCA/environment/Java8/jre"/>
    <property name="basedir" value="/data02/LCD/CTCA/coverage_test/test_main/Othello/test_operational"/>
    <property name="file.separator" value="/"/>
    <property name="line.separator" value="&#10;"/>
    <property name="java.vm.specification.vendor" value="Oracle Corporation"/>
    <property name="java.specification.name" value="Java Platform API Specification"/>
    <property name="java.awt.graphicsenv" value="sun.awt.X11GraphicsEnvironment"/>
    <property name="surefire.real.class.path" value="/data02/LCD/CTCA/coverage_test/test_main/Othello/test_operational/target/surefire/surefirebooter4332497584584677333.jar:/data02/LCD/.m2/repository/org/jacoco/org.jacoco.agent/0.8.7/org.jacoco.agent-0.8.7-runtime.jar"/>
    <property name="sun.boot.class.path" value="/data02/LCD/CTCA/environment/Java8/jre/lib/resources.jar:/data02/LCD/CTCA/environment/Java8/jre/lib/rt.jar:/data02/LCD/CTCA/environment/Java8/jre/lib/jsse.jar:/data02/LCD/CTCA/environment/Java8/jre/lib/jce.jar:/data02/LCD/CTCA/environment/Java8/jre/lib/charsets.jar:/data02/LCD/CTCA/environment/Java8/jre/lib/jfr.jar:/data02/LCD/CTCA/environment/Java8/jre/classes"/>
    <property name="sun.management.compiler" value="HotSpot 64-Bit Tiered Compilers"/>
    <property name="java.runtime.version" value="1.8.0_391-b13"/>
    <property name="user.name" value="lcd"/>
    <property name="path.separator" value=":"/>
    <property name="os.version" value="5.15.0-102-generic"/>
    <property name="java.endorsed.dirs" value="/data02/LCD/CTCA/environment/Java8/jre/lib/endorsed"/>
    <property name="java.runtime.name" value="Java(TM) SE Runtime Environment"/>
    <property name="file.encoding" value="UTF-8"/>
    <property name="java.vm.name" value="Java HotSpot(TM) 64-Bit Server VM"/>
    <property name="localRepository" value="/data02/LCD/.m2/repository"/>
    <property name="java.vendor.url.bug" value="http://bugreport.sun.com/bugreport/"/>
    <property name="java.io.tmpdir" value="/tmp"/>
    <property name="java.version" value="1.8.0_391"/>
    <property name="user.dir" value="/data02/LCD/CTCA/coverage_test/test_main/Othello/test_operational"/>
    <property name="os.arch" value="amd64"/>
    <property name="java.vm.specification.name" value="Java Virtual Machine Specification"/>
    <property name="java.awt.printerjob" value="sun.print.PSPrinterJob"/>
    <property name="sun.os.patch.level" value="unknown"/>
    <property name="java.library.path" value="/usr/local/cuda-11.1/lib64::/usr/java/packages/lib/amd64:/usr/lib64:/lib64:/lib:/usr/lib"/>
    <property name="java.vm.info" value="mixed mode"/>
    <property name="java.vendor" value="Oracle Corporation"/>
    <property name="java.vm.version" value="25.391-b13"/>
    <property name="java.specification.maintenance.version" value="5"/>
    <property name="java.ext.dirs" value="/data02/LCD/CTCA/environment/Java8/jre/lib/ext:/usr/java/packages/lib/ext"/>
    <property name="sun.io.unicode.encoding" value="UnicodeLittle"/>
    <property name="java.class.version" value="52.0"/>
  </properties>
  <testcase name="test_21" classname="net.mooctest.Othello_sub_10_0_Test" time="0"/>
  <testcase name="test_23" classname="net.mooctest.Othello_sub_10_0_Test" time="0"/>
  <testcase name="test_36" classname="net.mooctest.Othello_sub_10_0_Test" time="0"/>
  <testcase name="test_37" classname="net.mooctest.Othello_sub_10_0_Test" time="0.001"/>
  <testcase name="test_42" classname="net.mooctest.Othello_sub_10_0_Test" time="0.003"/>
  <testcase name="test_47" classname="net.mooctest.Othello_sub_10_0_Test" time="0"/>
  <testcase name="test_89" classname="net.mooctest.Othello_sub_10_0_Test" time="0"/>
  <testcase name="test_1007" classname="net.mooctest.Othello_sub_10_0_Test" time="0"/>
  <testcase name="test_1008" classname="net.mooctest.Othello_sub_10_0_Test" time="0"/>
  <testcase name="test_1009" classname="net.mooctest.Othello_sub_10_0_Test" time="0.001"/>
  <testcase name="test_1011" classname="net.mooctest.Othello_sub_10_0_Test" time="0"/>
  <testcase name="test_1160" classname="net.mooctest.Othello_sub_10_0_Test" time="0"/>
  <testcase name="test_1162" classname="net.mooctest.Othello_sub_10_0_Test" time="0"/>
  <testcase name="test_1353" classname="net.mooctest.Othello_sub_10_0_Test" time="0"/>
  <testcase name="test_1472" classname="net.mooctest.Othello_sub_10_0_Test" time="0"/>
  <testcase name="test_1473" classname="net.mooctest.Othello_sub_10_0_Test" time="0"/>
  <testcase name="test_1628" classname="net.mooctest.Othello_sub_10_0_Test" time="0"/>
  <testcase name="test_1686" classname="net.mooctest.Othello_sub_10_0_Test" time="0"/>
  <testcase name="test_1689" classname="net.mooctest.Othello_sub_10_0_Test" time="0"/>
  <testcase name="test_1779" classname="net.mooctest.Othello_sub_10_0_Test" time="0"/>
  <testcase name="test_1780" classname="net.mooctest.Othello_sub_10_0_Test" time="0"/>
  <testcase name="test_1801" classname="net.mooctest.Othello_sub_10_0_Test" time="0"/>
  <testcase name="test_1892" classname="net.mooctest.Othello_sub_10_0_Test" time="0"/>
  <testcase name="test_1893" classname="net.mooctest.Othello_sub_10_0_Test" time="0.001"/>
  <testcase name="test_2014" classname="net.mooctest.Othello_sub_10_0_Test" time="0"/>
  <testcase name="test_2040" classname="net.mooctest.Othello_sub_10_0_Test" time="0"/>
  <testcase name="test_2041" classname="net.mooctest.Othello_sub_10_0_Test" time="0"/>
  <testcase name="test_2128" classname="net.mooctest.Othello_sub_10_0_Test" time="0"/>
  <testcase name="test_2641" classname="net.mooctest.Othello_sub_10_0_Test" time="0"/>
  <testcase name="test_2881" classname="net.mooctest.Othello_sub_10_0_Test" time="0"/>
  <testcase name="test_2917" classname="net.mooctest.Othello_sub_10_0_Test" time="0"/>
  <testcase name="test_2924" classname="net.mooctest.Othello_sub_10_0_Test" time="0"/>
  <testcase name="test_2930" classname="net.mooctest.Othello_sub_10_0_Test" time="0"/>
  <testcase name="test_3195" classname="net.mooctest.Othello_sub_10_0_Test" time="0"/>
  <testcase name="test_3233" classname="net.mooctest.Othello_sub_10_0_Test" time="0"/>
  <testcase name="test_3418" classname="net.mooctest.Othello_sub_10_0_Test" time="0"/>
  <testcase name="test_3568" classname="net.mooctest.Othello_sub_10_0_Test" time="0"/>
  <testcase name="test_3587" classname="net.mooctest.Othello_sub_10_0_Test" time="0.001"/>
  <testcase name="test_3601" classname="net.mooctest.Othello_sub_10_0_Test" time="0"/>
  <testcase name="test_3603" classname="net.mooctest.Othello_sub_10_0_Test" time="0"/>
  <testcase name="test_3608" classname="net.mooctest.Othello_sub_10_0_Test" time="0"/>
  <testcase name="test_3609" classname="net.mooctest.Othello_sub_10_0_Test" time="0"/>
  <testcase name="test_3610" classname="net.mooctest.Othello_sub_10_0_Test" time="0"/>
  <testcase name="test_3611" classname="net.mooctest.Othello_sub_10_0_Test" time="0"/>
  <testcase name="test_7554" classname="net.mooctest.Othello_sub_10_0_Test" time="0"/>
  <testcase name="test_7606" classname="net.mooctest.Othello_sub_10_0_Test" time="0.01"/>
  <testcase name="test_7608" classname="net.mooctest.Othello_sub_10_0_Test" time="0"/>
  <testcase name="test_7609" classname="net.mooctest.Othello_sub_10_0_Test" time="0.01"/>
  <testcase name="test_7610" classname="net.mooctest.Othello_sub_10_0_Test" time="0.004"/>
  <testcase name="test_7613" classname="net.mooctest.Othello_sub_10_0_Test" time="0"/>
  <testcase name="test_7836" classname="net.mooctest.Othello_sub_10_0_Test" time="0"/>
  <testcase name="test_7924" classname="net.mooctest.Othello_sub_10_0_Test" time="0"/>
  <testcase name="test_7981" classname="net.mooctest.Othello_sub_10_0_Test" time="0"/>
  <testcase name="test_7982" classname="net.mooctest.Othello_sub_10_0_Test" time="0.001"/>
  <testcase name="test_7983" classname="net.mooctest.Othello_sub_10_0_Test" time="0"/>
  <testcase name="test_8012" classname="net.mooctest.Othello_sub_10_0_Test" time="0"/>
  <testcase name="test_8020" classname="net.mooctest.Othello_sub_10_0_Test" time="0"/>
  <testcase name="test_8039" classname="net.mooctest.Othello_sub_10_0_Test" time="0"/>
  <testcase name="test_8326" classname="net.mooctest.Othello_sub_10_0_Test" time="0"/>
  <testcase name="test_8389" classname="net.mooctest.Othello_sub_10_0_Test" time="0"/>
  <testcase name="test_8390" classname="net.mooctest.Othello_sub_10_0_Test" time="0"/>
  <testcase name="test_8391" classname="net.mooctest.Othello_sub_10_0_Test" time="0"/>
  <testcase name="test_8396" classname="net.mooctest.Othello_sub_10_0_Test" time="0"/>
  <testcase name="test_8563" classname="net.mooctest.Othello_sub_10_0_Test" time="0"/>
  <testcase name="test_8578" classname="net.mooctest.Othello_sub_10_0_Test" time="0"/>
  <testcase name="test_8580" classname="net.mooctest.Othello_sub_10_0_Test" time="0"/>
  <testcase name="test_8585" classname="net.mooctest.Othello_sub_10_0_Test" time="0"/>
  <testcase name="test_8601" classname="net.mooctest.Othello_sub_10_0_Test" time="0.001"/>
  <testcase name="test_8605" classname="net.mooctest.Othello_sub_10_0_Test" time="0"/>
  <testcase name="test_8726" classname="net.mooctest.Othello_sub_10_0_Test" time="0"/>
  <testcase name="test_8742" classname="net.mooctest.Othello_sub_10_0_Test" time="0.001"/>
  <testcase name="test_8743" classname="net.mooctest.Othello_sub_10_0_Test" time="0"/>
  <testcase name="test_8744" classname="net.mooctest.Othello_sub_10_0_Test" time="0"/>
  <testcase name="test_8753" classname="net.mooctest.Othello_sub_10_0_Test" time="0"/>
  <testcase name="test_8756" classname="net.mooctest.Othello_sub_10_0_Test" time="0"/>
  <testcase name="test_8824" classname="net.mooctest.Othello_sub_10_0_Test" time="0"/>
  <testcase name="test_9063" classname="net.mooctest.Othello_sub_10_0_Test" time="0"/>
  <testcase name="test_9072" classname="net.mooctest.Othello_sub_10_0_Test" time="0"/>
  <testcase name="test_9107" classname="net.mooctest.Othello_sub_10_0_Test" time="0"/>
  <testcase name="test_9109" classname="net.mooctest.Othello_sub_10_0_Test" time="0"/>
  <testcase name="test_9110" classname="net.mooctest.Othello_sub_10_0_Test" time="0"/>
  <testcase name="test_9247" classname="net.mooctest.Othello_sub_10_0_Test" time="0.001">
    <failure message="expected:&lt;0&gt; but was:&lt;7&gt;" type="java.lang.AssertionError"><![CDATA[java.lang.AssertionError: expected:<0> but was:<7>
	at net.mooctest.Othello_sub_10_0_Test.test_9247(Othello_sub_10_0_Test.java:2100)
]]></failure>
  </testcase>
  <testcase name="test_9249" classname="net.mooctest.Othello_sub_10_0_Test" time="0"/>
  <testcase name="test_9250" classname="net.mooctest.Othello_sub_10_0_Test" time="0.001"/>
  <testcase name="test_9251" classname="net.mooctest.Othello_sub_10_0_Test" time="0"/>
  <testcase name="test_9253" classname="net.mooctest.Othello_sub_10_0_Test" time="0"/>
  <testcase name="test_9254" classname="net.mooctest.Othello_sub_10_0_Test" time="0.001"/>
  <testcase name="test_9385" classname="net.mooctest.Othello_sub_10_0_Test" time="0"/>
  <testcase name="test_9386" classname="net.mooctest.Othello_sub_10_0_Test" time="0"/>
  <testcase name="test_9387" classname="net.mooctest.Othello_sub_10_0_Test" time="0"/>
  <testcase name="test_9388" classname="net.mooctest.Othello_sub_10_0_Test" time="0"/>
  <testcase name="test_9395" classname="net.mooctest.Othello_sub_10_0_Test" time="0"/>
  <testcase name="test_9397" classname="net.mooctest.Othello_sub_10_0_Test" time="0"/>
  <testcase name="test_9616" classname="net.mooctest.Othello_sub_10_0_Test" time="0.001"/>
  <testcase name="test_9808" classname="net.mooctest.Othello_sub_10_0_Test" time="0"/>
  <testcase name="test_9817" classname="net.mooctest.Othello_sub_10_0_Test" time="0"/>
  <testcase name="test_9829" classname="net.mooctest.Othello_sub_10_0_Test" time="0"/>
  <testcase name="test_9940" classname="net.mooctest.Othello_sub_10_0_Test" time="0"/>
  <testcase name="test_119" classname="net.mooctest.Othello_sub_10_0_Test" time="0"/>
  <testcase name="test_120" classname="net.mooctest.Othello_sub_10_0_Test" time="0"/>
  <testcase name="test_126" classname="net.mooctest.Othello_sub_10_0_Test" time="0.001"/>
  <testcase name="test_134" classname="net.mooctest.Othello_sub_10_0_Test" time="0"/>
  <testcase name="test_142" classname="net.mooctest.Othello_sub_10_0_Test" time="0"/>
  <testcase name="test_144" classname="net.mooctest.Othello_sub_10_0_Test" time="0"/>
  <testcase name="test_147" classname="net.mooctest.Othello_sub_10_0_Test" time="0"/>
  <testcase name="test_149" classname="net.mooctest.Othello_sub_10_0_Test" time="0.001"/>
  <testcase name="test_159" classname="net.mooctest.Othello_sub_10_0_Test" time="0"/>
  <testcase name="test_160" classname="net.mooctest.Othello_sub_10_0_Test" time="0"/>
  <testcase name="test_207" classname="net.mooctest.Othello_sub_10_0_Test" time="0"/>
  <testcase name="test_401" classname="net.mooctest.Othello_sub_10_0_Test" time="0"/>
  <testcase name="test_403" classname="net.mooctest.Othello_sub_10_0_Test" time="0"/>
  <testcase name="test_404" classname="net.mooctest.Othello_sub_10_0_Test" time="0.001"/>
  <testcase name="test_407" classname="net.mooctest.Othello_sub_10_0_Test" time="0"/>
  <testcase name="test_412" classname="net.mooctest.Othello_sub_10_0_Test" time="0"/>
  <testcase name="test_501" classname="net.mooctest.Othello_sub_10_0_Test" time="0"/>
  <testcase name="test_509" classname="net.mooctest.Othello_sub_10_0_Test" time="0"/>
  <testcase name="test_632" classname="net.mooctest.Othello_sub_10_0_Test" time="0"/>
  <testcase name="test_633" classname="net.mooctest.Othello_sub_10_0_Test" time="0"/>
  <testcase name="test_643" classname="net.mooctest.Othello_sub_10_0_Test" time="0"/>
  <testcase name="test_880" classname="net.mooctest.Othello_sub_10_0_Test" time="0.001"/>
  <testcase name="test_881" classname="net.mooctest.Othello_sub_10_0_Test" time="0"/>
  <testcase name="test_883" classname="net.mooctest.Othello_sub_10_0_Test" time="0.001"/>
  <testcase name="test_0" classname="net.mooctest.Othello_sub_10_0_Test" time="0.001"/>
  <testcase name="test_10110" classname="net.mooctest.Othello_sub_10_0_Test" time="0"/>
  <testcase name="test_10111" classname="net.mooctest.Othello_sub_10_0_Test" time="0.001"/>
  <testcase name="test_10218" classname="net.mooctest.Othello_sub_10_0_Test" time="0"/>
  <testcase name="test_10270" classname="net.mooctest.Othello_sub_10_0_Test" time="0"/>
  <testcase name="test_10285" classname="net.mooctest.Othello_sub_10_0_Test" time="0"/>
  <testcase name="test_10301" classname="net.mooctest.Othello_sub_10_0_Test" time="0"/>
  <testcase name="test_10306" classname="net.mooctest.Othello_sub_10_0_Test" time="0"/>
  <testcase name="test_10375" classname="net.mooctest.Othello_sub_10_0_Test" time="0"/>
  <testcase name="test_10400" classname="net.mooctest.Othello_sub_10_0_Test" time="0"/>
  <testcase name="test_10597" classname="net.mooctest.Othello_sub_10_0_Test" time="0"/>
  <testcase name="test_10623" classname="net.mooctest.Othello_sub_10_0_Test" time="0"/>
  <testcase name="test_10638" classname="net.mooctest.Othello_sub_10_0_Test" time="0"/>
  <testcase name="test_10648" classname="net.mooctest.Othello_sub_10_0_Test" time="0"/>
  <testcase name="test_10650" classname="net.mooctest.Othello_sub_10_0_Test" time="0"/>
  <testcase name="test_10716" classname="net.mooctest.Othello_sub_10_0_Test" time="0.001"/>
  <testcase name="test_10728" classname="net.mooctest.Othello_sub_10_0_Test" time="0"/>
  <testcase name="test_10737" classname="net.mooctest.Othello_sub_10_0_Test" time="0"/>
  <testcase name="test_10743" classname="net.mooctest.Othello_sub_10_0_Test" time="0"/>
  <testcase name="test_10747" classname="net.mooctest.Othello_sub_10_0_Test" time="0"/>
  <testcase name="test_10868" classname="net.mooctest.Othello_sub_10_0_Test" time="0"/>
  <testcase name="test_10949" classname="net.mooctest.Othello_sub_10_0_Test" time="0"/>
  <testcase name="test_10950" classname="net.mooctest.Othello_sub_10_0_Test" time="0.001"/>
  <testcase name="test_11580" classname="net.mooctest.Othello_sub_10_0_Test" time="0"/>
  <testcase name="test_11582" classname="net.mooctest.Othello_sub_10_0_Test" time="0"/>
</testsuite>